{
  "stats": {
    "suites": 3,
    "tests": 6,
    "passes": 0,
    "pending": 0,
    "failures": 6,
    "start": "2020-09-09T13:37:08.264Z",
    "end": "2020-09-09T13:37:12.505Z",
    "duration": 4241,
    "testsRegistered": 6,
    "passPercent": 0,
    "pendingPercent": 0,
    "other": 0,
    "hasOther": false,
    "skipped": 0,
    "hasSkipped": false
  },
  "results": [
    {
      "uuid": "94d2f95f-e915-4a35-89a5-fa7ba38e7a7e",
      "title": "",
      "fullFile": "cypress/integration/explore_by_ingredient_spec.js",
      "file": "cypress/integration/explore_by_ingredient_spec.js",
      "beforeHooks": [],
      "afterHooks": [],
      "tests": [],
      "suites": [
        {
          "uuid": "d57cafef-673f-4461-87eb-01400968cae7",
          "title": "Todos os elementos devem respeitar os atributos descritos no protótipo para a tela de explorar ingredientes",
          "fullFile": "",
          "file": "",
          "beforeHooks": [],
          "afterHooks": [],
          "tests": [
            {
              "title": "Tem os data-testids corretos para a tela de explorar comidas por ingredientes",
              "fullTitle": "Todos os elementos devem respeitar os atributos descritos no protótipo para a tela de explorar ingredientes Tem os data-testids corretos para a tela de explorar comidas por ingredientes",
              "timedOut": null,
              "duration": 740,
              "state": "failed",
              "speed": null,
              "pass": false,
              "fail": true,
              "pending": false,
              "context": null,
              "code": "cy.visit('http://localhost:3000/explorar/comidas/ingredientes');\nfor (var index = 0; index < 12; index += 1) {\n  cy.get(\"[data-testid=\\\"\".concat(index, \"-ingredient-card\\\"]\"));\n  cy.get(\"[data-testid=\\\"\".concat(index, \"-card-img\\\"]\"));\n  cy.get(\"[data-testid=\\\"\".concat(index, \"-card-name\\\"]\"));\n}\ncy.get('[data-testid=\"12-card\"]').should('not.exist');\ncy.get('[data-testid=\"12-card-img\"]').should('not.exist');\ncy.get('[data-testid=\"12-card-name\"]').should('not.exist');",
              "err": {
                "message": "CypressError: cy.visit() failed trying to load:\n\nhttp://localhost:3000/explorar/comidas/ingredientes\n\nWe attempted to make an http request to this URL but the request failed without a response.\n\nWe received this error at the network level:\n\n  > Error: connect ECONNREFUSED 127.0.0.1:3000\n\nCommon situations why this would fail:\n  - you don't have internet access\n  - you forgot to run / boot your web server\n  - your web server isn't accessible\n  - you have weird network configuration settings on your computer\n\nThe stack trace for this error is:\n\nError: connect ECONNREFUSED 127.0.0.1:3000\n    at TCPConnectWrap.afterConnect [as oncomplete] (net.js:1056:14)\n",
                "estack": "CypressError: cy.visit() failed trying to load:\n\nhttp://localhost:3000/explorar/comidas/ingredientes\n\nWe attempted to make an http request to this URL but the request failed without a response.\n\nWe received this error at the network level:\n\n  > Error: connect ECONNREFUSED 127.0.0.1:3000\n\nCommon situations why this would fail:\n  - you don't have internet access\n  - you forgot to run / boot your web server\n  - your web server isn't accessible\n  - you have weird network configuration settings on your computer\n\nThe stack trace for this error is:\n\nError: connect ECONNREFUSED 127.0.0.1:3000\n    at TCPConnectWrap.afterConnect [as oncomplete] (net.js:1056:14)\n\n    at Object.cypressErr (http://localhost:38767/__cypress/runner/cypress_runner.js:86207:11)\n    at Object.throwErr (http://localhost:38767/__cypress/runner/cypress_runner.js:86162:18)\n    at Object.throwErrByPath (http://localhost:38767/__cypress/runner/cypress_runner.js:86194:17)\n    at http://localhost:38767/__cypress/runner/cypress_runner.js:71500:31\n    at visitFailedByErr (http://localhost:38767/__cypress/runner/cypress_runner.js:71006:12)\n    at http://localhost:38767/__cypress/runner/cypress_runner.js:71499:22\n    at tryCatcher (http://localhost:38767/__cypress/runner/cypress_runner.js:120203:23)\n    at Promise._settlePromiseFromHandler (http://localhost:38767/__cypress/runner/cypress_runner.js:118139:31)\n    at Promise._settlePromise (http://localhost:38767/__cypress/runner/cypress_runner.js:118196:18)\n    at Promise._settlePromise0 (http://localhost:38767/__cypress/runner/cypress_runner.js:118241:10)\n    at Promise._settlePromises (http://localhost:38767/__cypress/runner/cypress_runner.js:118316:18)\n    at Async../node_modules/bluebird/js/release/async.js.Async._drainQueue (http://localhost:38767/__cypress/runner/cypress_runner.js:114928:16)\n    at Async../node_modules/bluebird/js/release/async.js.Async._drainQueues (http://localhost:38767/__cypress/runner/cypress_runner.js:114938:10)\n    at Async.drainQueues (http://localhost:38767/__cypress/runner/cypress_runner.js:114812:14)",
                "diff": null
              },
              "uuid": "09c7de66-0f67-45c3-8a03-af5338081b7c",
              "parentUUID": "d57cafef-673f-4461-87eb-01400968cae7",
              "isHook": false,
              "skipped": false
            },
            {
              "title": "Tem os data-testids corretos para a tela de explorar bebidas por ingredientes",
              "fullTitle": "Todos os elementos devem respeitar os atributos descritos no protótipo para a tela de explorar ingredientes Tem os data-testids corretos para a tela de explorar bebidas por ingredientes",
              "timedOut": null,
              "duration": 692,
              "state": "failed",
              "speed": null,
              "pass": false,
              "fail": true,
              "pending": false,
              "context": null,
              "code": "cy.visit('http://localhost:3000/explorar/bebidas/ingredientes');\nfor (var index = 0; index < 12; index += 1) {\n  cy.get(\"[data-testid=\\\"\".concat(index, \"-ingredient-card\\\"]\"));\n  cy.get(\"[data-testid=\\\"\".concat(index, \"-card-img\\\"]\"));\n  cy.get(\"[data-testid=\\\"\".concat(index, \"-card-name\\\"]\"));\n}\ncy.get('[data-testid=\"12-recipe-card\"]').should('not.exist');\ncy.get('[data-testid=\"12-card-img\"]').should('not.exist');\ncy.get('[data-testid=\"12-card-name\"]').should('not.exist');",
              "err": {
                "message": "CypressError: cy.visit() failed trying to load:\n\nhttp://localhost:3000/explorar/bebidas/ingredientes\n\nWe attempted to make an http request to this URL but the request failed without a response.\n\nWe received this error at the network level:\n\n  > Error: connect ECONNREFUSED 127.0.0.1:3000\n\nCommon situations why this would fail:\n  - you don't have internet access\n  - you forgot to run / boot your web server\n  - your web server isn't accessible\n  - you have weird network configuration settings on your computer\n\nThe stack trace for this error is:\n\nError: connect ECONNREFUSED 127.0.0.1:3000\n    at TCPConnectWrap.afterConnect [as oncomplete] (net.js:1056:14)\n",
                "estack": "CypressError: cy.visit() failed trying to load:\n\nhttp://localhost:3000/explorar/bebidas/ingredientes\n\nWe attempted to make an http request to this URL but the request failed without a response.\n\nWe received this error at the network level:\n\n  > Error: connect ECONNREFUSED 127.0.0.1:3000\n\nCommon situations why this would fail:\n  - you don't have internet access\n  - you forgot to run / boot your web server\n  - your web server isn't accessible\n  - you have weird network configuration settings on your computer\n\nThe stack trace for this error is:\n\nError: connect ECONNREFUSED 127.0.0.1:3000\n    at TCPConnectWrap.afterConnect [as oncomplete] (net.js:1056:14)\n\n    at Object.cypressErr (http://localhost:38767/__cypress/runner/cypress_runner.js:86207:11)\n    at Object.throwErr (http://localhost:38767/__cypress/runner/cypress_runner.js:86162:18)\n    at Object.throwErrByPath (http://localhost:38767/__cypress/runner/cypress_runner.js:86194:17)\n    at http://localhost:38767/__cypress/runner/cypress_runner.js:71500:31\n    at visitFailedByErr (http://localhost:38767/__cypress/runner/cypress_runner.js:71006:12)\n    at http://localhost:38767/__cypress/runner/cypress_runner.js:71499:22\n    at tryCatcher (http://localhost:38767/__cypress/runner/cypress_runner.js:120203:23)\n    at Promise._settlePromiseFromHandler (http://localhost:38767/__cypress/runner/cypress_runner.js:118139:31)\n    at Promise._settlePromise (http://localhost:38767/__cypress/runner/cypress_runner.js:118196:18)\n    at Promise._settlePromise0 (http://localhost:38767/__cypress/runner/cypress_runner.js:118241:10)\n    at Promise._settlePromises (http://localhost:38767/__cypress/runner/cypress_runner.js:118316:18)\n    at Async../node_modules/bluebird/js/release/async.js.Async._drainQueue (http://localhost:38767/__cypress/runner/cypress_runner.js:114928:16)\n    at Async../node_modules/bluebird/js/release/async.js.Async._drainQueues (http://localhost:38767/__cypress/runner/cypress_runner.js:114938:10)\n    at Async.drainQueues (http://localhost:38767/__cypress/runner/cypress_runner.js:114812:14)",
                "diff": null
              },
              "uuid": "a8fcdcc1-60fb-4274-9b5b-e1c97dddbbe4",
              "parentUUID": "d57cafef-673f-4461-87eb-01400968cae7",
              "isHook": false,
              "skipped": false
            }
          ],
          "suites": [],
          "passes": [],
          "failures": [
            "09c7de66-0f67-45c3-8a03-af5338081b7c",
            "a8fcdcc1-60fb-4274-9b5b-e1c97dddbbe4"
          ],
          "pending": [],
          "skipped": [],
          "duration": 1432,
          "root": false,
          "rootEmpty": false,
          "_timeout": 2000
        },
        {
          "uuid": "b3609ad0-4527-4bb7-880a-36e76edc06cd",
          "title": "A tela deve ter cards para os 12 primeiros ingredientes, de forma que cada card contêm: o nome do ingrediente e uma foto",
          "fullFile": "",
          "file": "",
          "beforeHooks": [],
          "afterHooks": [],
          "tests": [
            {
              "title": "Tem o nome e a foto corretos para a tela de explorar comidas por ingredientes",
              "fullTitle": "A tela deve ter cards para os 12 primeiros ingredientes, de forma que cada card contêm: o nome do ingrediente e uma foto Tem o nome e a foto corretos para a tela de explorar comidas por ingredientes",
              "timedOut": null,
              "duration": 692,
              "state": "failed",
              "speed": null,
              "pass": false,
              "fail": true,
              "pending": false,
              "context": null,
              "code": "cy.visit('http://localhost:3000/explorar/comidas/ingredientes', {\n  onBeforeLoad: function onBeforeLoad(win) {\n    win.fetch = fetchMock;\n  }\n});\nmealIngredientsMock.meals.slice(0, 12).forEach(function (_ref, index) {\n  var ingredient = _ref.strIngredient;\n  cy.get(\"[data-testid=\\\"\".concat(index, \"-card-img\\\"]\")).should('have.attr', 'src').should('include', \"https://www.themealdb.com/images/ingredients/\".concat(ingredient, \"-Small.png\"));\n  cy.get(\"[data-testid=\\\"\".concat(index, \"-card-name\\\"]\")).contains(ingredient);\n});\ncy.get('[data-testid=\"12-card\"]').should('not.exist');\ncy.get('[data-testid=\"12-card-img\"]').should('not.exist');\ncy.get('[data-testid=\"12-card-name\"]').should('not.exist');",
              "err": {
                "message": "CypressError: cy.visit() failed trying to load:\n\nhttp://localhost:3000/explorar/comidas/ingredientes\n\nWe attempted to make an http request to this URL but the request failed without a response.\n\nWe received this error at the network level:\n\n  > Error: connect ECONNREFUSED 127.0.0.1:3000\n\nCommon situations why this would fail:\n  - you don't have internet access\n  - you forgot to run / boot your web server\n  - your web server isn't accessible\n  - you have weird network configuration settings on your computer\n\nThe stack trace for this error is:\n\nError: connect ECONNREFUSED 127.0.0.1:3000\n    at TCPConnectWrap.afterConnect [as oncomplete] (net.js:1056:14)\n",
                "estack": "CypressError: cy.visit() failed trying to load:\n\nhttp://localhost:3000/explorar/comidas/ingredientes\n\nWe attempted to make an http request to this URL but the request failed without a response.\n\nWe received this error at the network level:\n\n  > Error: connect ECONNREFUSED 127.0.0.1:3000\n\nCommon situations why this would fail:\n  - you don't have internet access\n  - you forgot to run / boot your web server\n  - your web server isn't accessible\n  - you have weird network configuration settings on your computer\n\nThe stack trace for this error is:\n\nError: connect ECONNREFUSED 127.0.0.1:3000\n    at TCPConnectWrap.afterConnect [as oncomplete] (net.js:1056:14)\n\n    at Object.cypressErr (http://localhost:38767/__cypress/runner/cypress_runner.js:86207:11)\n    at Object.throwErr (http://localhost:38767/__cypress/runner/cypress_runner.js:86162:18)\n    at Object.throwErrByPath (http://localhost:38767/__cypress/runner/cypress_runner.js:86194:17)\n    at http://localhost:38767/__cypress/runner/cypress_runner.js:71500:31\n    at visitFailedByErr (http://localhost:38767/__cypress/runner/cypress_runner.js:71006:12)\n    at http://localhost:38767/__cypress/runner/cypress_runner.js:71499:22\n    at tryCatcher (http://localhost:38767/__cypress/runner/cypress_runner.js:120203:23)\n    at Promise._settlePromiseFromHandler (http://localhost:38767/__cypress/runner/cypress_runner.js:118139:31)\n    at Promise._settlePromise (http://localhost:38767/__cypress/runner/cypress_runner.js:118196:18)\n    at Promise._settlePromise0 (http://localhost:38767/__cypress/runner/cypress_runner.js:118241:10)\n    at Promise._settlePromises (http://localhost:38767/__cypress/runner/cypress_runner.js:118316:18)\n    at Async../node_modules/bluebird/js/release/async.js.Async._drainQueue (http://localhost:38767/__cypress/runner/cypress_runner.js:114928:16)\n    at Async../node_modules/bluebird/js/release/async.js.Async._drainQueues (http://localhost:38767/__cypress/runner/cypress_runner.js:114938:10)\n    at Async.drainQueues (http://localhost:38767/__cypress/runner/cypress_runner.js:114812:14)",
                "diff": null
              },
              "uuid": "5245d8d5-097d-4774-8445-40406cb7120e",
              "parentUUID": "b3609ad0-4527-4bb7-880a-36e76edc06cd",
              "isHook": false,
              "skipped": false
            },
            {
              "title": "Tem o nome e a foto corretos para a tela de explorar bebidas por ingredientes",
              "fullTitle": "A tela deve ter cards para os 12 primeiros ingredientes, de forma que cada card contêm: o nome do ingrediente e uma foto Tem o nome e a foto corretos para a tela de explorar bebidas por ingredientes",
              "timedOut": null,
              "duration": 681,
              "state": "failed",
              "speed": null,
              "pass": false,
              "fail": true,
              "pending": false,
              "context": null,
              "code": "cy.visit('http://localhost:3000/explorar/bebidas/ingredientes', {\n  onBeforeLoad: function onBeforeLoad(win) {\n    win.fetch = fetchMock;\n  }\n});\ndrinkIngredientsMock.drinks.slice(0, 12).forEach(function (_ref2, index) {\n  var ingredient = _ref2.strIngredient1;\n  cy.get(\"[data-testid=\\\"\".concat(index, \"-card-img\\\"]\")).should('have.attr', 'src').should('include', \"https://www.thecocktaildb.com/images/ingredients/\".concat(ingredient, \"-Small.png\"));\n  cy.get(\"[data-testid=\\\"\".concat(index, \"-card-name\\\"]\")).contains(ingredient);\n});\ncy.get('[data-testid=\"12-recipe-card\"]').should('not.exist');\ncy.get('[data-testid=\"12-card-img\"]').should('not.exist');\ncy.get('[data-testid=\"12-card-name\"]').should('not.exist');",
              "err": {
                "message": "CypressError: cy.visit() failed trying to load:\n\nhttp://localhost:3000/explorar/bebidas/ingredientes\n\nWe attempted to make an http request to this URL but the request failed without a response.\n\nWe received this error at the network level:\n\n  > Error: connect ECONNREFUSED 127.0.0.1:3000\n\nCommon situations why this would fail:\n  - you don't have internet access\n  - you forgot to run / boot your web server\n  - your web server isn't accessible\n  - you have weird network configuration settings on your computer\n\nThe stack trace for this error is:\n\nError: connect ECONNREFUSED 127.0.0.1:3000\n    at TCPConnectWrap.afterConnect [as oncomplete] (net.js:1056:14)\n",
                "estack": "CypressError: cy.visit() failed trying to load:\n\nhttp://localhost:3000/explorar/bebidas/ingredientes\n\nWe attempted to make an http request to this URL but the request failed without a response.\n\nWe received this error at the network level:\n\n  > Error: connect ECONNREFUSED 127.0.0.1:3000\n\nCommon situations why this would fail:\n  - you don't have internet access\n  - you forgot to run / boot your web server\n  - your web server isn't accessible\n  - you have weird network configuration settings on your computer\n\nThe stack trace for this error is:\n\nError: connect ECONNREFUSED 127.0.0.1:3000\n    at TCPConnectWrap.afterConnect [as oncomplete] (net.js:1056:14)\n\n    at Object.cypressErr (http://localhost:38767/__cypress/runner/cypress_runner.js:86207:11)\n    at Object.throwErr (http://localhost:38767/__cypress/runner/cypress_runner.js:86162:18)\n    at Object.throwErrByPath (http://localhost:38767/__cypress/runner/cypress_runner.js:86194:17)\n    at http://localhost:38767/__cypress/runner/cypress_runner.js:71500:31\n    at visitFailedByErr (http://localhost:38767/__cypress/runner/cypress_runner.js:71006:12)\n    at http://localhost:38767/__cypress/runner/cypress_runner.js:71499:22\n    at tryCatcher (http://localhost:38767/__cypress/runner/cypress_runner.js:120203:23)\n    at Promise._settlePromiseFromHandler (http://localhost:38767/__cypress/runner/cypress_runner.js:118139:31)\n    at Promise._settlePromise (http://localhost:38767/__cypress/runner/cypress_runner.js:118196:18)\n    at Promise._settlePromise0 (http://localhost:38767/__cypress/runner/cypress_runner.js:118241:10)\n    at Promise._settlePromises (http://localhost:38767/__cypress/runner/cypress_runner.js:118316:18)\n    at Async../node_modules/bluebird/js/release/async.js.Async._drainQueue (http://localhost:38767/__cypress/runner/cypress_runner.js:114928:16)\n    at Async../node_modules/bluebird/js/release/async.js.Async._drainQueues (http://localhost:38767/__cypress/runner/cypress_runner.js:114938:10)\n    at Async.drainQueues (http://localhost:38767/__cypress/runner/cypress_runner.js:114812:14)",
                "diff": null
              },
              "uuid": "deda17e4-202c-47e6-a88b-0c52618019bb",
              "parentUUID": "b3609ad0-4527-4bb7-880a-36e76edc06cd",
              "isHook": false,
              "skipped": false
            }
          ],
          "suites": [],
          "passes": [],
          "failures": [
            "5245d8d5-097d-4774-8445-40406cb7120e",
            "deda17e4-202c-47e6-a88b-0c52618019bb"
          ],
          "pending": [],
          "skipped": [],
          "duration": 1373,
          "root": false,
          "rootEmpty": false,
          "_timeout": 2000
        },
        {
          "uuid": "1ca7ae2f-4526-4820-ba84-6a7568f8a5fc",
          "title": "Ao clicar no card do ingrediente a rota deve mudar para tela principal de receitas, mas mostrando apenas as receitas que contém o ingrediente escolhido",
          "fullFile": "",
          "file": "",
          "beforeHooks": [],
          "afterHooks": [],
          "tests": [
            {
              "title": "Ao clicar no card do ingrediente da tela de explorar comidas por ingrediente a rota muda para a tela principal de receitas filtrada pelo ingrediente",
              "fullTitle": "Ao clicar no card do ingrediente a rota deve mudar para tela principal de receitas, mas mostrando apenas as receitas que contém o ingrediente escolhido Ao clicar no card do ingrediente da tela de explorar comidas por ingrediente a rota muda para a tela principal de receitas filtrada pelo ingrediente",
              "timedOut": null,
              "duration": 690,
              "state": "failed",
              "speed": null,
              "pass": false,
              "fail": true,
              "pending": false,
              "context": null,
              "code": "cy.visit('http://localhost:3000/explorar/comidas/ingredientes', {\n  onBeforeLoad: function onBeforeLoad(win) {\n    win.fetch = fetchMock;\n  }\n});\ncy.get('[data-testid=\"0-ingredient-card\"]').click();\nmealsByIngredientMock.meals.slice(0, 12).forEach(function (meal, index) {\n  cy.get(\"[data-testid=\\\"\".concat(index, \"-recipe-card\\\"]\"));\n  cy.get(\"[data-testid=\\\"\".concat(index, \"-card-img\\\"]\")).should('have.attr', 'src').should('include', meal['strMealThumb']);\n  cy.get(\"[data-testid=\\\"\".concat(index, \"-card-name\\\"]\")).contains(meal['strMeal']);\n});\ncy.get('[data-testid=\"12-recipe-card\"]').should('not.exist');\ncy.get('[data-testid=\"12-card-img\"]').should('not.exist');\ncy.get('[data-testid=\"12-card-name\"]').should('not.exist');",
              "err": {
                "message": "CypressError: cy.visit() failed trying to load:\n\nhttp://localhost:3000/explorar/comidas/ingredientes\n\nWe attempted to make an http request to this URL but the request failed without a response.\n\nWe received this error at the network level:\n\n  > Error: connect ECONNREFUSED 127.0.0.1:3000\n\nCommon situations why this would fail:\n  - you don't have internet access\n  - you forgot to run / boot your web server\n  - your web server isn't accessible\n  - you have weird network configuration settings on your computer\n\nThe stack trace for this error is:\n\nError: connect ECONNREFUSED 127.0.0.1:3000\n    at TCPConnectWrap.afterConnect [as oncomplete] (net.js:1056:14)\n",
                "estack": "CypressError: cy.visit() failed trying to load:\n\nhttp://localhost:3000/explorar/comidas/ingredientes\n\nWe attempted to make an http request to this URL but the request failed without a response.\n\nWe received this error at the network level:\n\n  > Error: connect ECONNREFUSED 127.0.0.1:3000\n\nCommon situations why this would fail:\n  - you don't have internet access\n  - you forgot to run / boot your web server\n  - your web server isn't accessible\n  - you have weird network configuration settings on your computer\n\nThe stack trace for this error is:\n\nError: connect ECONNREFUSED 127.0.0.1:3000\n    at TCPConnectWrap.afterConnect [as oncomplete] (net.js:1056:14)\n\n    at Object.cypressErr (http://localhost:38767/__cypress/runner/cypress_runner.js:86207:11)\n    at Object.throwErr (http://localhost:38767/__cypress/runner/cypress_runner.js:86162:18)\n    at Object.throwErrByPath (http://localhost:38767/__cypress/runner/cypress_runner.js:86194:17)\n    at http://localhost:38767/__cypress/runner/cypress_runner.js:71500:31\n    at visitFailedByErr (http://localhost:38767/__cypress/runner/cypress_runner.js:71006:12)\n    at http://localhost:38767/__cypress/runner/cypress_runner.js:71499:22\n    at tryCatcher (http://localhost:38767/__cypress/runner/cypress_runner.js:120203:23)\n    at Promise._settlePromiseFromHandler (http://localhost:38767/__cypress/runner/cypress_runner.js:118139:31)\n    at Promise._settlePromise (http://localhost:38767/__cypress/runner/cypress_runner.js:118196:18)\n    at Promise._settlePromise0 (http://localhost:38767/__cypress/runner/cypress_runner.js:118241:10)\n    at Promise._settlePromises (http://localhost:38767/__cypress/runner/cypress_runner.js:118316:18)\n    at Async../node_modules/bluebird/js/release/async.js.Async._drainQueue (http://localhost:38767/__cypress/runner/cypress_runner.js:114928:16)\n    at Async../node_modules/bluebird/js/release/async.js.Async._drainQueues (http://localhost:38767/__cypress/runner/cypress_runner.js:114938:10)\n    at Async.drainQueues (http://localhost:38767/__cypress/runner/cypress_runner.js:114812:14)",
                "diff": null
              },
              "uuid": "dec74e2a-0042-461b-9857-4915ec8facc4",
              "parentUUID": "1ca7ae2f-4526-4820-ba84-6a7568f8a5fc",
              "isHook": false,
              "skipped": false
            },
            {
              "title": "Ao clicar no card do ingrediente da tela de explorar bebidas por ingrediente a rota muda para a tela principal de receitas filtrada pelo ingrediente",
              "fullTitle": "Ao clicar no card do ingrediente a rota deve mudar para tela principal de receitas, mas mostrando apenas as receitas que contém o ingrediente escolhido Ao clicar no card do ingrediente da tela de explorar bebidas por ingrediente a rota muda para a tela principal de receitas filtrada pelo ingrediente",
              "timedOut": null,
              "duration": 704,
              "state": "failed",
              "speed": null,
              "pass": false,
              "fail": true,
              "pending": false,
              "context": null,
              "code": "cy.visit('http://localhost:3000/explorar/bebidas/ingredientes', {\n  onBeforeLoad: function onBeforeLoad(win) {\n    win.fetch = fetchMock;\n  }\n});\ncy.get('[data-testid=\"0-ingredient-card\"]').click();\ndrinksByIngredientMock.drinks.slice(0, 12).forEach(function (drink, index) {\n  cy.get(\"[data-testid=\\\"\".concat(index, \"-recipe-card\\\"]\"));\n  cy.get(\"[data-testid=\\\"\".concat(index, \"-card-img\\\"]\")).should('have.attr', 'src').should('include', drink['strDrinkThumb']);\n  cy.get(\"[data-testid=\\\"\".concat(index, \"-card-name\\\"]\")).contains(drink['strDrink']);\n});\ncy.get('[data-testid=\"12-recipe-card\"]').should('not.exist');\ncy.get('[data-testid=\"12-card-img\"]').should('not.exist');\ncy.get('[data-testid=\"12-card-name\"]').should('not.exist');",
              "err": {
                "message": "CypressError: cy.visit() failed trying to load:\n\nhttp://localhost:3000/explorar/bebidas/ingredientes\n\nWe attempted to make an http request to this URL but the request failed without a response.\n\nWe received this error at the network level:\n\n  > Error: connect ECONNREFUSED 127.0.0.1:3000\n\nCommon situations why this would fail:\n  - you don't have internet access\n  - you forgot to run / boot your web server\n  - your web server isn't accessible\n  - you have weird network configuration settings on your computer\n\nThe stack trace for this error is:\n\nError: connect ECONNREFUSED 127.0.0.1:3000\n    at TCPConnectWrap.afterConnect [as oncomplete] (net.js:1056:14)\n",
                "estack": "CypressError: cy.visit() failed trying to load:\n\nhttp://localhost:3000/explorar/bebidas/ingredientes\n\nWe attempted to make an http request to this URL but the request failed without a response.\n\nWe received this error at the network level:\n\n  > Error: connect ECONNREFUSED 127.0.0.1:3000\n\nCommon situations why this would fail:\n  - you don't have internet access\n  - you forgot to run / boot your web server\n  - your web server isn't accessible\n  - you have weird network configuration settings on your computer\n\nThe stack trace for this error is:\n\nError: connect ECONNREFUSED 127.0.0.1:3000\n    at TCPConnectWrap.afterConnect [as oncomplete] (net.js:1056:14)\n\n    at Object.cypressErr (http://localhost:38767/__cypress/runner/cypress_runner.js:86207:11)\n    at Object.throwErr (http://localhost:38767/__cypress/runner/cypress_runner.js:86162:18)\n    at Object.throwErrByPath (http://localhost:38767/__cypress/runner/cypress_runner.js:86194:17)\n    at http://localhost:38767/__cypress/runner/cypress_runner.js:71500:31\n    at visitFailedByErr (http://localhost:38767/__cypress/runner/cypress_runner.js:71006:12)\n    at http://localhost:38767/__cypress/runner/cypress_runner.js:71499:22\n    at tryCatcher (http://localhost:38767/__cypress/runner/cypress_runner.js:120203:23)\n    at Promise._settlePromiseFromHandler (http://localhost:38767/__cypress/runner/cypress_runner.js:118139:31)\n    at Promise._settlePromise (http://localhost:38767/__cypress/runner/cypress_runner.js:118196:18)\n    at Promise._settlePromise0 (http://localhost:38767/__cypress/runner/cypress_runner.js:118241:10)\n    at Promise._settlePromises (http://localhost:38767/__cypress/runner/cypress_runner.js:118316:18)\n    at Async../node_modules/bluebird/js/release/async.js.Async._drainQueue (http://localhost:38767/__cypress/runner/cypress_runner.js:114928:16)\n    at Async../node_modules/bluebird/js/release/async.js.Async._drainQueues (http://localhost:38767/__cypress/runner/cypress_runner.js:114938:10)\n    at Async.drainQueues (http://localhost:38767/__cypress/runner/cypress_runner.js:114812:14)",
                "diff": null
              },
              "uuid": "4291ff62-58f9-4de1-bc06-cfae0fe60338",
              "parentUUID": "1ca7ae2f-4526-4820-ba84-6a7568f8a5fc",
              "isHook": false,
              "skipped": false
            }
          ],
          "suites": [],
          "passes": [],
          "failures": [
            "dec74e2a-0042-461b-9857-4915ec8facc4",
            "4291ff62-58f9-4de1-bc06-cfae0fe60338"
          ],
          "pending": [],
          "skipped": [],
          "duration": 1394,
          "root": false,
          "rootEmpty": false,
          "_timeout": 2000
        }
      ],
      "passes": [],
      "failures": [],
      "pending": [],
      "skipped": [],
      "duration": 0,
      "root": true,
      "rootEmpty": true,
      "_timeout": 2000
    }
  ],
  "meta": {
    "mocha": {
      "version": "8.0.1"
    },
    "mochawesome": {
      "options": {
        "quiet": false,
        "reportFilename": "mochawesome",
        "saveHtml": false,
        "saveJson": true,
        "consoleReporter": "spec",
        "useInlineDiffs": false,
        "code": true
      },
      "version": "6.1.1"
    },
    "marge": {
      "options": {
        "id": "default",
        "reportDir": "cypress/reports",
        "overwrite": false,
        "html": false,
        "json": true
      },
      "version": "5.1.0"
    }
  }
}