{
  "stats": {
    "suites": 14,
    "tests": 32,
    "passes": 0,
    "pending": 0,
    "failures": 32,
    "start": "2020-09-09T13:38:16.277Z",
    "end": "2020-09-09T13:38:40.894Z",
    "duration": 24617,
    "testsRegistered": 32,
    "passPercent": 0,
    "pendingPercent": 0,
    "other": 0,
    "hasOther": false,
    "skipped": 0,
    "hasSkipped": false
  },
  "results": [
    {
      "uuid": "4ac8221f-432b-4c44-a647-da73fe63b083",
      "title": "",
      "fullFile": "cypress/integration/recipe_detail_spec.js",
      "file": "cypress/integration/recipe_detail_spec.js",
      "beforeHooks": [],
      "afterHooks": [],
      "tests": [],
      "suites": [
        {
          "uuid": "6700bb32-7552-4d2e-8eb4-e11619a3350a",
          "title": "Todos os elementos devem respeitar os atributos descritos no protótipo para a tela de detalhes de uma receita",
          "fullFile": "",
          "file": "",
          "beforeHooks": [],
          "afterHooks": [],
          "tests": [
            {
              "title": "A tela de comida possui todos os atributos data-testid",
              "fullTitle": "Todos os elementos devem respeitar os atributos descritos no protótipo para a tela de detalhes de uma receita A tela de comida possui todos os atributos data-testid",
              "timedOut": null,
              "duration": 735,
              "state": "failed",
              "speed": null,
              "pass": false,
              "fail": true,
              "pending": false,
              "context": null,
              "code": "cy.visit('http://localhost:3000/comidas/52771', {\n  onBeforeLoad: function onBeforeLoad(win) {\n    win.fetch = fetchMock;\n  }\n});\ncy.get('[data-testid=\"recipe-photo\"]');\ncy.get('[data-testid=\"recipe-title\"]');\ncy.get('[data-testid=\"share-btn\"]');\ncy.get('[data-testid=\"favorite-btn\"]');\ncy.get('[data-testid=\"recipe-category\"]');\ncy.get('[data-testid=\"0-ingredient-name-and-measure\"]');\ncy.get('[data-testid=\"instructions\"]');\ncy.get('[data-testid=\"video\"]');\ncy.get('[data-testid=\"0-recomendation-card\"]');\ncy.get('[data-testid=\"start-recipe-btn\"]');",
              "err": {
                "message": "CypressError: cy.visit() failed trying to load:\n\nhttp://localhost:3000/comidas/52771\n\nWe attempted to make an http request to this URL but the request failed without a response.\n\nWe received this error at the network level:\n\n  > Error: connect ECONNREFUSED 127.0.0.1:3000\n\nCommon situations why this would fail:\n  - you don't have internet access\n  - you forgot to run / boot your web server\n  - your web server isn't accessible\n  - you have weird network configuration settings on your computer\n\nThe stack trace for this error is:\n\nError: connect ECONNREFUSED 127.0.0.1:3000\n    at TCPConnectWrap.afterConnect [as oncomplete] (net.js:1056:14)\n",
                "estack": "CypressError: cy.visit() failed trying to load:\n\nhttp://localhost:3000/comidas/52771\n\nWe attempted to make an http request to this URL but the request failed without a response.\n\nWe received this error at the network level:\n\n  > Error: connect ECONNREFUSED 127.0.0.1:3000\n\nCommon situations why this would fail:\n  - you don't have internet access\n  - you forgot to run / boot your web server\n  - your web server isn't accessible\n  - you have weird network configuration settings on your computer\n\nThe stack trace for this error is:\n\nError: connect ECONNREFUSED 127.0.0.1:3000\n    at TCPConnectWrap.afterConnect [as oncomplete] (net.js:1056:14)\n\n    at Object.cypressErr (http://localhost:38767/__cypress/runner/cypress_runner.js:86207:11)\n    at Object.throwErr (http://localhost:38767/__cypress/runner/cypress_runner.js:86162:18)\n    at Object.throwErrByPath (http://localhost:38767/__cypress/runner/cypress_runner.js:86194:17)\n    at http://localhost:38767/__cypress/runner/cypress_runner.js:71500:31\n    at visitFailedByErr (http://localhost:38767/__cypress/runner/cypress_runner.js:71006:12)\n    at http://localhost:38767/__cypress/runner/cypress_runner.js:71499:22\n    at tryCatcher (http://localhost:38767/__cypress/runner/cypress_runner.js:120203:23)\n    at Promise._settlePromiseFromHandler (http://localhost:38767/__cypress/runner/cypress_runner.js:118139:31)\n    at Promise._settlePromise (http://localhost:38767/__cypress/runner/cypress_runner.js:118196:18)\n    at Promise._settlePromise0 (http://localhost:38767/__cypress/runner/cypress_runner.js:118241:10)\n    at Promise._settlePromises (http://localhost:38767/__cypress/runner/cypress_runner.js:118316:18)\n    at Async../node_modules/bluebird/js/release/async.js.Async._drainQueue (http://localhost:38767/__cypress/runner/cypress_runner.js:114928:16)\n    at Async../node_modules/bluebird/js/release/async.js.Async._drainQueues (http://localhost:38767/__cypress/runner/cypress_runner.js:114938:10)\n    at Async.drainQueues (http://localhost:38767/__cypress/runner/cypress_runner.js:114812:14)",
                "diff": null
              },
              "uuid": "9397f9a9-cb47-4c81-948d-c94a3bba2968",
              "parentUUID": "6700bb32-7552-4d2e-8eb4-e11619a3350a",
              "isHook": false,
              "skipped": false
            },
            {
              "title": "A tela de bebidas possui todos os atributos data-testid",
              "fullTitle": "Todos os elementos devem respeitar os atributos descritos no protótipo para a tela de detalhes de uma receita A tela de bebidas possui todos os atributos data-testid",
              "timedOut": null,
              "duration": 696,
              "state": "failed",
              "speed": null,
              "pass": false,
              "fail": true,
              "pending": false,
              "context": null,
              "code": "cy.visit('http://localhost:3000/bebidas/178319', {\n  onBeforeLoad: function onBeforeLoad(win) {\n    win.fetch = fetchMock;\n  }\n});\ncy.get('[data-testid=\"recipe-photo\"]');\ncy.get('[data-testid=\"recipe-title\"]');\ncy.get('[data-testid=\"share-btn\"]');\ncy.get('[data-testid=\"favorite-btn\"]');\ncy.get('[data-testid=\"recipe-category\"]');\ncy.get('[data-testid=\"0-ingredient-name-and-measure\"]');\ncy.get('[data-testid=\"instructions\"]');\ncy.get('[data-testid=\"0-recomendation-card\"]');\ncy.get('[data-testid=\"start-recipe-btn\"]');",
              "err": {
                "message": "CypressError: cy.visit() failed trying to load:\n\nhttp://localhost:3000/bebidas/178319\n\nWe attempted to make an http request to this URL but the request failed without a response.\n\nWe received this error at the network level:\n\n  > Error: connect ECONNREFUSED 127.0.0.1:3000\n\nCommon situations why this would fail:\n  - you don't have internet access\n  - you forgot to run / boot your web server\n  - your web server isn't accessible\n  - you have weird network configuration settings on your computer\n\nThe stack trace for this error is:\n\nError: connect ECONNREFUSED 127.0.0.1:3000\n    at TCPConnectWrap.afterConnect [as oncomplete] (net.js:1056:14)\n",
                "estack": "CypressError: cy.visit() failed trying to load:\n\nhttp://localhost:3000/bebidas/178319\n\nWe attempted to make an http request to this URL but the request failed without a response.\n\nWe received this error at the network level:\n\n  > Error: connect ECONNREFUSED 127.0.0.1:3000\n\nCommon situations why this would fail:\n  - you don't have internet access\n  - you forgot to run / boot your web server\n  - your web server isn't accessible\n  - you have weird network configuration settings on your computer\n\nThe stack trace for this error is:\n\nError: connect ECONNREFUSED 127.0.0.1:3000\n    at TCPConnectWrap.afterConnect [as oncomplete] (net.js:1056:14)\n\n    at Object.cypressErr (http://localhost:38767/__cypress/runner/cypress_runner.js:86207:11)\n    at Object.throwErr (http://localhost:38767/__cypress/runner/cypress_runner.js:86162:18)\n    at Object.throwErrByPath (http://localhost:38767/__cypress/runner/cypress_runner.js:86194:17)\n    at http://localhost:38767/__cypress/runner/cypress_runner.js:71500:31\n    at visitFailedByErr (http://localhost:38767/__cypress/runner/cypress_runner.js:71006:12)\n    at http://localhost:38767/__cypress/runner/cypress_runner.js:71499:22\n    at tryCatcher (http://localhost:38767/__cypress/runner/cypress_runner.js:120203:23)\n    at Promise._settlePromiseFromHandler (http://localhost:38767/__cypress/runner/cypress_runner.js:118139:31)\n    at Promise._settlePromise (http://localhost:38767/__cypress/runner/cypress_runner.js:118196:18)\n    at Promise._settlePromise0 (http://localhost:38767/__cypress/runner/cypress_runner.js:118241:10)\n    at Promise._settlePromises (http://localhost:38767/__cypress/runner/cypress_runner.js:118316:18)\n    at Async../node_modules/bluebird/js/release/async.js.Async._drainQueue (http://localhost:38767/__cypress/runner/cypress_runner.js:114928:16)\n    at Async../node_modules/bluebird/js/release/async.js.Async._drainQueues (http://localhost:38767/__cypress/runner/cypress_runner.js:114938:10)\n    at Async.drainQueues (http://localhost:38767/__cypress/runner/cypress_runner.js:114812:14)",
                "diff": null
              },
              "uuid": "8cd0f6ac-5709-439e-a379-7fbe778c0d27",
              "parentUUID": "6700bb32-7552-4d2e-8eb4-e11619a3350a",
              "isHook": false,
              "skipped": false
            }
          ],
          "suites": [],
          "passes": [],
          "failures": [
            "9397f9a9-cb47-4c81-948d-c94a3bba2968",
            "8cd0f6ac-5709-439e-a379-7fbe778c0d27"
          ],
          "pending": [],
          "skipped": [],
          "duration": 1431,
          "root": false,
          "rootEmpty": false,
          "_timeout": 2000
        },
        {
          "uuid": "f4771c6a-d538-4923-9d14-1fcfedc04ad7",
          "title": "Uma request para a API deve ser feita passando o `id` da receita que deve estar disponível nos parâmetros da URL",
          "fullFile": "",
          "file": "",
          "beforeHooks": [],
          "afterHooks": [],
          "tests": [
            {
              "title": "Verifica se a requisição para a API de comidas foi realizada",
              "fullTitle": "Uma request para a API deve ser feita passando o `id` da receita que deve estar disponível nos parâmetros da URL Verifica se a requisição para a API de comidas foi realizada",
              "timedOut": null,
              "duration": 683,
              "state": "failed",
              "speed": null,
              "pass": false,
              "fail": true,
              "pending": false,
              "context": null,
              "code": "cy.visit('http://localhost:3000/comidas/52771', {\n  onBeforeLoad: function onBeforeLoad(win) {\n    cy.spy(win, 'fetch');\n  }\n});\ncy.window().its('fetch').should('be.calledWith', 'https://www.themealdb.com/api/json/v1/1/lookup.php?i=52771');",
              "err": {
                "message": "CypressError: cy.visit() failed trying to load:\n\nhttp://localhost:3000/comidas/52771\n\nWe attempted to make an http request to this URL but the request failed without a response.\n\nWe received this error at the network level:\n\n  > Error: connect ECONNREFUSED 127.0.0.1:3000\n\nCommon situations why this would fail:\n  - you don't have internet access\n  - you forgot to run / boot your web server\n  - your web server isn't accessible\n  - you have weird network configuration settings on your computer\n\nThe stack trace for this error is:\n\nError: connect ECONNREFUSED 127.0.0.1:3000\n    at TCPConnectWrap.afterConnect [as oncomplete] (net.js:1056:14)\n",
                "estack": "CypressError: cy.visit() failed trying to load:\n\nhttp://localhost:3000/comidas/52771\n\nWe attempted to make an http request to this URL but the request failed without a response.\n\nWe received this error at the network level:\n\n  > Error: connect ECONNREFUSED 127.0.0.1:3000\n\nCommon situations why this would fail:\n  - you don't have internet access\n  - you forgot to run / boot your web server\n  - your web server isn't accessible\n  - you have weird network configuration settings on your computer\n\nThe stack trace for this error is:\n\nError: connect ECONNREFUSED 127.0.0.1:3000\n    at TCPConnectWrap.afterConnect [as oncomplete] (net.js:1056:14)\n\n    at Object.cypressErr (http://localhost:38767/__cypress/runner/cypress_runner.js:86207:11)\n    at Object.throwErr (http://localhost:38767/__cypress/runner/cypress_runner.js:86162:18)\n    at Object.throwErrByPath (http://localhost:38767/__cypress/runner/cypress_runner.js:86194:17)\n    at http://localhost:38767/__cypress/runner/cypress_runner.js:71500:31\n    at visitFailedByErr (http://localhost:38767/__cypress/runner/cypress_runner.js:71006:12)\n    at http://localhost:38767/__cypress/runner/cypress_runner.js:71499:22\n    at tryCatcher (http://localhost:38767/__cypress/runner/cypress_runner.js:120203:23)\n    at Promise._settlePromiseFromHandler (http://localhost:38767/__cypress/runner/cypress_runner.js:118139:31)\n    at Promise._settlePromise (http://localhost:38767/__cypress/runner/cypress_runner.js:118196:18)\n    at Promise._settlePromise0 (http://localhost:38767/__cypress/runner/cypress_runner.js:118241:10)\n    at Promise._settlePromises (http://localhost:38767/__cypress/runner/cypress_runner.js:118316:18)\n    at Async../node_modules/bluebird/js/release/async.js.Async._drainQueue (http://localhost:38767/__cypress/runner/cypress_runner.js:114928:16)\n    at Async../node_modules/bluebird/js/release/async.js.Async._drainQueues (http://localhost:38767/__cypress/runner/cypress_runner.js:114938:10)\n    at Async.drainQueues (http://localhost:38767/__cypress/runner/cypress_runner.js:114812:14)",
                "diff": null
              },
              "uuid": "11c8298f-9160-4994-b557-3187ce76f54d",
              "parentUUID": "f4771c6a-d538-4923-9d14-1fcfedc04ad7",
              "isHook": false,
              "skipped": false
            },
            {
              "title": "Verifica se a requisição para a API de bebidas foi realizada",
              "fullTitle": "Uma request para a API deve ser feita passando o `id` da receita que deve estar disponível nos parâmetros da URL Verifica se a requisição para a API de bebidas foi realizada",
              "timedOut": null,
              "duration": 733,
              "state": "failed",
              "speed": null,
              "pass": false,
              "fail": true,
              "pending": false,
              "context": null,
              "code": "cy.visit('http://localhost:3000/bebidas/178319', {\n  onBeforeLoad: function onBeforeLoad(win) {\n    cy.spy(win, 'fetch');\n  }\n});\ncy.window().its('fetch').should('be.calledWith', 'https://www.thecocktaildb.com/api/json/v1/1/lookup.php?i=178319');",
              "err": {
                "message": "CypressError: cy.visit() failed trying to load:\n\nhttp://localhost:3000/bebidas/178319\n\nWe attempted to make an http request to this URL but the request failed without a response.\n\nWe received this error at the network level:\n\n  > Error: connect ECONNREFUSED 127.0.0.1:3000\n\nCommon situations why this would fail:\n  - you don't have internet access\n  - you forgot to run / boot your web server\n  - your web server isn't accessible\n  - you have weird network configuration settings on your computer\n\nThe stack trace for this error is:\n\nError: connect ECONNREFUSED 127.0.0.1:3000\n    at TCPConnectWrap.afterConnect [as oncomplete] (net.js:1056:14)\n",
                "estack": "CypressError: cy.visit() failed trying to load:\n\nhttp://localhost:3000/bebidas/178319\n\nWe attempted to make an http request to this URL but the request failed without a response.\n\nWe received this error at the network level:\n\n  > Error: connect ECONNREFUSED 127.0.0.1:3000\n\nCommon situations why this would fail:\n  - you don't have internet access\n  - you forgot to run / boot your web server\n  - your web server isn't accessible\n  - you have weird network configuration settings on your computer\n\nThe stack trace for this error is:\n\nError: connect ECONNREFUSED 127.0.0.1:3000\n    at TCPConnectWrap.afterConnect [as oncomplete] (net.js:1056:14)\n\n    at Object.cypressErr (http://localhost:38767/__cypress/runner/cypress_runner.js:86207:11)\n    at Object.throwErr (http://localhost:38767/__cypress/runner/cypress_runner.js:86162:18)\n    at Object.throwErrByPath (http://localhost:38767/__cypress/runner/cypress_runner.js:86194:17)\n    at http://localhost:38767/__cypress/runner/cypress_runner.js:71500:31\n    at visitFailedByErr (http://localhost:38767/__cypress/runner/cypress_runner.js:71006:12)\n    at http://localhost:38767/__cypress/runner/cypress_runner.js:71499:22\n    at tryCatcher (http://localhost:38767/__cypress/runner/cypress_runner.js:120203:23)\n    at Promise._settlePromiseFromHandler (http://localhost:38767/__cypress/runner/cypress_runner.js:118139:31)\n    at Promise._settlePromise (http://localhost:38767/__cypress/runner/cypress_runner.js:118196:18)\n    at Promise._settlePromise0 (http://localhost:38767/__cypress/runner/cypress_runner.js:118241:10)\n    at Promise._settlePromises (http://localhost:38767/__cypress/runner/cypress_runner.js:118316:18)\n    at Async../node_modules/bluebird/js/release/async.js.Async._drainQueue (http://localhost:38767/__cypress/runner/cypress_runner.js:114928:16)\n    at Async../node_modules/bluebird/js/release/async.js.Async._drainQueues (http://localhost:38767/__cypress/runner/cypress_runner.js:114938:10)\n    at Async.drainQueues (http://localhost:38767/__cypress/runner/cypress_runner.js:114812:14)",
                "diff": null
              },
              "uuid": "5e81d526-087d-42a5-ad68-6ba18cd639bf",
              "parentUUID": "f4771c6a-d538-4923-9d14-1fcfedc04ad7",
              "isHook": false,
              "skipped": false
            }
          ],
          "suites": [],
          "passes": [],
          "failures": [
            "11c8298f-9160-4994-b557-3187ce76f54d",
            "5e81d526-087d-42a5-ad68-6ba18cd639bf"
          ],
          "pending": [],
          "skipped": [],
          "duration": 1416,
          "root": false,
          "rootEmpty": false,
          "_timeout": 2000
        },
        {
          "uuid": "46c57aa8-cbe4-4ada-8a4b-011cd0f20a40",
          "title": "Essa tela deve conter uma imagem da receita, o título, a categoria (ou se é ou não alcoólico), uma lista de ingredientes seguidos pelas quantidades, instruções, um vídeo do youtube \"embedado\" e recomendações",
          "fullFile": "",
          "file": "",
          "beforeHooks": [],
          "afterHooks": [],
          "tests": [
            {
              "title": "Verifica se os elementos descritos no protótipo existem na tela de detalhes de comida",
              "fullTitle": "Essa tela deve conter uma imagem da receita, o título, a categoria (ou se é ou não alcoólico), uma lista de ingredientes seguidos pelas quantidades, instruções, um vídeo do youtube \"embedado\" e recomendações Verifica se os elementos descritos no protótipo existem na tela de detalhes de comida",
              "timedOut": null,
              "duration": 695,
              "state": "failed",
              "speed": null,
              "pass": false,
              "fail": true,
              "pending": false,
              "context": null,
              "code": "cy.visit('http://localhost:3000/comidas/52771', {\n  onBeforeLoad: function onBeforeLoad(win) {\n    win.fetch = fetchMock;\n  }\n});\ncy.get('[data-testid=\"recipe-photo\"]').should('have.prop', 'tagName').should('eq', 'IMG');\ncy.get('[data-testid=\"recipe-title\"]').contains('Spicy Arrabiata Penne');\ncy.get('[data-testid=\"recipe-category\"]').contains('Vegetarian');\ncy.get('[data-testid=\"0-ingredient-name-and-measure\"]').contains('penne rigate');\ncy.get('[data-testid=\"0-ingredient-name-and-measure\"]').contains('1 pound');\ncy.get('[data-testid=\"1-ingredient-name-and-measure\"]').contains('olive oil');\ncy.get('[data-testid=\"1-ingredient-name-and-measure\"]').contains('1/4 cup');\ncy.get('[data-testid=\"2-ingredient-name-and-measure\"]').contains('garlic');\ncy.get('[data-testid=\"2-ingredient-name-and-measure\"]').contains('3 cloves');\ncy.get('[data-testid=\"3-ingredient-name-and-measure\"]').contains('chopped tomatoes');\ncy.get('[data-testid=\"3-ingredient-name-and-measure\"]').contains('1 tin');\ncy.get('[data-testid=\"4-ingredient-name-and-measure\"]').contains('red chile flakes');\ncy.get('[data-testid=\"4-ingredient-name-and-measure\"]').contains('1/2 teaspoon');\ncy.get('[data-testid=\"5-ingredient-name-and-measure\"]').contains('italian seasoning');\ncy.get('[data-testid=\"5-ingredient-name-and-measure\"]').contains('1/2 teaspoon');\ncy.get('[data-testid=\"6-ingredient-name-and-measure\"]').contains('basil');\ncy.get('[data-testid=\"6-ingredient-name-and-measure\"]').contains('6 leaves');\ncy.get('[data-testid=\"7-ingredient-name-and-measure\"]').contains('Parmigiano-Reggiano');\ncy.get('[data-testid=\"7-ingredient-name-and-measure\"]').contains('spinkling');\ncy.get('[data-testid=\"instructions\"]').contains('Bring a large pot of water to a boil. Add kosher salt to the boiling water, then add the pasta. Cook according to the package instructions, about 9 minutes.\\r\\nIn a large skillet over medium-high heat, add the olive oil and heat until the oil starts to shimmer. Add the garlic and cook, stirring, until fragrant, 1 to 2 minutes. Add the chopped tomatoes, red chile flakes, Italian seasoning and salt and pepper to taste. Bring to a boil and cook for 5 minutes. Remove from the heat and add the chopped basil.\\r\\nDrain the pasta and add it to the sauce. Garnish with Parmigiano-Reggiano flakes and more basil and serve warm.');\ncy.get('[data-testid=\"video\"]').should('exist');\ncy.get('[data-testid*=\"recomendation-card\"]').should('exist');",
              "err": {
                "message": "CypressError: cy.visit() failed trying to load:\n\nhttp://localhost:3000/comidas/52771\n\nWe attempted to make an http request to this URL but the request failed without a response.\n\nWe received this error at the network level:\n\n  > Error: connect ECONNREFUSED 127.0.0.1:3000\n\nCommon situations why this would fail:\n  - you don't have internet access\n  - you forgot to run / boot your web server\n  - your web server isn't accessible\n  - you have weird network configuration settings on your computer\n\nThe stack trace for this error is:\n\nError: connect ECONNREFUSED 127.0.0.1:3000\n    at TCPConnectWrap.afterConnect [as oncomplete] (net.js:1056:14)\n",
                "estack": "CypressError: cy.visit() failed trying to load:\n\nhttp://localhost:3000/comidas/52771\n\nWe attempted to make an http request to this URL but the request failed without a response.\n\nWe received this error at the network level:\n\n  > Error: connect ECONNREFUSED 127.0.0.1:3000\n\nCommon situations why this would fail:\n  - you don't have internet access\n  - you forgot to run / boot your web server\n  - your web server isn't accessible\n  - you have weird network configuration settings on your computer\n\nThe stack trace for this error is:\n\nError: connect ECONNREFUSED 127.0.0.1:3000\n    at TCPConnectWrap.afterConnect [as oncomplete] (net.js:1056:14)\n\n    at Object.cypressErr (http://localhost:38767/__cypress/runner/cypress_runner.js:86207:11)\n    at Object.throwErr (http://localhost:38767/__cypress/runner/cypress_runner.js:86162:18)\n    at Object.throwErrByPath (http://localhost:38767/__cypress/runner/cypress_runner.js:86194:17)\n    at http://localhost:38767/__cypress/runner/cypress_runner.js:71500:31\n    at visitFailedByErr (http://localhost:38767/__cypress/runner/cypress_runner.js:71006:12)\n    at http://localhost:38767/__cypress/runner/cypress_runner.js:71499:22\n    at tryCatcher (http://localhost:38767/__cypress/runner/cypress_runner.js:120203:23)\n    at Promise._settlePromiseFromHandler (http://localhost:38767/__cypress/runner/cypress_runner.js:118139:31)\n    at Promise._settlePromise (http://localhost:38767/__cypress/runner/cypress_runner.js:118196:18)\n    at Promise._settlePromise0 (http://localhost:38767/__cypress/runner/cypress_runner.js:118241:10)\n    at Promise._settlePromises (http://localhost:38767/__cypress/runner/cypress_runner.js:118316:18)\n    at Async../node_modules/bluebird/js/release/async.js.Async._drainQueue (http://localhost:38767/__cypress/runner/cypress_runner.js:114928:16)\n    at Async../node_modules/bluebird/js/release/async.js.Async._drainQueues (http://localhost:38767/__cypress/runner/cypress_runner.js:114938:10)\n    at Async.drainQueues (http://localhost:38767/__cypress/runner/cypress_runner.js:114812:14)",
                "diff": null
              },
              "uuid": "04f415b4-daaa-450d-b59b-1a8454aa5fb4",
              "parentUUID": "46c57aa8-cbe4-4ada-8a4b-011cd0f20a40",
              "isHook": false,
              "skipped": false
            },
            {
              "title": "Verifica se os elementos descritos no protótipo existem na tela de detalhes de bebida",
              "fullTitle": "Essa tela deve conter uma imagem da receita, o título, a categoria (ou se é ou não alcoólico), uma lista de ingredientes seguidos pelas quantidades, instruções, um vídeo do youtube \"embedado\" e recomendações Verifica se os elementos descritos no protótipo existem na tela de detalhes de bebida",
              "timedOut": null,
              "duration": 677,
              "state": "failed",
              "speed": null,
              "pass": false,
              "fail": true,
              "pending": false,
              "context": null,
              "code": "cy.visit('http://localhost:3000/bebidas/178319', {\n  onBeforeLoad: function onBeforeLoad(win) {\n    win.fetch = fetchMock;\n  }\n});\ncy.get('[data-testid=\"recipe-photo\"]').should('have.prop', 'tagName').should('eq', 'IMG');\ncy.get('[data-testid=\"recipe-title\"]').contains('Aquamarine');\ncy.get('[data-testid=\"recipe-category\"]').contains('Alcoholic');\ncy.get('[data-testid=\"0-ingredient-name-and-measure\"]').contains('Hpnotiq');\ncy.get('[data-testid=\"0-ingredient-name-and-measure\"]').contains('2 oz');\ncy.get('[data-testid=\"1-ingredient-name-and-measure\"]').contains('Pineapple Juice');\ncy.get('[data-testid=\"1-ingredient-name-and-measure\"]').contains('1 oz');\ncy.get('[data-testid=\"2-ingredient-name-and-measure\"]').contains('Banana Liqueur');\ncy.get('[data-testid=\"2-ingredient-name-and-measure\"]').contains('1 oz');\ncy.get('[data-testid=\"instructions\"]').contains('Shake well in a shaker with ice.\\r\\nStrain in a martini glass.');\ncy.get('[data-testid*=\"recomendation-card\"]').should('exist');",
              "err": {
                "message": "CypressError: cy.visit() failed trying to load:\n\nhttp://localhost:3000/bebidas/178319\n\nWe attempted to make an http request to this URL but the request failed without a response.\n\nWe received this error at the network level:\n\n  > Error: connect ECONNREFUSED 127.0.0.1:3000\n\nCommon situations why this would fail:\n  - you don't have internet access\n  - you forgot to run / boot your web server\n  - your web server isn't accessible\n  - you have weird network configuration settings on your computer\n\nThe stack trace for this error is:\n\nError: connect ECONNREFUSED 127.0.0.1:3000\n    at TCPConnectWrap.afterConnect [as oncomplete] (net.js:1056:14)\n",
                "estack": "CypressError: cy.visit() failed trying to load:\n\nhttp://localhost:3000/bebidas/178319\n\nWe attempted to make an http request to this URL but the request failed without a response.\n\nWe received this error at the network level:\n\n  > Error: connect ECONNREFUSED 127.0.0.1:3000\n\nCommon situations why this would fail:\n  - you don't have internet access\n  - you forgot to run / boot your web server\n  - your web server isn't accessible\n  - you have weird network configuration settings on your computer\n\nThe stack trace for this error is:\n\nError: connect ECONNREFUSED 127.0.0.1:3000\n    at TCPConnectWrap.afterConnect [as oncomplete] (net.js:1056:14)\n\n    at Object.cypressErr (http://localhost:38767/__cypress/runner/cypress_runner.js:86207:11)\n    at Object.throwErr (http://localhost:38767/__cypress/runner/cypress_runner.js:86162:18)\n    at Object.throwErrByPath (http://localhost:38767/__cypress/runner/cypress_runner.js:86194:17)\n    at http://localhost:38767/__cypress/runner/cypress_runner.js:71500:31\n    at visitFailedByErr (http://localhost:38767/__cypress/runner/cypress_runner.js:71006:12)\n    at http://localhost:38767/__cypress/runner/cypress_runner.js:71499:22\n    at tryCatcher (http://localhost:38767/__cypress/runner/cypress_runner.js:120203:23)\n    at Promise._settlePromiseFromHandler (http://localhost:38767/__cypress/runner/cypress_runner.js:118139:31)\n    at Promise._settlePromise (http://localhost:38767/__cypress/runner/cypress_runner.js:118196:18)\n    at Promise._settlePromise0 (http://localhost:38767/__cypress/runner/cypress_runner.js:118241:10)\n    at Promise._settlePromises (http://localhost:38767/__cypress/runner/cypress_runner.js:118316:18)\n    at Async../node_modules/bluebird/js/release/async.js.Async._drainQueue (http://localhost:38767/__cypress/runner/cypress_runner.js:114928:16)\n    at Async../node_modules/bluebird/js/release/async.js.Async._drainQueues (http://localhost:38767/__cypress/runner/cypress_runner.js:114938:10)\n    at Async.drainQueues (http://localhost:38767/__cypress/runner/cypress_runner.js:114812:14)",
                "diff": null
              },
              "uuid": "6930fbe1-c0b0-47b1-89ab-19fd0f6caa49",
              "parentUUID": "46c57aa8-cbe4-4ada-8a4b-011cd0f20a40",
              "isHook": false,
              "skipped": false
            }
          ],
          "suites": [],
          "passes": [],
          "failures": [
            "04f415b4-daaa-450d-b59b-1a8454aa5fb4",
            "6930fbe1-c0b0-47b1-89ab-19fd0f6caa49"
          ],
          "pending": [],
          "skipped": [],
          "duration": 1372,
          "root": false,
          "rootEmpty": false,
          "_timeout": 2000
        },
        {
          "uuid": "edc9e2c7-0a40-484d-b948-6446f63253ad",
          "title": "As recomendações para receitas de comida deverão ser bebidas e vice-versa",
          "fullFile": "",
          "file": "",
          "beforeHooks": [],
          "afterHooks": [],
          "tests": [
            {
              "title": "Verifica se a requisição para a API de bebidas foi realizada",
              "fullTitle": "As recomendações para receitas de comida deverão ser bebidas e vice-versa Verifica se a requisição para a API de bebidas foi realizada",
              "timedOut": null,
              "duration": 680,
              "state": "failed",
              "speed": null,
              "pass": false,
              "fail": true,
              "pending": false,
              "context": null,
              "code": "cy.visit('http://localhost:3000/comidas/52771', {\n  onBeforeLoad: function onBeforeLoad(win) {\n    cy.spy(win, 'fetch');\n  }\n});\ncy.window().its('fetch').should('be.calledWith', 'https://www.thecocktaildb.com/api/json/v1/1/search.php?s=');",
              "err": {
                "message": "CypressError: cy.visit() failed trying to load:\n\nhttp://localhost:3000/comidas/52771\n\nWe attempted to make an http request to this URL but the request failed without a response.\n\nWe received this error at the network level:\n\n  > Error: connect ECONNREFUSED 127.0.0.1:3000\n\nCommon situations why this would fail:\n  - you don't have internet access\n  - you forgot to run / boot your web server\n  - your web server isn't accessible\n  - you have weird network configuration settings on your computer\n\nThe stack trace for this error is:\n\nError: connect ECONNREFUSED 127.0.0.1:3000\n    at TCPConnectWrap.afterConnect [as oncomplete] (net.js:1056:14)\n",
                "estack": "CypressError: cy.visit() failed trying to load:\n\nhttp://localhost:3000/comidas/52771\n\nWe attempted to make an http request to this URL but the request failed without a response.\n\nWe received this error at the network level:\n\n  > Error: connect ECONNREFUSED 127.0.0.1:3000\n\nCommon situations why this would fail:\n  - you don't have internet access\n  - you forgot to run / boot your web server\n  - your web server isn't accessible\n  - you have weird network configuration settings on your computer\n\nThe stack trace for this error is:\n\nError: connect ECONNREFUSED 127.0.0.1:3000\n    at TCPConnectWrap.afterConnect [as oncomplete] (net.js:1056:14)\n\n    at Object.cypressErr (http://localhost:38767/__cypress/runner/cypress_runner.js:86207:11)\n    at Object.throwErr (http://localhost:38767/__cypress/runner/cypress_runner.js:86162:18)\n    at Object.throwErrByPath (http://localhost:38767/__cypress/runner/cypress_runner.js:86194:17)\n    at http://localhost:38767/__cypress/runner/cypress_runner.js:71500:31\n    at visitFailedByErr (http://localhost:38767/__cypress/runner/cypress_runner.js:71006:12)\n    at http://localhost:38767/__cypress/runner/cypress_runner.js:71499:22\n    at tryCatcher (http://localhost:38767/__cypress/runner/cypress_runner.js:120203:23)\n    at Promise._settlePromiseFromHandler (http://localhost:38767/__cypress/runner/cypress_runner.js:118139:31)\n    at Promise._settlePromise (http://localhost:38767/__cypress/runner/cypress_runner.js:118196:18)\n    at Promise._settlePromise0 (http://localhost:38767/__cypress/runner/cypress_runner.js:118241:10)\n    at Promise._settlePromises (http://localhost:38767/__cypress/runner/cypress_runner.js:118316:18)\n    at Async../node_modules/bluebird/js/release/async.js.Async._drainQueue (http://localhost:38767/__cypress/runner/cypress_runner.js:114928:16)\n    at Async../node_modules/bluebird/js/release/async.js.Async._drainQueues (http://localhost:38767/__cypress/runner/cypress_runner.js:114938:10)\n    at Async.drainQueues (http://localhost:38767/__cypress/runner/cypress_runner.js:114812:14)",
                "diff": null
              },
              "uuid": "20092ff0-1158-4a6e-837b-a21369d6fcd8",
              "parentUUID": "edc9e2c7-0a40-484d-b948-6446f63253ad",
              "isHook": false,
              "skipped": false
            },
            {
              "title": "Verifica se a requisição para a API de comidas foi realizada",
              "fullTitle": "As recomendações para receitas de comida deverão ser bebidas e vice-versa Verifica se a requisição para a API de comidas foi realizada",
              "timedOut": null,
              "duration": 680,
              "state": "failed",
              "speed": null,
              "pass": false,
              "fail": true,
              "pending": false,
              "context": null,
              "code": "cy.visit('http://localhost:3000/bebidas/178319', {\n  onBeforeLoad: function onBeforeLoad(win) {\n    cy.spy(win, 'fetch');\n  }\n});\ncy.window().its('fetch').should('be.calledWith', 'https://www.themealdb.com/api/json/v1/1/search.php?s=');",
              "err": {
                "message": "CypressError: cy.visit() failed trying to load:\n\nhttp://localhost:3000/bebidas/178319\n\nWe attempted to make an http request to this URL but the request failed without a response.\n\nWe received this error at the network level:\n\n  > Error: connect ECONNREFUSED 127.0.0.1:3000\n\nCommon situations why this would fail:\n  - you don't have internet access\n  - you forgot to run / boot your web server\n  - your web server isn't accessible\n  - you have weird network configuration settings on your computer\n\nThe stack trace for this error is:\n\nError: connect ECONNREFUSED 127.0.0.1:3000\n    at TCPConnectWrap.afterConnect [as oncomplete] (net.js:1056:14)\n",
                "estack": "CypressError: cy.visit() failed trying to load:\n\nhttp://localhost:3000/bebidas/178319\n\nWe attempted to make an http request to this URL but the request failed without a response.\n\nWe received this error at the network level:\n\n  > Error: connect ECONNREFUSED 127.0.0.1:3000\n\nCommon situations why this would fail:\n  - you don't have internet access\n  - you forgot to run / boot your web server\n  - your web server isn't accessible\n  - you have weird network configuration settings on your computer\n\nThe stack trace for this error is:\n\nError: connect ECONNREFUSED 127.0.0.1:3000\n    at TCPConnectWrap.afterConnect [as oncomplete] (net.js:1056:14)\n\n    at Object.cypressErr (http://localhost:38767/__cypress/runner/cypress_runner.js:86207:11)\n    at Object.throwErr (http://localhost:38767/__cypress/runner/cypress_runner.js:86162:18)\n    at Object.throwErrByPath (http://localhost:38767/__cypress/runner/cypress_runner.js:86194:17)\n    at http://localhost:38767/__cypress/runner/cypress_runner.js:71500:31\n    at visitFailedByErr (http://localhost:38767/__cypress/runner/cypress_runner.js:71006:12)\n    at http://localhost:38767/__cypress/runner/cypress_runner.js:71499:22\n    at tryCatcher (http://localhost:38767/__cypress/runner/cypress_runner.js:120203:23)\n    at Promise._settlePromiseFromHandler (http://localhost:38767/__cypress/runner/cypress_runner.js:118139:31)\n    at Promise._settlePromise (http://localhost:38767/__cypress/runner/cypress_runner.js:118196:18)\n    at Promise._settlePromise0 (http://localhost:38767/__cypress/runner/cypress_runner.js:118241:10)\n    at Promise._settlePromises (http://localhost:38767/__cypress/runner/cypress_runner.js:118316:18)\n    at Async../node_modules/bluebird/js/release/async.js.Async._drainQueue (http://localhost:38767/__cypress/runner/cypress_runner.js:114928:16)\n    at Async../node_modules/bluebird/js/release/async.js.Async._drainQueues (http://localhost:38767/__cypress/runner/cypress_runner.js:114938:10)\n    at Async.drainQueues (http://localhost:38767/__cypress/runner/cypress_runner.js:114812:14)",
                "diff": null
              },
              "uuid": "033e6e62-6be0-4ba2-8fd0-a01afcca47ac",
              "parentUUID": "edc9e2c7-0a40-484d-b948-6446f63253ad",
              "isHook": false,
              "skipped": false
            }
          ],
          "suites": [],
          "passes": [],
          "failures": [
            "20092ff0-1158-4a6e-837b-a21369d6fcd8",
            "033e6e62-6be0-4ba2-8fd0-a01afcca47ac"
          ],
          "pending": [],
          "skipped": [],
          "duration": 1360,
          "root": false,
          "rootEmpty": false,
          "_timeout": 2000
        },
        {
          "uuid": "b5bd9114-023e-4ee2-aa15-3852eb189cc7",
          "title": "Deverão ser mostrados 6 cards de recomendação, onde apenas 2 são mostrados e o scroll é horizontal, similar a um `carousel`",
          "fullFile": "",
          "file": "",
          "beforeHooks": [],
          "afterHooks": [],
          "tests": [
            {
              "title": "Verifica se exitem todas as recomendações na tela de detalhes de uma comida",
              "fullTitle": "Deverão ser mostrados 6 cards de recomendação, onde apenas 2 são mostrados e o scroll é horizontal, similar a um `carousel` Verifica se exitem todas as recomendações na tela de detalhes de uma comida",
              "timedOut": null,
              "duration": 764,
              "state": "failed",
              "speed": null,
              "pass": false,
              "fail": true,
              "pending": false,
              "context": null,
              "code": "cy.visit('http://localhost:3000/comidas/52771', {\n  onBeforeLoad: function onBeforeLoad(win) {\n    win.fetch = fetchMock;\n  }\n});\ncy.get('[data-testid*=\"recomendation-card\"]').should('have.length', 6);\ncy.get('[data-testid=\"0-recomendation-card\"]').should('exist').and('visible');\ncy.get('[data-testid=\"0-recomendation-title\"]').contains('GG');\ncy.get('[data-testid=\"1-recomendation-card\"]').should('exist').and('visible');\ncy.get('[data-testid=\"1-recomendation-title\"]').contains('A1');\ncy.get('[data-testid=\"2-recomendation-card\"]').should('exist').and('not.visible');\ncy.get('[data-testid=\"2-recomendation-title\"]').contains('ABC');\ncy.get('[data-testid=\"3-recomendation-card\"]').should('exist').and('not.visible');\ncy.get('[data-testid=\"3-recomendation-title\"]').contains('Kir');\ncy.get('[data-testid=\"4-recomendation-card\"]').should('exist').and('not.visible');\ncy.get('[data-testid=\"4-recomendation-title\"]').contains('747');\ncy.get('[data-testid=\"5-recomendation-card\"]').should('exist').and('not.visible');\ncy.get('[data-testid=\"5-recomendation-title\"]').contains('252');",
              "err": {
                "message": "CypressError: cy.visit() failed trying to load:\n\nhttp://localhost:3000/comidas/52771\n\nWe attempted to make an http request to this URL but the request failed without a response.\n\nWe received this error at the network level:\n\n  > Error: connect ECONNREFUSED 127.0.0.1:3000\n\nCommon situations why this would fail:\n  - you don't have internet access\n  - you forgot to run / boot your web server\n  - your web server isn't accessible\n  - you have weird network configuration settings on your computer\n\nThe stack trace for this error is:\n\nError: connect ECONNREFUSED 127.0.0.1:3000\n    at TCPConnectWrap.afterConnect [as oncomplete] (net.js:1056:14)\n",
                "estack": "CypressError: cy.visit() failed trying to load:\n\nhttp://localhost:3000/comidas/52771\n\nWe attempted to make an http request to this URL but the request failed without a response.\n\nWe received this error at the network level:\n\n  > Error: connect ECONNREFUSED 127.0.0.1:3000\n\nCommon situations why this would fail:\n  - you don't have internet access\n  - you forgot to run / boot your web server\n  - your web server isn't accessible\n  - you have weird network configuration settings on your computer\n\nThe stack trace for this error is:\n\nError: connect ECONNREFUSED 127.0.0.1:3000\n    at TCPConnectWrap.afterConnect [as oncomplete] (net.js:1056:14)\n\n    at Object.cypressErr (http://localhost:38767/__cypress/runner/cypress_runner.js:86207:11)\n    at Object.throwErr (http://localhost:38767/__cypress/runner/cypress_runner.js:86162:18)\n    at Object.throwErrByPath (http://localhost:38767/__cypress/runner/cypress_runner.js:86194:17)\n    at http://localhost:38767/__cypress/runner/cypress_runner.js:71500:31\n    at visitFailedByErr (http://localhost:38767/__cypress/runner/cypress_runner.js:71006:12)\n    at http://localhost:38767/__cypress/runner/cypress_runner.js:71499:22\n    at tryCatcher (http://localhost:38767/__cypress/runner/cypress_runner.js:120203:23)\n    at Promise._settlePromiseFromHandler (http://localhost:38767/__cypress/runner/cypress_runner.js:118139:31)\n    at Promise._settlePromise (http://localhost:38767/__cypress/runner/cypress_runner.js:118196:18)\n    at Promise._settlePromise0 (http://localhost:38767/__cypress/runner/cypress_runner.js:118241:10)\n    at Promise._settlePromises (http://localhost:38767/__cypress/runner/cypress_runner.js:118316:18)\n    at Async../node_modules/bluebird/js/release/async.js.Async._drainQueue (http://localhost:38767/__cypress/runner/cypress_runner.js:114928:16)\n    at Async../node_modules/bluebird/js/release/async.js.Async._drainQueues (http://localhost:38767/__cypress/runner/cypress_runner.js:114938:10)\n    at Async.drainQueues (http://localhost:38767/__cypress/runner/cypress_runner.js:114812:14)",
                "diff": null
              },
              "uuid": "c2826e37-7e0b-4546-84b0-6625245dcf32",
              "parentUUID": "b5bd9114-023e-4ee2-aa15-3852eb189cc7",
              "isHook": false,
              "skipped": false
            },
            {
              "title": "Verifica se exitem todas as recomendações na tela de detalhes de uma bebida",
              "fullTitle": "Deverão ser mostrados 6 cards de recomendação, onde apenas 2 são mostrados e o scroll é horizontal, similar a um `carousel` Verifica se exitem todas as recomendações na tela de detalhes de uma bebida",
              "timedOut": null,
              "duration": 687,
              "state": "failed",
              "speed": null,
              "pass": false,
              "fail": true,
              "pending": false,
              "context": null,
              "code": "cy.visit('http://localhost:3000/bebidas/178319', {\n  onBeforeLoad: function onBeforeLoad(win) {\n    win.fetch = fetchMock;\n  }\n});\ncy.get('[data-testid*=\"recomendation-card\"]').should('have.length', 6);\ncy.get('[data-testid=\"0-recomendation-card\"]').should('exist').and('visible');\ncy.get('[data-testid=\"0-recomendation-title\"]').contains('Corba');\ncy.get('[data-testid=\"1-recomendation-card\"]').should('exist').and('visible');\ncy.get('[data-testid=\"1-recomendation-title\"]').contains('Kumpir');\ncy.get('[data-testid=\"2-recomendation-card\"]').should('exist');\ncy.get('[data-testid=\"2-recomendation-title\"]').contains('Dal fry');\ncy.get('[data-testid=\"3-recomendation-card\"]').should('exist').and('not.visible');\ncy.get('[data-testid=\"3-recomendation-title\"]').contains('Poutine');\ncy.get('[data-testid=\"4-recomendation-card\"]').should('exist').and('not.visible');\ncy.get('[data-testid=\"4-recomendation-title\"]').contains('Lasagne');\ncy.get('[data-testid=\"5-recomendation-card\"]').should('exist').and('not.visible');\ncy.get('[data-testid=\"5-recomendation-title\"]').contains('Timbits');",
              "err": {
                "message": "CypressError: cy.visit() failed trying to load:\n\nhttp://localhost:3000/bebidas/178319\n\nWe attempted to make an http request to this URL but the request failed without a response.\n\nWe received this error at the network level:\n\n  > Error: connect ECONNREFUSED 127.0.0.1:3000\n\nCommon situations why this would fail:\n  - you don't have internet access\n  - you forgot to run / boot your web server\n  - your web server isn't accessible\n  - you have weird network configuration settings on your computer\n\nThe stack trace for this error is:\n\nError: connect ECONNREFUSED 127.0.0.1:3000\n    at TCPConnectWrap.afterConnect [as oncomplete] (net.js:1056:14)\n",
                "estack": "CypressError: cy.visit() failed trying to load:\n\nhttp://localhost:3000/bebidas/178319\n\nWe attempted to make an http request to this URL but the request failed without a response.\n\nWe received this error at the network level:\n\n  > Error: connect ECONNREFUSED 127.0.0.1:3000\n\nCommon situations why this would fail:\n  - you don't have internet access\n  - you forgot to run / boot your web server\n  - your web server isn't accessible\n  - you have weird network configuration settings on your computer\n\nThe stack trace for this error is:\n\nError: connect ECONNREFUSED 127.0.0.1:3000\n    at TCPConnectWrap.afterConnect [as oncomplete] (net.js:1056:14)\n\n    at Object.cypressErr (http://localhost:38767/__cypress/runner/cypress_runner.js:86207:11)\n    at Object.throwErr (http://localhost:38767/__cypress/runner/cypress_runner.js:86162:18)\n    at Object.throwErrByPath (http://localhost:38767/__cypress/runner/cypress_runner.js:86194:17)\n    at http://localhost:38767/__cypress/runner/cypress_runner.js:71500:31\n    at visitFailedByErr (http://localhost:38767/__cypress/runner/cypress_runner.js:71006:12)\n    at http://localhost:38767/__cypress/runner/cypress_runner.js:71499:22\n    at tryCatcher (http://localhost:38767/__cypress/runner/cypress_runner.js:120203:23)\n    at Promise._settlePromiseFromHandler (http://localhost:38767/__cypress/runner/cypress_runner.js:118139:31)\n    at Promise._settlePromise (http://localhost:38767/__cypress/runner/cypress_runner.js:118196:18)\n    at Promise._settlePromise0 (http://localhost:38767/__cypress/runner/cypress_runner.js:118241:10)\n    at Promise._settlePromises (http://localhost:38767/__cypress/runner/cypress_runner.js:118316:18)\n    at Async../node_modules/bluebird/js/release/async.js.Async._drainQueue (http://localhost:38767/__cypress/runner/cypress_runner.js:114928:16)\n    at Async../node_modules/bluebird/js/release/async.js.Async._drainQueues (http://localhost:38767/__cypress/runner/cypress_runner.js:114938:10)\n    at Async.drainQueues (http://localhost:38767/__cypress/runner/cypress_runner.js:114812:14)",
                "diff": null
              },
              "uuid": "ee89272f-ae52-4fe3-9e38-f7fd7b7cde21",
              "parentUUID": "b5bd9114-023e-4ee2-aa15-3852eb189cc7",
              "isHook": false,
              "skipped": false
            }
          ],
          "suites": [],
          "passes": [],
          "failures": [
            "c2826e37-7e0b-4546-84b0-6625245dcf32",
            "ee89272f-ae52-4fe3-9e38-f7fd7b7cde21"
          ],
          "pending": [],
          "skipped": [],
          "duration": 1451,
          "root": false,
          "rootEmpty": false,
          "_timeout": 2000
        },
        {
          "uuid": "24c3de45-0db1-4b08-a280-49b42ac883f0",
          "title": "Um botão de nome \"Iniciar Receita\" deve ficar fixo na parte de baixo da tela o tempo todo",
          "fullFile": "",
          "file": "",
          "beforeHooks": [],
          "afterHooks": [],
          "tests": [
            {
              "title": "Verifica posicionamento do botão na tela de detalhes de comida",
              "fullTitle": "Um botão de nome \"Iniciar Receita\" deve ficar fixo na parte de baixo da tela o tempo todo Verifica posicionamento do botão na tela de detalhes de comida",
              "timedOut": null,
              "duration": 726,
              "state": "failed",
              "speed": null,
              "pass": false,
              "fail": true,
              "pending": false,
              "context": null,
              "code": "cy.visit('http://localhost:3000/comidas/52771', {\n  onBeforeLoad: function onBeforeLoad(win) {\n    win.fetch = fetchMock;\n  }\n});\ncy.get('[data-testid=\"start-recipe-btn\"]').should('have.css', 'position', 'fixed').and('have.css', 'bottom', '0px');",
              "err": {
                "message": "CypressError: cy.visit() failed trying to load:\n\nhttp://localhost:3000/comidas/52771\n\nWe attempted to make an http request to this URL but the request failed without a response.\n\nWe received this error at the network level:\n\n  > Error: connect ECONNREFUSED 127.0.0.1:3000\n\nCommon situations why this would fail:\n  - you don't have internet access\n  - you forgot to run / boot your web server\n  - your web server isn't accessible\n  - you have weird network configuration settings on your computer\n\nThe stack trace for this error is:\n\nError: connect ECONNREFUSED 127.0.0.1:3000\n    at TCPConnectWrap.afterConnect [as oncomplete] (net.js:1056:14)\n",
                "estack": "CypressError: cy.visit() failed trying to load:\n\nhttp://localhost:3000/comidas/52771\n\nWe attempted to make an http request to this URL but the request failed without a response.\n\nWe received this error at the network level:\n\n  > Error: connect ECONNREFUSED 127.0.0.1:3000\n\nCommon situations why this would fail:\n  - you don't have internet access\n  - you forgot to run / boot your web server\n  - your web server isn't accessible\n  - you have weird network configuration settings on your computer\n\nThe stack trace for this error is:\n\nError: connect ECONNREFUSED 127.0.0.1:3000\n    at TCPConnectWrap.afterConnect [as oncomplete] (net.js:1056:14)\n\n    at Object.cypressErr (http://localhost:38767/__cypress/runner/cypress_runner.js:86207:11)\n    at Object.throwErr (http://localhost:38767/__cypress/runner/cypress_runner.js:86162:18)\n    at Object.throwErrByPath (http://localhost:38767/__cypress/runner/cypress_runner.js:86194:17)\n    at http://localhost:38767/__cypress/runner/cypress_runner.js:71500:31\n    at visitFailedByErr (http://localhost:38767/__cypress/runner/cypress_runner.js:71006:12)\n    at http://localhost:38767/__cypress/runner/cypress_runner.js:71499:22\n    at tryCatcher (http://localhost:38767/__cypress/runner/cypress_runner.js:120203:23)\n    at Promise._settlePromiseFromHandler (http://localhost:38767/__cypress/runner/cypress_runner.js:118139:31)\n    at Promise._settlePromise (http://localhost:38767/__cypress/runner/cypress_runner.js:118196:18)\n    at Promise._settlePromise0 (http://localhost:38767/__cypress/runner/cypress_runner.js:118241:10)\n    at Promise._settlePromises (http://localhost:38767/__cypress/runner/cypress_runner.js:118316:18)\n    at Async../node_modules/bluebird/js/release/async.js.Async._drainQueue (http://localhost:38767/__cypress/runner/cypress_runner.js:114928:16)\n    at Async../node_modules/bluebird/js/release/async.js.Async._drainQueues (http://localhost:38767/__cypress/runner/cypress_runner.js:114938:10)\n    at Async.drainQueues (http://localhost:38767/__cypress/runner/cypress_runner.js:114812:14)",
                "diff": null
              },
              "uuid": "18a773f8-e1f0-4d57-a1cf-461c95c4e9bd",
              "parentUUID": "24c3de45-0db1-4b08-a280-49b42ac883f0",
              "isHook": false,
              "skipped": false
            },
            {
              "title": "Verifica posicionamento do botão na tela de detalhes de bebida",
              "fullTitle": "Um botão de nome \"Iniciar Receita\" deve ficar fixo na parte de baixo da tela o tempo todo Verifica posicionamento do botão na tela de detalhes de bebida",
              "timedOut": null,
              "duration": 694,
              "state": "failed",
              "speed": null,
              "pass": false,
              "fail": true,
              "pending": false,
              "context": null,
              "code": "cy.visit('http://localhost:3000/bebidas/178319', {\n  onBeforeLoad: function onBeforeLoad(win) {\n    win.fetch = fetchMock;\n  }\n});\ncy.get('[data-testid=\"start-recipe-btn\"]').should('have.css', 'position', 'fixed').and('have.css', 'bottom', '0px');",
              "err": {
                "message": "CypressError: cy.visit() failed trying to load:\n\nhttp://localhost:3000/bebidas/178319\n\nWe attempted to make an http request to this URL but the request failed without a response.\n\nWe received this error at the network level:\n\n  > Error: connect ECONNREFUSED 127.0.0.1:3000\n\nCommon situations why this would fail:\n  - you don't have internet access\n  - you forgot to run / boot your web server\n  - your web server isn't accessible\n  - you have weird network configuration settings on your computer\n\nThe stack trace for this error is:\n\nError: connect ECONNREFUSED 127.0.0.1:3000\n    at TCPConnectWrap.afterConnect [as oncomplete] (net.js:1056:14)\n",
                "estack": "CypressError: cy.visit() failed trying to load:\n\nhttp://localhost:3000/bebidas/178319\n\nWe attempted to make an http request to this URL but the request failed without a response.\n\nWe received this error at the network level:\n\n  > Error: connect ECONNREFUSED 127.0.0.1:3000\n\nCommon situations why this would fail:\n  - you don't have internet access\n  - you forgot to run / boot your web server\n  - your web server isn't accessible\n  - you have weird network configuration settings on your computer\n\nThe stack trace for this error is:\n\nError: connect ECONNREFUSED 127.0.0.1:3000\n    at TCPConnectWrap.afterConnect [as oncomplete] (net.js:1056:14)\n\n    at Object.cypressErr (http://localhost:38767/__cypress/runner/cypress_runner.js:86207:11)\n    at Object.throwErr (http://localhost:38767/__cypress/runner/cypress_runner.js:86162:18)\n    at Object.throwErrByPath (http://localhost:38767/__cypress/runner/cypress_runner.js:86194:17)\n    at http://localhost:38767/__cypress/runner/cypress_runner.js:71500:31\n    at visitFailedByErr (http://localhost:38767/__cypress/runner/cypress_runner.js:71006:12)\n    at http://localhost:38767/__cypress/runner/cypress_runner.js:71499:22\n    at tryCatcher (http://localhost:38767/__cypress/runner/cypress_runner.js:120203:23)\n    at Promise._settlePromiseFromHandler (http://localhost:38767/__cypress/runner/cypress_runner.js:118139:31)\n    at Promise._settlePromise (http://localhost:38767/__cypress/runner/cypress_runner.js:118196:18)\n    at Promise._settlePromise0 (http://localhost:38767/__cypress/runner/cypress_runner.js:118241:10)\n    at Promise._settlePromises (http://localhost:38767/__cypress/runner/cypress_runner.js:118316:18)\n    at Async../node_modules/bluebird/js/release/async.js.Async._drainQueue (http://localhost:38767/__cypress/runner/cypress_runner.js:114928:16)\n    at Async../node_modules/bluebird/js/release/async.js.Async._drainQueues (http://localhost:38767/__cypress/runner/cypress_runner.js:114938:10)\n    at Async.drainQueues (http://localhost:38767/__cypress/runner/cypress_runner.js:114812:14)",
                "diff": null
              },
              "uuid": "c8ee1b22-24b1-4ff0-850d-6068a5b947c6",
              "parentUUID": "24c3de45-0db1-4b08-a280-49b42ac883f0",
              "isHook": false,
              "skipped": false
            }
          ],
          "suites": [],
          "passes": [],
          "failures": [
            "18a773f8-e1f0-4d57-a1cf-461c95c4e9bd",
            "c8ee1b22-24b1-4ff0-850d-6068a5b947c6"
          ],
          "pending": [],
          "skipped": [],
          "duration": 1420,
          "root": false,
          "rootEmpty": false,
          "_timeout": 2000
        },
        {
          "uuid": "1e711e74-d407-48ed-a222-d1ebc29f77e8",
          "title": "Caso a receita já tenha sido feita, o botão \"Iniciar Receita\" deve sumir",
          "fullFile": "",
          "file": "",
          "beforeHooks": [],
          "afterHooks": [],
          "tests": [
            {
              "title": "Verifica se botão de iniciar receita não é visível na tela de detalhes de uma comida",
              "fullTitle": "Caso a receita já tenha sido feita, o botão \"Iniciar Receita\" deve sumir Verifica se botão de iniciar receita não é visível na tela de detalhes de uma comida",
              "timedOut": null,
              "duration": 721,
              "state": "failed",
              "speed": null,
              "pass": false,
              "fail": true,
              "pending": false,
              "context": null,
              "code": "cy.visit('http://localhost:3000/comidas/52771', {\n  onBeforeLoad: function onBeforeLoad(win) {\n    var doneRecipes = [{\n      \"id\": \"52771\",\n      \"type\": \"comida\",\n      \"area\": \"Italian\",\n      \"category\": \"Vegetarian\",\n      \"alcoholicOrNot\": \"\",\n      \"name\": \"Spicy Arrabiata Penne\",\n      \"image\": \"https://www.themealdb.com/images/media/meals/ustsqw1468250014.jpg\",\n      \"doneDate\": \"22/6/2020\",\n      \"tags\": [\"Pasta\", \"Curry\"]\n    }];\n    localStorage.setItem('doneRecipes', JSON.stringify(doneRecipes));\n    win.fetch = fetchMock;\n  }\n});\ncy.get('[data-testid=\"start-recipe-btn\"]').should('not.be.visible');",
              "err": {
                "message": "CypressError: cy.visit() failed trying to load:\n\nhttp://localhost:3000/comidas/52771\n\nWe attempted to make an http request to this URL but the request failed without a response.\n\nWe received this error at the network level:\n\n  > Error: connect ECONNREFUSED 127.0.0.1:3000\n\nCommon situations why this would fail:\n  - you don't have internet access\n  - you forgot to run / boot your web server\n  - your web server isn't accessible\n  - you have weird network configuration settings on your computer\n\nThe stack trace for this error is:\n\nError: connect ECONNREFUSED 127.0.0.1:3000\n    at TCPConnectWrap.afterConnect [as oncomplete] (net.js:1056:14)\n",
                "estack": "CypressError: cy.visit() failed trying to load:\n\nhttp://localhost:3000/comidas/52771\n\nWe attempted to make an http request to this URL but the request failed without a response.\n\nWe received this error at the network level:\n\n  > Error: connect ECONNREFUSED 127.0.0.1:3000\n\nCommon situations why this would fail:\n  - you don't have internet access\n  - you forgot to run / boot your web server\n  - your web server isn't accessible\n  - you have weird network configuration settings on your computer\n\nThe stack trace for this error is:\n\nError: connect ECONNREFUSED 127.0.0.1:3000\n    at TCPConnectWrap.afterConnect [as oncomplete] (net.js:1056:14)\n\n    at Object.cypressErr (http://localhost:38767/__cypress/runner/cypress_runner.js:86207:11)\n    at Object.throwErr (http://localhost:38767/__cypress/runner/cypress_runner.js:86162:18)\n    at Object.throwErrByPath (http://localhost:38767/__cypress/runner/cypress_runner.js:86194:17)\n    at http://localhost:38767/__cypress/runner/cypress_runner.js:71500:31\n    at visitFailedByErr (http://localhost:38767/__cypress/runner/cypress_runner.js:71006:12)\n    at http://localhost:38767/__cypress/runner/cypress_runner.js:71499:22\n    at tryCatcher (http://localhost:38767/__cypress/runner/cypress_runner.js:120203:23)\n    at Promise._settlePromiseFromHandler (http://localhost:38767/__cypress/runner/cypress_runner.js:118139:31)\n    at Promise._settlePromise (http://localhost:38767/__cypress/runner/cypress_runner.js:118196:18)\n    at Promise._settlePromise0 (http://localhost:38767/__cypress/runner/cypress_runner.js:118241:10)\n    at Promise._settlePromises (http://localhost:38767/__cypress/runner/cypress_runner.js:118316:18)\n    at Async../node_modules/bluebird/js/release/async.js.Async._drainQueue (http://localhost:38767/__cypress/runner/cypress_runner.js:114928:16)\n    at Async../node_modules/bluebird/js/release/async.js.Async._drainQueues (http://localhost:38767/__cypress/runner/cypress_runner.js:114938:10)\n    at Async.drainQueues (http://localhost:38767/__cypress/runner/cypress_runner.js:114812:14)",
                "diff": null
              },
              "uuid": "9504b71e-5531-48c2-bb3b-f78f50117382",
              "parentUUID": "1e711e74-d407-48ed-a222-d1ebc29f77e8",
              "isHook": false,
              "skipped": false
            },
            {
              "title": "Verifica se botão de iniciar receita não é visível na tela de detalhes de uma bebida",
              "fullTitle": "Caso a receita já tenha sido feita, o botão \"Iniciar Receita\" deve sumir Verifica se botão de iniciar receita não é visível na tela de detalhes de uma bebida",
              "timedOut": null,
              "duration": 674,
              "state": "failed",
              "speed": null,
              "pass": false,
              "fail": true,
              "pending": false,
              "context": null,
              "code": "cy.visit('http://localhost:3000/bebidas/178319', {\n  onBeforeLoad: function onBeforeLoad(win) {\n    var doneRecipes = [{\n      \"id\": \"178319\",\n      \"type\": \"bebida\",\n      \"area\": \"\",\n      \"category\": \"Cocktail\",\n      \"alcoholicOrNot\": \"Alcoholic\",\n      \"name\": \"Aquamarine\",\n      \"image\": \"https://www.thecocktaildb.com/images/media/drink/zvsre31572902738.jpg\",\n      \"doneDate\": \"23/6/2020\",\n      \"tags\": []\n    }];\n    localStorage.setItem('doneRecipes', JSON.stringify(doneRecipes));\n    win.fetch = fetchMock;\n  }\n});\ncy.get('[data-testid=\"start-recipe-btn\"]').should('not.be.visible');",
              "err": {
                "message": "CypressError: cy.visit() failed trying to load:\n\nhttp://localhost:3000/bebidas/178319\n\nWe attempted to make an http request to this URL but the request failed without a response.\n\nWe received this error at the network level:\n\n  > Error: connect ECONNREFUSED 127.0.0.1:3000\n\nCommon situations why this would fail:\n  - you don't have internet access\n  - you forgot to run / boot your web server\n  - your web server isn't accessible\n  - you have weird network configuration settings on your computer\n\nThe stack trace for this error is:\n\nError: connect ECONNREFUSED 127.0.0.1:3000\n    at TCPConnectWrap.afterConnect [as oncomplete] (net.js:1056:14)\n",
                "estack": "CypressError: cy.visit() failed trying to load:\n\nhttp://localhost:3000/bebidas/178319\n\nWe attempted to make an http request to this URL but the request failed without a response.\n\nWe received this error at the network level:\n\n  > Error: connect ECONNREFUSED 127.0.0.1:3000\n\nCommon situations why this would fail:\n  - you don't have internet access\n  - you forgot to run / boot your web server\n  - your web server isn't accessible\n  - you have weird network configuration settings on your computer\n\nThe stack trace for this error is:\n\nError: connect ECONNREFUSED 127.0.0.1:3000\n    at TCPConnectWrap.afterConnect [as oncomplete] (net.js:1056:14)\n\n    at Object.cypressErr (http://localhost:38767/__cypress/runner/cypress_runner.js:86207:11)\n    at Object.throwErr (http://localhost:38767/__cypress/runner/cypress_runner.js:86162:18)\n    at Object.throwErrByPath (http://localhost:38767/__cypress/runner/cypress_runner.js:86194:17)\n    at http://localhost:38767/__cypress/runner/cypress_runner.js:71500:31\n    at visitFailedByErr (http://localhost:38767/__cypress/runner/cypress_runner.js:71006:12)\n    at http://localhost:38767/__cypress/runner/cypress_runner.js:71499:22\n    at tryCatcher (http://localhost:38767/__cypress/runner/cypress_runner.js:120203:23)\n    at Promise._settlePromiseFromHandler (http://localhost:38767/__cypress/runner/cypress_runner.js:118139:31)\n    at Promise._settlePromise (http://localhost:38767/__cypress/runner/cypress_runner.js:118196:18)\n    at Promise._settlePromise0 (http://localhost:38767/__cypress/runner/cypress_runner.js:118241:10)\n    at Promise._settlePromises (http://localhost:38767/__cypress/runner/cypress_runner.js:118316:18)\n    at Async../node_modules/bluebird/js/release/async.js.Async._drainQueue (http://localhost:38767/__cypress/runner/cypress_runner.js:114928:16)\n    at Async../node_modules/bluebird/js/release/async.js.Async._drainQueues (http://localhost:38767/__cypress/runner/cypress_runner.js:114938:10)\n    at Async.drainQueues (http://localhost:38767/__cypress/runner/cypress_runner.js:114812:14)",
                "diff": null
              },
              "uuid": "255d8aa7-ef05-4bcb-9ee6-88760ab9d2d2",
              "parentUUID": "1e711e74-d407-48ed-a222-d1ebc29f77e8",
              "isHook": false,
              "skipped": false
            }
          ],
          "suites": [],
          "passes": [],
          "failures": [
            "9504b71e-5531-48c2-bb3b-f78f50117382",
            "255d8aa7-ef05-4bcb-9ee6-88760ab9d2d2"
          ],
          "pending": [],
          "skipped": [],
          "duration": 1395,
          "root": false,
          "rootEmpty": false,
          "_timeout": 2000
        },
        {
          "uuid": "80bc5ef0-27aa-4c44-bd18-b33154ffe496",
          "title": "Caso a receita tenha sido iniciada mas não finalizada, o texto do botão deve ser \"Continuar Receita\"",
          "fullFile": "",
          "file": "",
          "beforeHooks": [],
          "afterHooks": [],
          "tests": [
            {
              "title": "Verifica botão de \"Continuar Receita\" na tela de detalhes de uma comida",
              "fullTitle": "Caso a receita tenha sido iniciada mas não finalizada, o texto do botão deve ser \"Continuar Receita\" Verifica botão de \"Continuar Receita\" na tela de detalhes de uma comida",
              "timedOut": null,
              "duration": 672,
              "state": "failed",
              "speed": null,
              "pass": false,
              "fail": true,
              "pending": false,
              "context": null,
              "code": "cy.visit('http://localhost:3000/comidas/52771', {\n  onBeforeLoad: function onBeforeLoad(win) {\n    var inProgressRecipes = {\n      meals: {\n        52771: []\n      }\n    };\n    localStorage.setItem('inProgressRecipes', JSON.stringify(inProgressRecipes));\n    win.fetch = fetchMock;\n  }\n});\ncy.get('[data-testid=\"start-recipe-btn\"]').contains('Continuar Receita');",
              "err": {
                "message": "CypressError: cy.visit() failed trying to load:\n\nhttp://localhost:3000/comidas/52771\n\nWe attempted to make an http request to this URL but the request failed without a response.\n\nWe received this error at the network level:\n\n  > Error: connect ECONNREFUSED 127.0.0.1:3000\n\nCommon situations why this would fail:\n  - you don't have internet access\n  - you forgot to run / boot your web server\n  - your web server isn't accessible\n  - you have weird network configuration settings on your computer\n\nThe stack trace for this error is:\n\nError: connect ECONNREFUSED 127.0.0.1:3000\n    at TCPConnectWrap.afterConnect [as oncomplete] (net.js:1056:14)\n",
                "estack": "CypressError: cy.visit() failed trying to load:\n\nhttp://localhost:3000/comidas/52771\n\nWe attempted to make an http request to this URL but the request failed without a response.\n\nWe received this error at the network level:\n\n  > Error: connect ECONNREFUSED 127.0.0.1:3000\n\nCommon situations why this would fail:\n  - you don't have internet access\n  - you forgot to run / boot your web server\n  - your web server isn't accessible\n  - you have weird network configuration settings on your computer\n\nThe stack trace for this error is:\n\nError: connect ECONNREFUSED 127.0.0.1:3000\n    at TCPConnectWrap.afterConnect [as oncomplete] (net.js:1056:14)\n\n    at Object.cypressErr (http://localhost:38767/__cypress/runner/cypress_runner.js:86207:11)\n    at Object.throwErr (http://localhost:38767/__cypress/runner/cypress_runner.js:86162:18)\n    at Object.throwErrByPath (http://localhost:38767/__cypress/runner/cypress_runner.js:86194:17)\n    at http://localhost:38767/__cypress/runner/cypress_runner.js:71500:31\n    at visitFailedByErr (http://localhost:38767/__cypress/runner/cypress_runner.js:71006:12)\n    at http://localhost:38767/__cypress/runner/cypress_runner.js:71499:22\n    at tryCatcher (http://localhost:38767/__cypress/runner/cypress_runner.js:120203:23)\n    at Promise._settlePromiseFromHandler (http://localhost:38767/__cypress/runner/cypress_runner.js:118139:31)\n    at Promise._settlePromise (http://localhost:38767/__cypress/runner/cypress_runner.js:118196:18)\n    at Promise._settlePromise0 (http://localhost:38767/__cypress/runner/cypress_runner.js:118241:10)\n    at Promise._settlePromises (http://localhost:38767/__cypress/runner/cypress_runner.js:118316:18)\n    at Async../node_modules/bluebird/js/release/async.js.Async._drainQueue (http://localhost:38767/__cypress/runner/cypress_runner.js:114928:16)\n    at Async../node_modules/bluebird/js/release/async.js.Async._drainQueues (http://localhost:38767/__cypress/runner/cypress_runner.js:114938:10)\n    at Async.drainQueues (http://localhost:38767/__cypress/runner/cypress_runner.js:114812:14)",
                "diff": null
              },
              "uuid": "bb82541c-1078-46e5-a7d3-045834d9a8cd",
              "parentUUID": "80bc5ef0-27aa-4c44-bd18-b33154ffe496",
              "isHook": false,
              "skipped": false
            },
            {
              "title": "Verifica botão de \"Continuar Receita\" na tela de detalhes de uma bebida",
              "fullTitle": "Caso a receita tenha sido iniciada mas não finalizada, o texto do botão deve ser \"Continuar Receita\" Verifica botão de \"Continuar Receita\" na tela de detalhes de uma bebida",
              "timedOut": null,
              "duration": 766,
              "state": "failed",
              "speed": null,
              "pass": false,
              "fail": true,
              "pending": false,
              "context": null,
              "code": "cy.visit('http://localhost:3000/bebidas/178319', {\n  onBeforeLoad: function onBeforeLoad(win) {\n    var inProgressRecipes = {\n      cocktails: {\n        178319: []\n      }\n    };\n    localStorage.setItem('inProgressRecipes', JSON.stringify(inProgressRecipes));\n    win.fetch = fetchMock;\n  }\n});\ncy.get('[data-testid=\"start-recipe-btn\"]').contains('Continuar Receita');",
              "err": {
                "message": "CypressError: cy.visit() failed trying to load:\n\nhttp://localhost:3000/bebidas/178319\n\nWe attempted to make an http request to this URL but the request failed without a response.\n\nWe received this error at the network level:\n\n  > Error: connect ECONNREFUSED 127.0.0.1:3000\n\nCommon situations why this would fail:\n  - you don't have internet access\n  - you forgot to run / boot your web server\n  - your web server isn't accessible\n  - you have weird network configuration settings on your computer\n\nThe stack trace for this error is:\n\nError: connect ECONNREFUSED 127.0.0.1:3000\n    at TCPConnectWrap.afterConnect [as oncomplete] (net.js:1056:14)\n",
                "estack": "CypressError: cy.visit() failed trying to load:\n\nhttp://localhost:3000/bebidas/178319\n\nWe attempted to make an http request to this URL but the request failed without a response.\n\nWe received this error at the network level:\n\n  > Error: connect ECONNREFUSED 127.0.0.1:3000\n\nCommon situations why this would fail:\n  - you don't have internet access\n  - you forgot to run / boot your web server\n  - your web server isn't accessible\n  - you have weird network configuration settings on your computer\n\nThe stack trace for this error is:\n\nError: connect ECONNREFUSED 127.0.0.1:3000\n    at TCPConnectWrap.afterConnect [as oncomplete] (net.js:1056:14)\n\n    at Object.cypressErr (http://localhost:38767/__cypress/runner/cypress_runner.js:86207:11)\n    at Object.throwErr (http://localhost:38767/__cypress/runner/cypress_runner.js:86162:18)\n    at Object.throwErrByPath (http://localhost:38767/__cypress/runner/cypress_runner.js:86194:17)\n    at http://localhost:38767/__cypress/runner/cypress_runner.js:71500:31\n    at visitFailedByErr (http://localhost:38767/__cypress/runner/cypress_runner.js:71006:12)\n    at http://localhost:38767/__cypress/runner/cypress_runner.js:71499:22\n    at tryCatcher (http://localhost:38767/__cypress/runner/cypress_runner.js:120203:23)\n    at Promise._settlePromiseFromHandler (http://localhost:38767/__cypress/runner/cypress_runner.js:118139:31)\n    at Promise._settlePromise (http://localhost:38767/__cypress/runner/cypress_runner.js:118196:18)\n    at Promise._settlePromise0 (http://localhost:38767/__cypress/runner/cypress_runner.js:118241:10)\n    at Promise._settlePromises (http://localhost:38767/__cypress/runner/cypress_runner.js:118316:18)\n    at Async../node_modules/bluebird/js/release/async.js.Async._drainQueue (http://localhost:38767/__cypress/runner/cypress_runner.js:114928:16)\n    at Async../node_modules/bluebird/js/release/async.js.Async._drainQueues (http://localhost:38767/__cypress/runner/cypress_runner.js:114938:10)\n    at Async.drainQueues (http://localhost:38767/__cypress/runner/cypress_runner.js:114812:14)",
                "diff": null
              },
              "uuid": "6f84f4cd-8f5f-46b8-a84e-0dcdd2921f98",
              "parentUUID": "80bc5ef0-27aa-4c44-bd18-b33154ffe496",
              "isHook": false,
              "skipped": false
            }
          ],
          "suites": [],
          "passes": [],
          "failures": [
            "bb82541c-1078-46e5-a7d3-045834d9a8cd",
            "6f84f4cd-8f5f-46b8-a84e-0dcdd2921f98"
          ],
          "pending": [],
          "skipped": [],
          "duration": 1438,
          "root": false,
          "rootEmpty": false,
          "_timeout": 2000
        },
        {
          "uuid": "7aa81b83-60ea-4097-8b7f-3765d63913a2",
          "title": "Quando o botão \"Iniciar Receita\" for clicado, a rota deve mudar para a tela de receita em processo",
          "fullFile": "",
          "file": "",
          "beforeHooks": [],
          "afterHooks": [],
          "tests": [
            {
              "title": "Redireciona para tela de receita da comida em processo",
              "fullTitle": "Quando o botão \"Iniciar Receita\" for clicado, a rota deve mudar para a tela de receita em processo Redireciona para tela de receita da comida em processo",
              "timedOut": null,
              "duration": 677,
              "state": "failed",
              "speed": null,
              "pass": false,
              "fail": true,
              "pending": false,
              "context": null,
              "code": "cy.visit('http://localhost:3000/comidas/52771', {\n  onBeforeLoad: function onBeforeLoad(win) {\n    win.fetch = fetchMock;\n  }\n});\ncy.get('[data-testid=\"start-recipe-btn\"]').click();\ncy.location().should(function (loc) {\n  return expect(loc.pathname).to.eq('/comidas/52771/in-progress');\n});",
              "err": {
                "message": "CypressError: cy.visit() failed trying to load:\n\nhttp://localhost:3000/comidas/52771\n\nWe attempted to make an http request to this URL but the request failed without a response.\n\nWe received this error at the network level:\n\n  > Error: connect ECONNREFUSED 127.0.0.1:3000\n\nCommon situations why this would fail:\n  - you don't have internet access\n  - you forgot to run / boot your web server\n  - your web server isn't accessible\n  - you have weird network configuration settings on your computer\n\nThe stack trace for this error is:\n\nError: connect ECONNREFUSED 127.0.0.1:3000\n    at TCPConnectWrap.afterConnect [as oncomplete] (net.js:1056:14)\n",
                "estack": "CypressError: cy.visit() failed trying to load:\n\nhttp://localhost:3000/comidas/52771\n\nWe attempted to make an http request to this URL but the request failed without a response.\n\nWe received this error at the network level:\n\n  > Error: connect ECONNREFUSED 127.0.0.1:3000\n\nCommon situations why this would fail:\n  - you don't have internet access\n  - you forgot to run / boot your web server\n  - your web server isn't accessible\n  - you have weird network configuration settings on your computer\n\nThe stack trace for this error is:\n\nError: connect ECONNREFUSED 127.0.0.1:3000\n    at TCPConnectWrap.afterConnect [as oncomplete] (net.js:1056:14)\n\n    at Object.cypressErr (http://localhost:38767/__cypress/runner/cypress_runner.js:86207:11)\n    at Object.throwErr (http://localhost:38767/__cypress/runner/cypress_runner.js:86162:18)\n    at Object.throwErrByPath (http://localhost:38767/__cypress/runner/cypress_runner.js:86194:17)\n    at http://localhost:38767/__cypress/runner/cypress_runner.js:71500:31\n    at visitFailedByErr (http://localhost:38767/__cypress/runner/cypress_runner.js:71006:12)\n    at http://localhost:38767/__cypress/runner/cypress_runner.js:71499:22\n    at tryCatcher (http://localhost:38767/__cypress/runner/cypress_runner.js:120203:23)\n    at Promise._settlePromiseFromHandler (http://localhost:38767/__cypress/runner/cypress_runner.js:118139:31)\n    at Promise._settlePromise (http://localhost:38767/__cypress/runner/cypress_runner.js:118196:18)\n    at Promise._settlePromise0 (http://localhost:38767/__cypress/runner/cypress_runner.js:118241:10)\n    at Promise._settlePromises (http://localhost:38767/__cypress/runner/cypress_runner.js:118316:18)\n    at Async../node_modules/bluebird/js/release/async.js.Async._drainQueue (http://localhost:38767/__cypress/runner/cypress_runner.js:114928:16)\n    at Async../node_modules/bluebird/js/release/async.js.Async._drainQueues (http://localhost:38767/__cypress/runner/cypress_runner.js:114938:10)\n    at Async.drainQueues (http://localhost:38767/__cypress/runner/cypress_runner.js:114812:14)",
                "diff": null
              },
              "uuid": "c4f924cd-5f57-4eec-bf8e-0998b4777c12",
              "parentUUID": "7aa81b83-60ea-4097-8b7f-3765d63913a2",
              "isHook": false,
              "skipped": false
[...]
                "diff": null
              },
              "uuid": "edb49eec-bb27-4106-83a4-f5dcd52d4ca5",
              "parentUUID": "023f68ae-e55a-4e0b-9964-7af696155574",
              "isHook": false,
              "skipped": false
            },
            {
              "title": "Favorita a bebida",
              "fullTitle": "Ao clicar no botão de favoritar, o ícone do coração deve mudar de seu estado atual, caso esteja preenchido deve mudar para \"despreenchido\" e vice-versa Favorita a bebida",
              "timedOut": null,
              "duration": 805,
              "state": "failed",
              "speed": null,
              "pass": false,
              "fail": true,
              "pending": false,
              "context": null,
              "code": "cy.visit('http://localhost:3000/bebidas/178319', {\n  onBeforeLoad: function onBeforeLoad(win) {\n    win.fetch = fetchMock;\n  }\n});\ncy.get('[data-testid=\"favorite-btn\"]').should('have.attr', 'src').should('include', 'whiteHeartIcon');\ncy.get('[data-testid=\"favorite-btn\"]').click();\ncy.get('[data-testid=\"favorite-btn\"]').should('have.attr', 'src').should('include', 'blackHeartIcon');",
              "err": {
                "message": "CypressError: cy.visit() failed trying to load:\n\nhttp://localhost:3000/bebidas/178319\n\nWe attempted to make an http request to this URL but the request failed without a response.\n\nWe received this error at the network level:\n\n  > Error: connect ECONNREFUSED 127.0.0.1:3000\n\nCommon situations why this would fail:\n  - you don't have internet access\n  - you forgot to run / boot your web server\n  - your web server isn't accessible\n  - you have weird network configuration settings on your computer\n\nThe stack trace for this error is:\n\nError: connect ECONNREFUSED 127.0.0.1:3000\n    at TCPConnectWrap.afterConnect [as oncomplete] (net.js:1056:14)\n",
                "estack": "CypressError: cy.visit() failed trying to load:\n\nhttp://localhost:3000/bebidas/178319\n\nWe attempted to make an http request to this URL but the request failed without a response.\n\nWe received this error at the network level:\n\n  > Error: connect ECONNREFUSED 127.0.0.1:3000\n\nCommon situations why this would fail:\n  - you don't have internet access\n  - you forgot to run / boot your web server\n  - your web server isn't accessible\n  - you have weird network configuration settings on your computer\n\nThe stack trace for this error is:\n\nError: connect ECONNREFUSED 127.0.0.1:3000\n    at TCPConnectWrap.afterConnect [as oncomplete] (net.js:1056:14)\n\n    at Object.cypressErr (http://localhost:38767/__cypress/runner/cypress_runner.js:86207:11)\n    at Object.throwErr (http://localhost:38767/__cypress/runner/cypress_runner.js:86162:18)\n    at Object.throwErrByPath (http://localhost:38767/__cypress/runner/cypress_runner.js:86194:17)\n    at http://localhost:38767/__cypress/runner/cypress_runner.js:71500:31\n    at visitFailedByErr (http://localhost:38767/__cypress/runner/cypress_runner.js:71006:12)\n    at http://localhost:38767/__cypress/runner/cypress_runner.js:71499:22\n    at tryCatcher (http://localhost:38767/__cypress/runner/cypress_runner.js:120203:23)\n    at Promise._settlePromiseFromHandler (http://localhost:38767/__cypress/runner/cypress_runner.js:118139:31)\n    at Promise._settlePromise (http://localhost:38767/__cypress/runner/cypress_runner.js:118196:18)\n    at Promise._settlePromise0 (http://localhost:38767/__cypress/runner/cypress_runner.js:118241:10)\n    at Promise._settlePromises (http://localhost:38767/__cypress/runner/cypress_runner.js:118316:18)\n    at Async../node_modules/bluebird/js/release/async.js.Async._drainQueue (http://localhost:38767/__cypress/runner/cypress_runner.js:114928:16)\n    at Async../node_modules/bluebird/js/release/async.js.Async._drainQueues (http://localhost:38767/__cypress/runner/cypress_runner.js:114938:10)\n    at Async.drainQueues (http://localhost:38767/__cypress/runner/cypress_runner.js:114812:14)",
                "diff": null
              },
              "uuid": "ef636c83-6012-4e34-902b-fbf11da486f1",
              "parentUUID": "023f68ae-e55a-4e0b-9964-7af696155574",
              "isHook": false,
              "skipped": false
            },
            {
              "title": "Desfavorita a bebida",
              "fullTitle": "Ao clicar no botão de favoritar, o ícone do coração deve mudar de seu estado atual, caso esteja preenchido deve mudar para \"despreenchido\" e vice-versa Desfavorita a bebida",
              "timedOut": null,
              "duration": 795,
              "state": "failed",
              "speed": null,
              "pass": false,
              "fail": true,
              "pending": false,
              "context": null,
              "code": "cy.visit('http://localhost:3000/bebidas/178319', {\n  onBeforeLoad: function onBeforeLoad(win) {\n    var favoriteRecipes = [{\n      \"id\": \"178319\",\n      \"type\": \"bebida\",\n      \"category\": \"Cocktail\",\n      \"alcoholicOrNot\": \"Alcoholic\",\n      \"name\": \"Aquamarine\",\n      \"image\": \"https://www.thecocktaildb.com/images/media/drink/zvsre31572902738.jpg\"\n    }];\n    localStorage.setItem('favoriteRecipes', JSON.stringify(favoriteRecipes));\n    win.fetch = fetchMock;\n  }\n});\ncy.get('[data-testid=\"favorite-btn\"]').should('have.attr', 'src').should('include', 'blackHeartIcon');\ncy.get('[data-testid=\"favorite-btn\"]').click();\ncy.get('[data-testid=\"favorite-btn\"]').should('have.attr', 'src').should('include', 'whiteHeartIcon');",
              "err": {
                "message": "CypressError: cy.visit() failed trying to load:\n\nhttp://localhost:3000/bebidas/178319\n\nWe attempted to make an http request to this URL but the request failed without a response.\n\nWe received this error at the network level:\n\n  > Error: connect ECONNREFUSED 127.0.0.1:3000\n\nCommon situations why this would fail:\n  - you don't have internet access\n  - you forgot to run / boot your web server\n  - your web server isn't accessible\n  - you have weird network configuration settings on your computer\n\nThe stack trace for this error is:\n\nError: connect ECONNREFUSED 127.0.0.1:3000\n    at TCPConnectWrap.afterConnect [as oncomplete] (net.js:1056:14)\n",
                "estack": "CypressError: cy.visit() failed trying to load:\n\nhttp://localhost:3000/bebidas/178319\n\nWe attempted to make an http request to this URL but the request failed without a response.\n\nWe received this error at the network level:\n\n  > Error: connect ECONNREFUSED 127.0.0.1:3000\n\nCommon situations why this would fail:\n  - you don't have internet access\n  - you forgot to run / boot your web server\n  - your web server isn't accessible\n  - you have weird network configuration settings on your computer\n\nThe stack trace for this error is:\n\nError: connect ECONNREFUSED 127.0.0.1:3000\n    at TCPConnectWrap.afterConnect [as oncomplete] (net.js:1056:14)\n\n    at Object.cypressErr (http://localhost:38767/__cypress/runner/cypress_runner.js:86207:11)\n    at Object.throwErr (http://localhost:38767/__cypress/runner/cypress_runner.js:86162:18)\n    at Object.throwErrByPath (http://localhost:38767/__cypress/runner/cypress_runner.js:86194:17)\n    at http://localhost:38767/__cypress/runner/cypress_runner.js:71500:31\n    at visitFailedByErr (http://localhost:38767/__cypress/runner/cypress_runner.js:71006:12)\n    at http://localhost:38767/__cypress/runner/cypress_runner.js:71499:22\n    at tryCatcher (http://localhost:38767/__cypress/runner/cypress_runner.js:120203:23)\n    at Promise._settlePromiseFromHandler (http://localhost:38767/__cypress/runner/cypress_runner.js:118139:31)\n    at Promise._settlePromise (http://localhost:38767/__cypress/runner/cypress_runner.js:118196:18)\n    at Promise._settlePromise0 (http://localhost:38767/__cypress/runner/cypress_runner.js:118241:10)\n    at Promise._settlePromises (http://localhost:38767/__cypress/runner/cypress_runner.js:118316:18)\n    at Async../node_modules/bluebird/js/release/async.js.Async._drainQueue (http://localhost:38767/__cypress/runner/cypress_runner.js:114928:16)\n    at Async../node_modules/bluebird/js/release/async.js.Async._drainQueues (http://localhost:38767/__cypress/runner/cypress_runner.js:114938:10)\n    at Async.drainQueues (http://localhost:38767/__cypress/runner/cypress_runner.js:114812:14)",
                "diff": null
              },
              "uuid": "9cb1b207-6127-4852-a3d4-d7f0002ac42e",
              "parentUUID": "023f68ae-e55a-4e0b-9964-7af696155574",
              "isHook": false,
              "skipped": false
            }
          ],
          "suites": [],
          "passes": [],
          "failures": [
            "35f902d9-77f7-49bc-bbf0-eb8538dfcc43",
            "edb49eec-bb27-4106-83a4-f5dcd52d4ca5",
            "ef636c83-6012-4e34-902b-fbf11da486f1",
            "9cb1b207-6127-4852-a3d4-d7f0002ac42e"
          ],
          "pending": [],
          "skipped": [],
          "duration": 3125,
          "root": false,
          "rootEmpty": false,
          "_timeout": 2000
        },
        {
          "uuid": "6cd976f9-14d5-41c4-ac97-26039a4ddc9f",
          "title": "As receitas favoritas devem ser salvas em `localStorage` na chave `favoriteRecipes`",
          "fullFile": "",
          "file": "",
          "beforeHooks": [],
          "afterHooks": [],
          "tests": [
            {
              "title": "Verifica se após favoritar receita de uma comida, ela é salva corretamente no localStorage",
              "fullTitle": "As receitas favoritas devem ser salvas em `localStorage` na chave `favoriteRecipes` Verifica se após favoritar receita de uma comida, ela é salva corretamente no localStorage",
              "timedOut": null,
              "duration": 836,
              "state": "failed",
              "speed": null,
              "pass": false,
              "fail": true,
              "pending": false,
              "context": null,
              "code": "cy.visit('http://localhost:3000/comidas/52771', {\n  onBeforeLoad: function onBeforeLoad(win) {\n    win.fetch = fetchMock;\n  }\n});\ncy.get('[data-testid=\"favorite-btn\"]').click().then(function () {\n  var favoriteRecipes = JSON.parse(localStorage.getItem('favoriteRecipes'));\n  var expectedFavoriteRecipes = [{\n    id: '52771',\n    type: 'comida',\n    area: 'Italian',\n    category: 'Vegetarian',\n    alcoholicOrNot: '',\n    name: 'Spicy Arrabiata Penne',\n    image: 'https://www.themealdb.com/images/media/meals/ustsqw1468250014.jpg'\n  }];\n  expect(favoriteRecipes).to.deep.eq(expectedFavoriteRecipes);\n});",
              "err": {
                "message": "CypressError: cy.visit() failed trying to load:\n\nhttp://localhost:3000/comidas/52771\n\nWe attempted to make an http request to this URL but the request failed without a response.\n\nWe received this error at the network level:\n\n  > Error: connect ECONNREFUSED 127.0.0.1:3000\n\nCommon situations why this would fail:\n  - you don't have internet access\n  - you forgot to run / boot your web server\n  - your web server isn't accessible\n  - you have weird network configuration settings on your computer\n\nThe stack trace for this error is:\n\nError: connect ECONNREFUSED 127.0.0.1:3000\n    at TCPConnectWrap.afterConnect [as oncomplete] (net.js:1056:14)\n",
                "estack": "CypressError: cy.visit() failed trying to load:\n\nhttp://localhost:3000/comidas/52771\n\nWe attempted to make an http request to this URL but the request failed without a response.\n\nWe received this error at the network level:\n\n  > Error: connect ECONNREFUSED 127.0.0.1:3000\n\nCommon situations why this would fail:\n  - you don't have internet access\n  - you forgot to run / boot your web server\n  - your web server isn't accessible\n  - you have weird network configuration settings on your computer\n\nThe stack trace for this error is:\n\nError: connect ECONNREFUSED 127.0.0.1:3000\n    at TCPConnectWrap.afterConnect [as oncomplete] (net.js:1056:14)\n\n    at Object.cypressErr (http://localhost:38767/__cypress/runner/cypress_runner.js:86207:11)\n    at Object.throwErr (http://localhost:38767/__cypress/runner/cypress_runner.js:86162:18)\n    at Object.throwErrByPath (http://localhost:38767/__cypress/runner/cypress_runner.js:86194:17)\n    at http://localhost:38767/__cypress/runner/cypress_runner.js:71500:31\n    at visitFailedByErr (http://localhost:38767/__cypress/runner/cypress_runner.js:71006:12)\n    at http://localhost:38767/__cypress/runner/cypress_runner.js:71499:22\n    at tryCatcher (http://localhost:38767/__cypress/runner/cypress_runner.js:120203:23)\n    at Promise._settlePromiseFromHandler (http://localhost:38767/__cypress/runner/cypress_runner.js:118139:31)\n    at Promise._settlePromise (http://localhost:38767/__cypress/runner/cypress_runner.js:118196:18)\n    at Promise._settlePromise0 (http://localhost:38767/__cypress/runner/cypress_runner.js:118241:10)\n    at Promise._settlePromises (http://localhost:38767/__cypress/runner/cypress_runner.js:118316:18)\n    at Async../node_modules/bluebird/js/release/async.js.Async._drainQueue (http://localhost:38767/__cypress/runner/cypress_runner.js:114928:16)\n    at Async../node_modules/bluebird/js/release/async.js.Async._drainQueues (http://localhost:38767/__cypress/runner/cypress_runner.js:114938:10)\n    at Async.drainQueues (http://localhost:38767/__cypress/runner/cypress_runner.js:114812:14)",
                "diff": null
              },
              "uuid": "e7f243d7-dde3-449f-811f-f8946f080126",
              "parentUUID": "6cd976f9-14d5-41c4-ac97-26039a4ddc9f",
              "isHook": false,
              "skipped": false
            },
            {
              "title": "Verifica se após favoritar receita de uma bebida, ela é salva corretamente no localStorage",
              "fullTitle": "As receitas favoritas devem ser salvas em `localStorage` na chave `favoriteRecipes` Verifica se após favoritar receita de uma bebida, ela é salva corretamente no localStorage",
              "timedOut": null,
              "duration": 695,
              "state": "failed",
              "speed": null,
              "pass": false,
              "fail": true,
              "pending": false,
              "context": null,
              "code": "cy.visit('http://localhost:3000/bebidas/178319', {\n  onBeforeLoad: function onBeforeLoad(win) {\n    win.fetch = fetchMock;\n  }\n});\ncy.get('[data-testid=\"favorite-btn\"]').click().then(function () {\n  var favoriteRecipes = JSON.parse(localStorage.getItem('favoriteRecipes'));\n  var expectedFavoriteRecipes = [{\n    id: '178319',\n    type: 'bebida',\n    area: '',\n    category: 'Cocktail',\n    alcoholicOrNot: 'Alcoholic',\n    name: 'Aquamarine',\n    image: 'https://www.thecocktaildb.com/images/media/drink/zvsre31572902738.jpg'\n  }];\n  expect(favoriteRecipes).to.deep.eq(expectedFavoriteRecipes);\n});",
              "err": {
                "message": "CypressError: cy.visit() failed trying to load:\n\nhttp://localhost:3000/bebidas/178319\n\nWe attempted to make an http request to this URL but the request failed without a response.\n\nWe received this error at the network level:\n\n  > Error: connect ECONNREFUSED 127.0.0.1:3000\n\nCommon situations why this would fail:\n  - you don't have internet access\n  - you forgot to run / boot your web server\n  - your web server isn't accessible\n  - you have weird network configuration settings on your computer\n\nThe stack trace for this error is:\n\nError: connect ECONNREFUSED 127.0.0.1:3000\n    at TCPConnectWrap.afterConnect [as oncomplete] (net.js:1056:14)\n",
                "estack": "CypressError: cy.visit() failed trying to load:\n\nhttp://localhost:3000/bebidas/178319\n\nWe attempted to make an http request to this URL but the request failed without a response.\n\nWe received this error at the network level:\n\n  > Error: connect ECONNREFUSED 127.0.0.1:3000\n\nCommon situations why this would fail:\n  - you don't have internet access\n  - you forgot to run / boot your web server\n  - your web server isn't accessible\n  - you have weird network configuration settings on your computer\n\nThe stack trace for this error is:\n\nError: connect ECONNREFUSED 127.0.0.1:3000\n    at TCPConnectWrap.afterConnect [as oncomplete] (net.js:1056:14)\n\n    at Object.cypressErr (http://localhost:38767/__cypress/runner/cypress_runner.js:86207:11)\n    at Object.throwErr (http://localhost:38767/__cypress/runner/cypress_runner.js:86162:18)\n    at Object.throwErrByPath (http://localhost:38767/__cypress/runner/cypress_runner.js:86194:17)\n    at http://localhost:38767/__cypress/runner/cypress_runner.js:71500:31\n    at visitFailedByErr (http://localhost:38767/__cypress/runner/cypress_runner.js:71006:12)\n    at http://localhost:38767/__cypress/runner/cypress_runner.js:71499:22\n    at tryCatcher (http://localhost:38767/__cypress/runner/cypress_runner.js:120203:23)\n    at Promise._settlePromiseFromHandler (http://localhost:38767/__cypress/runner/cypress_runner.js:118139:31)\n    at Promise._settlePromise (http://localhost:38767/__cypress/runner/cypress_runner.js:118196:18)\n    at Promise._settlePromise0 (http://localhost:38767/__cypress/runner/cypress_runner.js:118241:10)\n    at Promise._settlePromises (http://localhost:38767/__cypress/runner/cypress_runner.js:118316:18)\n    at Async../node_modules/bluebird/js/release/async.js.Async._drainQueue (http://localhost:38767/__cypress/runner/cypress_runner.js:114928:16)\n    at Async../node_modules/bluebird/js/release/async.js.Async._drainQueues (http://localhost:38767/__cypress/runner/cypress_runner.js:114938:10)\n    at Async.drainQueues (http://localhost:38767/__cypress/runner/cypress_runner.js:114812:14)",
                "diff": null
              },
              "uuid": "6a6c88ad-16ce-4111-a57b-e7ec4b21bf23",
              "parentUUID": "6cd976f9-14d5-41c4-ac97-26039a4ddc9f",
              "isHook": false,
              "skipped": false
            }
          ],
          "suites": [],
          "passes": [],
          "failures": [
            "e7f243d7-dde3-449f-811f-f8946f080126",
            "6a6c88ad-16ce-4111-a57b-e7ec4b21bf23"
          ],
          "pending": [],
          "skipped": [],
          "duration": 1531,
          "root": false,
          "rootEmpty": false,
          "_timeout": 2000
        }
      ],
      "passes": [],
      "failures": [],
      "pending": [],
      "skipped": [],
      "duration": 0,
      "root": true,
      "rootEmpty": true,
      "_timeout": 2000
    }
  ],
  "meta": {
    "mocha": {
      "version": "8.0.1"
    },
    "mochawesome": {
      "options": {
        "quiet": false,
        "reportFilename": "mochawesome",
        "saveHtml": false,
        "saveJson": true,
        "consoleReporter": "spec",
        "useInlineDiffs": false,
        "code": true
      },
      "version": "6.1.1"
    },
    "marge": {
      "options": {
        "id": "default",
        "reportDir": "cypress/reports",
        "overwrite": false,
        "html": false,
        "json": true
      },
      "version": "5.1.0"
    }
  }
}