{
  "stats": {
    "suites": 3,
    "tests": 4,
    "passes": 0,
    "pending": 0,
    "failures": 4,
    "start": "2020-09-09T13:37:20.439Z",
    "end": "2020-09-09T13:37:23.227Z",
    "duration": 2788,
    "testsRegistered": 4,
    "passPercent": 0,
    "pendingPercent": 0,
    "other": 0,
    "hasOther": false,
    "skipped": 0,
    "hasSkipped": false
  },
  "results": [
    {
      "uuid": "8c9fabe2-1ea5-4782-8eec-5a3e0502e494",
      "title": "",
      "fullFile": "cypress/integration/explore_spec.js",
      "file": "cypress/integration/explore_spec.js",
      "beforeHooks": [],
      "afterHooks": [],
      "tests": [],
      "suites": [
        {
          "uuid": "4b762eab-813e-48ce-bce8-c6dfc97d47c9",
          "title": "Todos os elementos devem respeitar os atributos descritos no protótipo para a tela de explorar",
          "fullFile": "",
          "file": "",
          "beforeHooks": [],
          "afterHooks": [],
          "tests": [
            {
              "title": "Tem os data-testids explore-food e explore-drinks",
              "fullTitle": "Todos os elementos devem respeitar os atributos descritos no protótipo para a tela de explorar Tem os data-testids explore-food e explore-drinks",
              "timedOut": null,
              "duration": 765,
              "state": "failed",
              "speed": null,
              "pass": false,
              "fail": true,
              "pending": false,
              "context": null,
              "code": "cy.visit('http://localhost:3000/explorar');\ncy.get('[data-testid=\"explore-food\"]');\ncy.get('[data-testid=\"explore-drinks\"]');",
              "err": {
                "message": "CypressError: cy.visit() failed trying to load:\n\nhttp://localhost:3000/explorar\n\nWe attempted to make an http request to this URL but the request failed without a response.\n\nWe received this error at the network level:\n\n  > Error: connect ECONNREFUSED 127.0.0.1:3000\n\nCommon situations why this would fail:\n  - you don't have internet access\n  - you forgot to run / boot your web server\n  - your web server isn't accessible\n  - you have weird network configuration settings on your computer\n\nThe stack trace for this error is:\n\nError: connect ECONNREFUSED 127.0.0.1:3000\n    at TCPConnectWrap.afterConnect [as oncomplete] (net.js:1056:14)\n",
                "estack": "CypressError: cy.visit() failed trying to load:\n\nhttp://localhost:3000/explorar\n\nWe attempted to make an http request to this URL but the request failed without a response.\n\nWe received this error at the network level:\n\n  > Error: connect ECONNREFUSED 127.0.0.1:3000\n\nCommon situations why this would fail:\n  - you don't have internet access\n  - you forgot to run / boot your web server\n  - your web server isn't accessible\n  - you have weird network configuration settings on your computer\n\nThe stack trace for this error is:\n\nError: connect ECONNREFUSED 127.0.0.1:3000\n    at TCPConnectWrap.afterConnect [as oncomplete] (net.js:1056:14)\n\n    at Object.cypressErr (http://localhost:38767/__cypress/runner/cypress_runner.js:86207:11)\n    at Object.throwErr (http://localhost:38767/__cypress/runner/cypress_runner.js:86162:18)\n    at Object.throwErrByPath (http://localhost:38767/__cypress/runner/cypress_runner.js:86194:17)\n    at http://localhost:38767/__cypress/runner/cypress_runner.js:71500:31\n    at visitFailedByErr (http://localhost:38767/__cypress/runner/cypress_runner.js:71006:12)\n    at http://localhost:38767/__cypress/runner/cypress_runner.js:71499:22\n    at tryCatcher (http://localhost:38767/__cypress/runner/cypress_runner.js:120203:23)\n    at Promise._settlePromiseFromHandler (http://localhost:38767/__cypress/runner/cypress_runner.js:118139:31)\n    at Promise._settlePromise (http://localhost:38767/__cypress/runner/cypress_runner.js:118196:18)\n    at Promise._settlePromise0 (http://localhost:38767/__cypress/runner/cypress_runner.js:118241:10)\n    at Promise._settlePromises (http://localhost:38767/__cypress/runner/cypress_runner.js:118316:18)\n    at Async../node_modules/bluebird/js/release/async.js.Async._drainQueue (http://localhost:38767/__cypress/runner/cypress_runner.js:114928:16)\n    at Async../node_modules/bluebird/js/release/async.js.Async._drainQueues (http://localhost:38767/__cypress/runner/cypress_runner.js:114938:10)\n    at Async.drainQueues (http://localhost:38767/__cypress/runner/cypress_runner.js:114812:14)",
                "diff": null
              },
              "uuid": "29d4b08b-4a4b-4563-9c8b-fdeb22862b51",
              "parentUUID": "4b762eab-813e-48ce-bce8-c6dfc97d47c9",
              "isHook": false,
              "skipped": false
            }
          ],
          "suites": [],
          "passes": [],
          "failures": [
            "29d4b08b-4a4b-4563-9c8b-fdeb22862b51"
          ],
          "pending": [],
          "skipped": [],
          "duration": 765,
          "root": false,
          "rootEmpty": false,
          "_timeout": 2000
        },
        {
          "uuid": "5c6ac58b-78ac-4853-bbfa-b50021298bfa",
          "title": "A tela deve ter dois botões: um para explorar comidas e o outro para explorar bebidas",
          "fullFile": "",
          "file": "",
          "beforeHooks": [],
          "afterHooks": [],
          "tests": [
            {
              "title": "O nomes dos botões devem ser \"Explorar Comidas\" e \"Explorar Bebidas\"",
              "fullTitle": "A tela deve ter dois botões: um para explorar comidas e o outro para explorar bebidas O nomes dos botões devem ser \"Explorar Comidas\" e \"Explorar Bebidas\"",
              "timedOut": null,
              "duration": 654,
              "state": "failed",
              "speed": null,
              "pass": false,
              "fail": true,
              "pending": false,
              "context": null,
              "code": "cy.visit('http://localhost:3000/explorar');\ncy.get('[data-testid=\"explore-food\"]').contains('Explorar Comidas');\ncy.get('[data-testid=\"explore-drinks\"]').contains('Explorar Bebidas');",
              "err": {
                "message": "CypressError: cy.visit() failed trying to load:\n\nhttp://localhost:3000/explorar\n\nWe attempted to make an http request to this URL but the request failed without a response.\n\nWe received this error at the network level:\n\n  > Error: connect ECONNREFUSED 127.0.0.1:3000\n\nCommon situations why this would fail:\n  - you don't have internet access\n  - you forgot to run / boot your web server\n  - your web server isn't accessible\n  - you have weird network configuration settings on your computer\n\nThe stack trace for this error is:\n\nError: connect ECONNREFUSED 127.0.0.1:3000\n    at TCPConnectWrap.afterConnect [as oncomplete] (net.js:1056:14)\n",
                "estack": "CypressError: cy.visit() failed trying to load:\n\nhttp://localhost:3000/explorar\n\nWe attempted to make an http request to this URL but the request failed without a response.\n\nWe received this error at the network level:\n\n  > Error: connect ECONNREFUSED 127.0.0.1:3000\n\nCommon situations why this would fail:\n  - you don't have internet access\n  - you forgot to run / boot your web server\n  - your web server isn't accessible\n  - you have weird network configuration settings on your computer\n\nThe stack trace for this error is:\n\nError: connect ECONNREFUSED 127.0.0.1:3000\n    at TCPConnectWrap.afterConnect [as oncomplete] (net.js:1056:14)\n\n    at Object.cypressErr (http://localhost:38767/__cypress/runner/cypress_runner.js:86207:11)\n    at Object.throwErr (http://localhost:38767/__cypress/runner/cypress_runner.js:86162:18)\n    at Object.throwErrByPath (http://localhost:38767/__cypress/runner/cypress_runner.js:86194:17)\n    at http://localhost:38767/__cypress/runner/cypress_runner.js:71500:31\n    at visitFailedByErr (http://localhost:38767/__cypress/runner/cypress_runner.js:71006:12)\n    at http://localhost:38767/__cypress/runner/cypress_runner.js:71499:22\n    at tryCatcher (http://localhost:38767/__cypress/runner/cypress_runner.js:120203:23)\n    at Promise._settlePromiseFromHandler (http://localhost:38767/__cypress/runner/cypress_runner.js:118139:31)\n    at Promise._settlePromise (http://localhost:38767/__cypress/runner/cypress_runner.js:118196:18)\n    at Promise._settlePromise0 (http://localhost:38767/__cypress/runner/cypress_runner.js:118241:10)\n    at Promise._settlePromises (http://localhost:38767/__cypress/runner/cypress_runner.js:118316:18)\n    at Async../node_modules/bluebird/js/release/async.js.Async._drainQueue (http://localhost:38767/__cypress/runner/cypress_runner.js:114928:16)\n    at Async../node_modules/bluebird/js/release/async.js.Async._drainQueues (http://localhost:38767/__cypress/runner/cypress_runner.js:114938:10)\n    at Async.drainQueues (http://localhost:38767/__cypress/runner/cypress_runner.js:114812:14)",
                "diff": null
              },
              "uuid": "56a17fe5-5521-4a6e-bf09-596f0c34db7f",
              "parentUUID": "5c6ac58b-78ac-4853-bbfa-b50021298bfa",
              "isHook": false,
              "skipped": false
            }
          ],
          "suites": [],
          "passes": [],
          "failures": [
            "56a17fe5-5521-4a6e-bf09-596f0c34db7f"
          ],
          "pending": [],
          "skipped": [],
          "duration": 654,
          "root": false,
          "rootEmpty": false,
          "_timeout": 2000
        },
        {
          "uuid": "e4bbbab4-3447-41f0-a7aa-5314eeb4c2c3",
          "title": "Ao clicar em um dos botões, a rota deve mudar para a página de explorar comidas ou de explorar bebidas",
          "fullFile": "",
          "file": "",
          "beforeHooks": [],
          "afterHooks": [],
          "tests": [
            {
              "title": "O nomes dos botões devem ser \"Explorar Comidas\" e \"Explorar Bebidas\"",
              "fullTitle": "Ao clicar em um dos botões, a rota deve mudar para a página de explorar comidas ou de explorar bebidas O nomes dos botões devem ser \"Explorar Comidas\" e \"Explorar Bebidas\"",
              "timedOut": null,
              "duration": 665,
              "state": "failed",
              "speed": null,
              "pass": false,
              "fail": true,
              "pending": false,
              "context": null,
              "code": "cy.visit('http://localhost:3000/explorar');\ncy.get('[data-testid=\"explore-food\"]').click();\ncy.location().should(function (loc) {\n  return expect(loc.pathname).to.eq('/explorar/comidas');\n});",
              "err": {
                "message": "CypressError: cy.visit() failed trying to load:\n\nhttp://localhost:3000/explorar\n\nWe attempted to make an http request to this URL but the request failed without a response.\n\nWe received this error at the network level:\n\n  > Error: connect ECONNREFUSED 127.0.0.1:3000\n\nCommon situations why this would fail:\n  - you don't have internet access\n  - you forgot to run / boot your web server\n  - your web server isn't accessible\n  - you have weird network configuration settings on your computer\n\nThe stack trace for this error is:\n\nError: connect ECONNREFUSED 127.0.0.1:3000\n    at TCPConnectWrap.afterConnect [as oncomplete] (net.js:1056:14)\n",
                "estack": "CypressError: cy.visit() failed trying to load:\n\nhttp://localhost:3000/explorar\n\nWe attempted to make an http request to this URL but the request failed without a response.\n\nWe received this error at the network level:\n\n  > Error: connect ECONNREFUSED 127.0.0.1:3000\n\nCommon situations why this would fail:\n  - you don't have internet access\n  - you forgot to run / boot your web server\n  - your web server isn't accessible\n  - you have weird network configuration settings on your computer\n\nThe stack trace for this error is:\n\nError: connect ECONNREFUSED 127.0.0.1:3000\n    at TCPConnectWrap.afterConnect [as oncomplete] (net.js:1056:14)\n\n    at Object.cypressErr (http://localhost:38767/__cypress/runner/cypress_runner.js:86207:11)\n    at Object.throwErr (http://localhost:38767/__cypress/runner/cypress_runner.js:86162:18)\n    at Object.throwErrByPath (http://localhost:38767/__cypress/runner/cypress_runner.js:86194:17)\n    at http://localhost:38767/__cypress/runner/cypress_runner.js:71500:31\n    at visitFailedByErr (http://localhost:38767/__cypress/runner/cypress_runner.js:71006:12)\n    at http://localhost:38767/__cypress/runner/cypress_runner.js:71499:22\n    at tryCatcher (http://localhost:38767/__cypress/runner/cypress_runner.js:120203:23)\n    at Promise._settlePromiseFromHandler (http://localhost:38767/__cypress/runner/cypress_runner.js:118139:31)\n    at Promise._settlePromise (http://localhost:38767/__cypress/runner/cypress_runner.js:118196:18)\n    at Promise._settlePromise0 (http://localhost:38767/__cypress/runner/cypress_runner.js:118241:10)\n    at Promise._settlePromises (http://localhost:38767/__cypress/runner/cypress_runner.js:118316:18)\n    at Async../node_modules/bluebird/js/release/async.js.Async._drainQueue (http://localhost:38767/__cypress/runner/cypress_runner.js:114928:16)\n    at Async../node_modules/bluebird/js/release/async.js.Async._drainQueues (http://localhost:38767/__cypress/runner/cypress_runner.js:114938:10)\n    at Async.drainQueues (http://localhost:38767/__cypress/runner/cypress_runner.js:114812:14)",
                "diff": null
              },
              "uuid": "9f81aca7-e146-4b5c-9f74-fc426f44798f",
              "parentUUID": "e4bbbab4-3447-41f0-a7aa-5314eeb4c2c3",
              "isHook": false,
              "skipped": false
            },
            {
              "title": "O nomes dos botões devem ser \"Explorar Comidas\" e \"Explorar Bebidas\"",
              "fullTitle": "Ao clicar em um dos botões, a rota deve mudar para a página de explorar comidas ou de explorar bebidas O nomes dos botões devem ser \"Explorar Comidas\" e \"Explorar Bebidas\"",
              "timedOut": null,
              "duration": 676,
              "state": "failed",
              "speed": null,
              "pass": false,
              "fail": true,
              "pending": false,
              "context": null,
              "code": "cy.visit('http://localhost:3000/explorar');\ncy.get('[data-testid=\"explore-drinks\"]').click();\ncy.location().should(function (loc) {\n  return expect(loc.pathname).to.eq('/explorar/bebidas');\n});",
              "err": {
                "message": "CypressError: cy.visit() failed trying to load:\n\nhttp://localhost:3000/explorar\n\nWe attempted to make an http request to this URL but the request failed without a response.\n\nWe received this error at the network level:\n\n  > Error: connect ECONNREFUSED 127.0.0.1:3000\n\nCommon situations why this would fail:\n  - you don't have internet access\n  - you forgot to run / boot your web server\n  - your web server isn't accessible\n  - you have weird network configuration settings on your computer\n\nThe stack trace for this error is:\n\nError: connect ECONNREFUSED 127.0.0.1:3000\n    at TCPConnectWrap.afterConnect [as oncomplete] (net.js:1056:14)\n",
                "estack": "CypressError: cy.visit() failed trying to load:\n\nhttp://localhost:3000/explorar\n\nWe attempted to make an http request to this URL but the request failed without a response.\n\nWe received this error at the network level:\n\n  > Error: connect ECONNREFUSED 127.0.0.1:3000\n\nCommon situations why this would fail:\n  - you don't have internet access\n  - you forgot to run / boot your web server\n  - your web server isn't accessible\n  - you have weird network configuration settings on your computer\n\nThe stack trace for this error is:\n\nError: connect ECONNREFUSED 127.0.0.1:3000\n    at TCPConnectWrap.afterConnect [as oncomplete] (net.js:1056:14)\n\n    at Object.cypressErr (http://localhost:38767/__cypress/runner/cypress_runner.js:86207:11)\n    at Object.throwErr (http://localhost:38767/__cypress/runner/cypress_runner.js:86162:18)\n    at Object.throwErrByPath (http://localhost:38767/__cypress/runner/cypress_runner.js:86194:17)\n    at http://localhost:38767/__cypress/runner/cypress_runner.js:71500:31\n    at visitFailedByErr (http://localhost:38767/__cypress/runner/cypress_runner.js:71006:12)\n    at http://localhost:38767/__cypress/runner/cypress_runner.js:71499:22\n    at tryCatcher (http://localhost:38767/__cypress/runner/cypress_runner.js:120203:23)\n    at Promise._settlePromiseFromHandler (http://localhost:38767/__cypress/runner/cypress_runner.js:118139:31)\n    at Promise._settlePromise (http://localhost:38767/__cypress/runner/cypress_runner.js:118196:18)\n    at Promise._settlePromise0 (http://localhost:38767/__cypress/runner/cypress_runner.js:118241:10)\n    at Promise._settlePromises (http://localhost:38767/__cypress/runner/cypress_runner.js:118316:18)\n    at Async../node_modules/bluebird/js/release/async.js.Async._drainQueue (http://localhost:38767/__cypress/runner/cypress_runner.js:114928:16)\n    at Async../node_modules/bluebird/js/release/async.js.Async._drainQueues (http://localhost:38767/__cypress/runner/cypress_runner.js:114938:10)\n    at Async.drainQueues (http://localhost:38767/__cypress/runner/cypress_runner.js:114812:14)",
                "diff": null
              },
              "uuid": "50919b25-17dd-42e9-be88-2e0d45b96db9",
              "parentUUID": "e4bbbab4-3447-41f0-a7aa-5314eeb4c2c3",
              "isHook": false,
              "skipped": false
            }
          ],
          "suites": [],
          "passes": [],
          "failures": [
            "9f81aca7-e146-4b5c-9f74-fc426f44798f",
            "50919b25-17dd-42e9-be88-2e0d45b96db9"
          ],
          "pending": [],
          "skipped": [],
          "duration": 1341,
          "root": false,
          "rootEmpty": false,
          "_timeout": 2000
        }
      ],
      "passes": [],
      "failures": [],
      "pending": [],
      "skipped": [],
      "duration": 0,
      "root": true,
      "rootEmpty": true,
      "_timeout": 2000
    }
  ],
  "meta": {
    "mocha": {
      "version": "8.0.1"
    },
    "mochawesome": {
      "options": {
        "quiet": false,
        "reportFilename": "mochawesome",
        "saveHtml": false,
        "saveJson": true,
        "consoleReporter": "spec",
        "useInlineDiffs": false,
        "code": true
      },
      "version": "6.1.1"
    },
    "marge": {
      "options": {
        "id": "default",
        "reportDir": "cypress/reports",
        "overwrite": false,
        "html": false,
        "json": true
      },
      "version": "5.1.0"
    }
  }
}