{
  "stats": {
    "suites": 7,
    "tests": 28,
    "passes": 0,
    "pending": 0,
    "failures": 28,
    "start": "2020-09-09T13:38:42.057Z",
    "end": "2020-09-09T13:39:02.345Z",
    "duration": 20288,
    "testsRegistered": 28,
    "passPercent": 0,
    "pendingPercent": 0,
    "other": 0,
    "hasOther": false,
    "skipped": 0,
    "hasSkipped": false
  },
  "results": [
    {
      "uuid": "37c7e6d2-9cb6-4b1c-a346-9becd48f8030",
      "title": "",
      "fullFile": "cypress/integration/recipe_in_progress_spec.js",
      "file": "cypress/integration/recipe_in_progress_spec.js",
      "beforeHooks": [],
      "afterHooks": [],
      "tests": [],
      "suites": [
        {
          "uuid": "9e6f4614-8012-4735-9dd9-8561de6ad4a7",
          "title": "Essa tela deve conter uma imagem da receita, seu titulo, sua categoria (ou se a bebida é alcoólica ou não) uma lista de ingredientes com suas respectivas quantidades, e suas instruções",
          "fullFile": "",
          "file": "",
          "beforeHooks": [],
          "afterHooks": [],
          "tests": [
            {
              "title": "verifica elementos de uma receita de comida",
              "fullTitle": "Essa tela deve conter uma imagem da receita, seu titulo, sua categoria (ou se a bebida é alcoólica ou não) uma lista de ingredientes com suas respectivas quantidades, e suas instruções verifica elementos de uma receita de comida",
              "timedOut": null,
              "duration": 708,
              "state": "failed",
              "speed": null,
              "pass": false,
              "fail": true,
              "pending": false,
              "context": null,
              "code": "cy.visit('http://localhost:3000/comidas/52771/in-progress', {\n  onBeforeLoad: function onBeforeLoad(win) {\n    win.fetch = fetchMock;\n  }\n});\ncy.get('[data-testid=\"recipe-photo\"]');\ncy.get('[data-testid=\"recipe-title\"]');\ncy.get('[data-testid=\"share-btn\"]');\ncy.get('[data-testid=\"favorite-btn\"]');\ncy.get('[data-testid=\"recipe-category\"]');\ncy.get('[data-testid*=\"ingredient-step\"]').should('have.length', 8);\ncy.get('[data-testid=\"instructions\"]');\ncy.get('[data-testid=\"finish-recipe-btn\"]');",
              "err": {
                "message": "CypressError: cy.visit() failed trying to load:\n\nhttp://localhost:3000/comidas/52771/in-progress\n\nWe attempted to make an http request to this URL but the request failed without a response.\n\nWe received this error at the network level:\n\n  > Error: connect ECONNREFUSED 127.0.0.1:3000\n\nCommon situations why this would fail:\n  - you don't have internet access\n  - you forgot to run / boot your web server\n  - your web server isn't accessible\n  - you have weird network configuration settings on your computer\n\nThe stack trace for this error is:\n\nError: connect ECONNREFUSED 127.0.0.1:3000\n    at TCPConnectWrap.afterConnect [as oncomplete] (net.js:1056:14)\n",
                "estack": "CypressError: cy.visit() failed trying to load:\n\nhttp://localhost:3000/comidas/52771/in-progress\n\nWe attempted to make an http request to this URL but the request failed without a response.\n\nWe received this error at the network level:\n\n  > Error: connect ECONNREFUSED 127.0.0.1:3000\n\nCommon situations why this would fail:\n  - you don't have internet access\n  - you forgot to run / boot your web server\n  - your web server isn't accessible\n  - you have weird network configuration settings on your computer\n\nThe stack trace for this error is:\n\nError: connect ECONNREFUSED 127.0.0.1:3000\n    at TCPConnectWrap.afterConnect [as oncomplete] (net.js:1056:14)\n\n    at Object.cypressErr (http://localhost:38767/__cypress/runner/cypress_runner.js:86207:11)\n    at Object.throwErr (http://localhost:38767/__cypress/runner/cypress_runner.js:86162:18)\n    at Object.throwErrByPath (http://localhost:38767/__cypress/runner/cypress_runner.js:86194:17)\n    at http://localhost:38767/__cypress/runner/cypress_runner.js:71500:31\n    at visitFailedByErr (http://localhost:38767/__cypress/runner/cypress_runner.js:71006:12)\n    at http://localhost:38767/__cypress/runner/cypress_runner.js:71499:22\n    at tryCatcher (http://localhost:38767/__cypress/runner/cypress_runner.js:120203:23)\n    at Promise._settlePromiseFromHandler (http://localhost:38767/__cypress/runner/cypress_runner.js:118139:31)\n    at Promise._settlePromise (http://localhost:38767/__cypress/runner/cypress_runner.js:118196:18)\n    at Promise._settlePromise0 (http://localhost:38767/__cypress/runner/cypress_runner.js:118241:10)\n    at Promise._settlePromises (http://localhost:38767/__cypress/runner/cypress_runner.js:118316:18)\n    at Async../node_modules/bluebird/js/release/async.js.Async._drainQueue (http://localhost:38767/__cypress/runner/cypress_runner.js:114928:16)\n    at Async../node_modules/bluebird/js/release/async.js.Async._drainQueues (http://localhost:38767/__cypress/runner/cypress_runner.js:114938:10)\n    at Async.drainQueues (http://localhost:38767/__cypress/runner/cypress_runner.js:114812:14)",
                "diff": null
              },
              "uuid": "80612917-1b43-4212-aff2-0f5d9fb44256",
              "parentUUID": "9e6f4614-8012-4735-9dd9-8561de6ad4a7",
              "isHook": false,
              "skipped": false
            },
            {
              "title": "verifica elementos de uma receita de bebida",
              "fullTitle": "Essa tela deve conter uma imagem da receita, seu titulo, sua categoria (ou se a bebida é alcoólica ou não) uma lista de ingredientes com suas respectivas quantidades, e suas instruções verifica elementos de uma receita de bebida",
              "timedOut": null,
              "duration": 644,
              "state": "failed",
              "speed": null,
              "pass": false,
              "fail": true,
              "pending": false,
              "context": null,
              "code": "cy.visit('http://localhost:3000/bebidas/178319/in-progress', {\n  onBeforeLoad: function onBeforeLoad(win) {\n    win.fetch = fetchMock;\n  }\n});\ncy.get('[data-testid=\"recipe-photo\"]');\ncy.get('[data-testid=\"recipe-title\"]');\ncy.get('[data-testid=\"share-btn\"]');\ncy.get('[data-testid=\"favorite-btn\"]');\ncy.get('[data-testid=\"recipe-category\"]');\ncy.get('[data-testid*=\"ingredient-step\"]').should('have.length', 3);\ncy.get('[data-testid=\"instructions\"]');\ncy.get('[data-testid=\"finish-recipe-btn\"]');",
              "err": {
                "message": "CypressError: cy.visit() failed trying to load:\n\nhttp://localhost:3000/bebidas/178319/in-progress\n\nWe attempted to make an http request to this URL but the request failed without a response.\n\nWe received this error at the network level:\n\n  > Error: connect ECONNREFUSED 127.0.0.1:3000\n\nCommon situations why this would fail:\n  - you don't have internet access\n  - you forgot to run / boot your web server\n  - your web server isn't accessible\n  - you have weird network configuration settings on your computer\n\nThe stack trace for this error is:\n\nError: connect ECONNREFUSED 127.0.0.1:3000\n    at TCPConnectWrap.afterConnect [as oncomplete] (net.js:1056:14)\n",
                "estack": "CypressError: cy.visit() failed trying to load:\n\nhttp://localhost:3000/bebidas/178319/in-progress\n\nWe attempted to make an http request to this URL but the request failed without a response.\n\nWe received this error at the network level:\n\n  > Error: connect ECONNREFUSED 127.0.0.1:3000\n\nCommon situations why this would fail:\n  - you don't have internet access\n  - you forgot to run / boot your web server\n  - your web server isn't accessible\n  - you have weird network configuration settings on your computer\n\nThe stack trace for this error is:\n\nError: connect ECONNREFUSED 127.0.0.1:3000\n    at TCPConnectWrap.afterConnect [as oncomplete] (net.js:1056:14)\n\n    at Object.cypressErr (http://localhost:38767/__cypress/runner/cypress_runner.js:86207:11)\n    at Object.throwErr (http://localhost:38767/__cypress/runner/cypress_runner.js:86162:18)\n    at Object.throwErrByPath (http://localhost:38767/__cypress/runner/cypress_runner.js:86194:17)\n    at http://localhost:38767/__cypress/runner/cypress_runner.js:71500:31\n    at visitFailedByErr (http://localhost:38767/__cypress/runner/cypress_runner.js:71006:12)\n    at http://localhost:38767/__cypress/runner/cypress_runner.js:71499:22\n    at tryCatcher (http://localhost:38767/__cypress/runner/cypress_runner.js:120203:23)\n    at Promise._settlePromiseFromHandler (http://localhost:38767/__cypress/runner/cypress_runner.js:118139:31)\n    at Promise._settlePromise (http://localhost:38767/__cypress/runner/cypress_runner.js:118196:18)\n    at Promise._settlePromise0 (http://localhost:38767/__cypress/runner/cypress_runner.js:118241:10)\n    at Promise._settlePromises (http://localhost:38767/__cypress/runner/cypress_runner.js:118316:18)\n    at Async../node_modules/bluebird/js/release/async.js.Async._drainQueue (http://localhost:38767/__cypress/runner/cypress_runner.js:114928:16)\n    at Async../node_modules/bluebird/js/release/async.js.Async._drainQueues (http://localhost:38767/__cypress/runner/cypress_runner.js:114938:10)\n    at Async.drainQueues (http://localhost:38767/__cypress/runner/cypress_runner.js:114812:14)",
                "diff": null
              },
              "uuid": "d2abb072-8676-41b2-8f2c-8abc8b451b6b",
              "parentUUID": "9e6f4614-8012-4735-9dd9-8561de6ad4a7",
              "isHook": false,
              "skipped": false
            }
          ],
          "suites": [],
          "passes": [],
          "failures": [
            "80612917-1b43-4212-aff2-0f5d9fb44256",
            "d2abb072-8676-41b2-8f2c-8abc8b451b6b"
          ],
          "pending": [],
          "skipped": [],
          "duration": 1352,
          "root": false,
          "rootEmpty": false,
          "_timeout": 2000
        },
        {
          "uuid": "03bb618b-978d-4c07-88d3-0ac825ea3adb",
          "title": "A lista de ingredientes deve conter um checkbox para cada um dos items",
          "fullFile": "",
          "file": "",
          "beforeHooks": [],
          "afterHooks": [],
          "tests": [
            {
              "title": "todos os ingredientes de uma receita de comida possuem um checkbox",
              "fullTitle": "A lista de ingredientes deve conter um checkbox para cada um dos items todos os ingredientes de uma receita de comida possuem um checkbox",
              "timedOut": null,
              "duration": 645,
              "state": "failed",
              "speed": null,
              "pass": false,
              "fail": true,
              "pending": false,
              "context": null,
              "code": "cy.visit('http://localhost:3000/comidas/52771/in-progress', {\n  onBeforeLoad: function onBeforeLoad(win) {\n    win.fetch = fetchMock;\n  }\n});\ncy.get('[data-testid*=\"ingredient-step\"]').find('input[type=\"checkbox\"]').should('have.length', 8);",
              "err": {
                "message": "CypressError: cy.visit() failed trying to load:\n\nhttp://localhost:3000/comidas/52771/in-progress\n\nWe attempted to make an http request to this URL but the request failed without a response.\n\nWe received this error at the network level:\n\n  > Error: connect ECONNREFUSED 127.0.0.1:3000\n\nCommon situations why this would fail:\n  - you don't have internet access\n  - you forgot to run / boot your web server\n  - your web server isn't accessible\n  - you have weird network configuration settings on your computer\n\nThe stack trace for this error is:\n\nError: connect ECONNREFUSED 127.0.0.1:3000\n    at TCPConnectWrap.afterConnect [as oncomplete] (net.js:1056:14)\n",
                "estack": "CypressError: cy.visit() failed trying to load:\n\nhttp://localhost:3000/comidas/52771/in-progress\n\nWe attempted to make an http request to this URL but the request failed without a response.\n\nWe received this error at the network level:\n\n  > Error: connect ECONNREFUSED 127.0.0.1:3000\n\nCommon situations why this would fail:\n  - you don't have internet access\n  - you forgot to run / boot your web server\n  - your web server isn't accessible\n  - you have weird network configuration settings on your computer\n\nThe stack trace for this error is:\n\nError: connect ECONNREFUSED 127.0.0.1:3000\n    at TCPConnectWrap.afterConnect [as oncomplete] (net.js:1056:14)\n\n    at Object.cypressErr (http://localhost:38767/__cypress/runner/cypress_runner.js:86207:11)\n    at Object.throwErr (http://localhost:38767/__cypress/runner/cypress_runner.js:86162:18)\n    at Object.throwErrByPath (http://localhost:38767/__cypress/runner/cypress_runner.js:86194:17)\n    at http://localhost:38767/__cypress/runner/cypress_runner.js:71500:31\n    at visitFailedByErr (http://localhost:38767/__cypress/runner/cypress_runner.js:71006:12)\n    at http://localhost:38767/__cypress/runner/cypress_runner.js:71499:22\n    at tryCatcher (http://localhost:38767/__cypress/runner/cypress_runner.js:120203:23)\n    at Promise._settlePromiseFromHandler (http://localhost:38767/__cypress/runner/cypress_runner.js:118139:31)\n    at Promise._settlePromise (http://localhost:38767/__cypress/runner/cypress_runner.js:118196:18)\n    at Promise._settlePromise0 (http://localhost:38767/__cypress/runner/cypress_runner.js:118241:10)\n    at Promise._settlePromises (http://localhost:38767/__cypress/runner/cypress_runner.js:118316:18)\n    at Async../node_modules/bluebird/js/release/async.js.Async._drainQueue (http://localhost:38767/__cypress/runner/cypress_runner.js:114928:16)\n    at Async../node_modules/bluebird/js/release/async.js.Async._drainQueues (http://localhost:38767/__cypress/runner/cypress_runner.js:114938:10)\n    at Async.drainQueues (http://localhost:38767/__cypress/runner/cypress_runner.js:114812:14)",
                "diff": null
              },
              "uuid": "fe02215f-9d8e-436a-9e5a-4da3bc3d9dc4",
              "parentUUID": "03bb618b-978d-4c07-88d3-0ac825ea3adb",
              "isHook": false,
              "skipped": false
            },
            {
              "title": "todos os ingredientes de uma receita de bebida possuem um checkbox",
              "fullTitle": "A lista de ingredientes deve conter um checkbox para cada um dos items todos os ingredientes de uma receita de bebida possuem um checkbox",
              "timedOut": null,
              "duration": 633,
              "state": "failed",
              "speed": null,
              "pass": false,
              "fail": true,
              "pending": false,
              "context": null,
              "code": "cy.visit('http://localhost:3000/bebidas/178319/in-progress', {\n  onBeforeLoad: function onBeforeLoad(win) {\n    win.fetch = fetchMock;\n  }\n});\ncy.get('[data-testid*=\"ingredient-step\"]').find('input[type=\"checkbox\"]').should('have.length', 3);",
              "err": {
                "message": "CypressError: cy.visit() failed trying to load:\n\nhttp://localhost:3000/bebidas/178319/in-progress\n\nWe attempted to make an http request to this URL but the request failed without a response.\n\nWe received this error at the network level:\n\n  > Error: connect ECONNREFUSED 127.0.0.1:3000\n\nCommon situations why this would fail:\n  - you don't have internet access\n  - you forgot to run / boot your web server\n  - your web server isn't accessible\n  - you have weird network configuration settings on your computer\n\nThe stack trace for this error is:\n\nError: connect ECONNREFUSED 127.0.0.1:3000\n    at TCPConnectWrap.afterConnect [as oncomplete] (net.js:1056:14)\n",
                "estack": "CypressError: cy.visit() failed trying to load:\n\nhttp://localhost:3000/bebidas/178319/in-progress\n\nWe attempted to make an http request to this URL but the request failed without a response.\n\nWe received this error at the network level:\n\n  > Error: connect ECONNREFUSED 127.0.0.1:3000\n\nCommon situations why this would fail:\n  - you don't have internet access\n  - you forgot to run / boot your web server\n  - your web server isn't accessible\n  - you have weird network configuration settings on your computer\n\nThe stack trace for this error is:\n\nError: connect ECONNREFUSED 127.0.0.1:3000\n    at TCPConnectWrap.afterConnect [as oncomplete] (net.js:1056:14)\n\n    at Object.cypressErr (http://localhost:38767/__cypress/runner/cypress_runner.js:86207:11)\n    at Object.throwErr (http://localhost:38767/__cypress/runner/cypress_runner.js:86162:18)\n    at Object.throwErrByPath (http://localhost:38767/__cypress/runner/cypress_runner.js:86194:17)\n    at http://localhost:38767/__cypress/runner/cypress_runner.js:71500:31\n    at visitFailedByErr (http://localhost:38767/__cypress/runner/cypress_runner.js:71006:12)\n    at http://localhost:38767/__cypress/runner/cypress_runner.js:71499:22\n    at tryCatcher (http://localhost:38767/__cypress/runner/cypress_runner.js:120203:23)\n    at Promise._settlePromiseFromHandler (http://localhost:38767/__cypress/runner/cypress_runner.js:118139:31)\n    at Promise._settlePromise (http://localhost:38767/__cypress/runner/cypress_runner.js:118196:18)\n    at Promise._settlePromise0 (http://localhost:38767/__cypress/runner/cypress_runner.js:118241:10)\n    at Promise._settlePromises (http://localhost:38767/__cypress/runner/cypress_runner.js:118316:18)\n    at Async../node_modules/bluebird/js/release/async.js.Async._drainQueue (http://localhost:38767/__cypress/runner/cypress_runner.js:114928:16)\n    at Async../node_modules/bluebird/js/release/async.js.Async._drainQueues (http://localhost:38767/__cypress/runner/cypress_runner.js:114938:10)\n    at Async.drainQueues (http://localhost:38767/__cypress/runner/cypress_runner.js:114812:14)",
                "diff": null
              },
              "uuid": "f39d65d7-ea87-48aa-9d4d-f9c668561bf0",
              "parentUUID": "03bb618b-978d-4c07-88d3-0ac825ea3adb",
              "isHook": false,
              "skipped": false
            }
          ],
          "suites": [],
          "passes": [],
          "failures": [
            "fe02215f-9d8e-436a-9e5a-4da3bc3d9dc4",
            "f39d65d7-ea87-48aa-9d4d-f9c668561bf0"
          ],
          "pending": [],
          "skipped": [],
          "duration": 1278,
          "root": false,
          "rootEmpty": false,
          "_timeout": 2000
        },
        {
          "uuid": "3b8b91db-4b88-4dd9-84d2-70f4ad7b16e1",
          "title": "Ao clicar no checkbox de um ingrediente, o nome dele deve ser \"riscado\" da lista",
          "fullFile": "",
          "file": "",
          "beforeHooks": [],
          "afterHooks": [],
          "tests": [
            {
              "title": "verifica se é possível marcar todos os passos da receita de comida",
              "fullTitle": "Ao clicar no checkbox de um ingrediente, o nome dele deve ser \"riscado\" da lista verifica se é possível marcar todos os passos da receita de comida",
              "timedOut": null,
              "duration": 650,
              "state": "failed",
              "speed": null,
              "pass": false,
              "fail": true,
              "pending": false,
              "context": null,
              "code": "cy.visit('http://localhost:3000/comidas/52771/in-progress', {\n  onBeforeLoad: function onBeforeLoad(win) {\n    win.fetch = fetchMock;\n  }\n});\ngetIngredients().check();\ngetIngredients().should('have.css', 'text-decoration', 'none solid rgb(0, 0, 0)');",
              "err": {
                "message": "CypressError: cy.visit() failed trying to load:\n\nhttp://localhost:3000/comidas/52771/in-progress\n\nWe attempted to make an http request to this URL but the request failed without a response.\n\nWe received this error at the network level:\n\n  > Error: connect ECONNREFUSED 127.0.0.1:3000\n\nCommon situations why this would fail:\n  - you don't have internet access\n  - you forgot to run / boot your web server\n  - your web server isn't accessible\n  - you have weird network configuration settings on your computer\n\nThe stack trace for this error is:\n\nError: connect ECONNREFUSED 127.0.0.1:3000\n    at TCPConnectWrap.afterConnect [as oncomplete] (net.js:1056:14)\n",
                "estack": "CypressError: cy.visit() failed trying to load:\n\nhttp://localhost:3000/comidas/52771/in-progress\n\nWe attempted to make an http request to this URL but the request failed without a response.\n\nWe received this error at the network level:\n\n  > Error: connect ECONNREFUSED 127.0.0.1:3000\n\nCommon situations why this would fail:\n  - you don't have internet access\n  - you forgot to run / boot your web server\n  - your web server isn't accessible\n  - you have weird network configuration settings on your computer\n\nThe stack trace for this error is:\n\nError: connect ECONNREFUSED 127.0.0.1:3000\n    at TCPConnectWrap.afterConnect [as oncomplete] (net.js:1056:14)\n\n    at Object.cypressErr (http://localhost:38767/__cypress/runner/cypress_runner.js:86207:11)\n    at Object.throwErr (http://localhost:38767/__cypress/runner/cypress_runner.js:86162:18)\n    at Object.throwErrByPath (http://localhost:38767/__cypress/runner/cypress_runner.js:86194:17)\n    at http://localhost:38767/__cypress/runner/cypress_runner.js:71500:31\n    at visitFailedByErr (http://localhost:38767/__cypress/runner/cypress_runner.js:71006:12)\n    at http://localhost:38767/__cypress/runner/cypress_runner.js:71499:22\n    at tryCatcher (http://localhost:38767/__cypress/runner/cypress_runner.js:120203:23)\n    at Promise._settlePromiseFromHandler (http://localhost:38767/__cypress/runner/cypress_runner.js:118139:31)\n    at Promise._settlePromise (http://localhost:38767/__cypress/runner/cypress_runner.js:118196:18)\n    at Promise._settlePromise0 (http://localhost:38767/__cypress/runner/cypress_runner.js:118241:10)\n    at Promise._settlePromises (http://localhost:38767/__cypress/runner/cypress_runner.js:118316:18)\n    at Async../node_modules/bluebird/js/release/async.js.Async._drainQueue (http://localhost:38767/__cypress/runner/cypress_runner.js:114928:16)\n    at Async../node_modules/bluebird/js/release/async.js.Async._drainQueues (http://localhost:38767/__cypress/runner/cypress_runner.js:114938:10)\n    at Async.drainQueues (http://localhost:38767/__cypress/runner/cypress_runner.js:114812:14)",
                "diff": null
              },
              "uuid": "60c4e0d9-ed2c-4ae1-b8c6-48d73bb87641",
              "parentUUID": "3b8b91db-4b88-4dd9-84d2-70f4ad7b16e1",
              "isHook": false,
              "skipped": false
            },
            {
              "title": "verifica se é possível marcar todos os passos da receita de bebida",
              "fullTitle": "Ao clicar no checkbox de um ingrediente, o nome dele deve ser \"riscado\" da lista verifica se é possível marcar todos os passos da receita de bebida",
              "timedOut": null,
              "duration": 662,
              "state": "failed",
              "speed": null,
              "pass": false,
              "fail": true,
              "pending": false,
              "context": null,
              "code": "cy.visit('http://localhost:3000/bebidas/178319/in-progress', {\n  onBeforeLoad: function onBeforeLoad(win) {\n    win.fetch = fetchMock;\n  }\n});\ngetIngredients().check();\ngetIngredients().should('have.css', 'text-decoration', 'none solid rgb(0, 0, 0)');",
              "err": {
                "message": "CypressError: cy.visit() failed trying to load:\n\nhttp://localhost:3000/bebidas/178319/in-progress\n\nWe attempted to make an http request to this URL but the request failed without a response.\n\nWe received this error at the network level:\n\n  > Error: connect ECONNREFUSED 127.0.0.1:3000\n\nCommon situations why this would fail:\n  - you don't have internet access\n  - you forgot to run / boot your web server\n  - your web server isn't accessible\n  - you have weird network configuration settings on your computer\n\nThe stack trace for this error is:\n\nError: connect ECONNREFUSED 127.0.0.1:3000\n    at TCPConnectWrap.afterConnect [as oncomplete] (net.js:1056:14)\n",
                "estack": "CypressError: cy.visit() failed trying to load:\n\nhttp://localhost:3000/bebidas/178319/in-progress\n\nWe attempted to make an http request to this URL but the request failed without a response.\n\nWe received this error at the network level:\n\n  > Error: connect ECONNREFUSED 127.0.0.1:3000\n\nCommon situations why this would fail:\n  - you don't have internet access\n  - you forgot to run / boot your web server\n  - your web server isn't accessible\n  - you have weird network configuration settings on your computer\n\nThe stack trace for this error is:\n\nError: connect ECONNREFUSED 127.0.0.1:3000\n    at TCPConnectWrap.afterConnect [as oncomplete] (net.js:1056:14)\n\n    at Object.cypressErr (http://localhost:38767/__cypress/runner/cypress_runner.js:86207:11)\n    at Object.throwErr (http://localhost:38767/__cypress/runner/cypress_runner.js:86162:18)\n    at Object.throwErrByPath (http://localhost:38767/__cypress/runner/cypress_runner.js:86194:17)\n    at http://localhost:38767/__cypress/runner/cypress_runner.js:71500:31\n    at visitFailedByErr (http://localhost:38767/__cypress/runner/cypress_runner.js:71006:12)\n    at http://localhost:38767/__cypress/runner/cypress_runner.js:71499:22\n    at tryCatcher (http://localhost:38767/__cypress/runner/cypress_runner.js:120203:23)\n    at Promise._settlePromiseFromHandler (http://localhost:38767/__cypress/runner/cypress_runner.js:118139:31)\n    at Promise._settlePromise (http://localhost:38767/__cypress/runner/cypress_runner.js:118196:18)\n    at Promise._settlePromise0 (http://localhost:38767/__cypress/runner/cypress_runner.js:118241:10)\n    at Promise._settlePromises (http://localhost:38767/__cypress/runner/cypress_runner.js:118316:18)\n    at Async../node_modules/bluebird/js/release/async.js.Async._drainQueue (http://localhost:38767/__cypress/runner/cypress_runner.js:114928:16)\n    at Async../node_modules/bluebird/js/release/async.js.Async._drainQueues (http://localhost:38767/__cypress/runner/cypress_runner.js:114938:10)\n    at Async.drainQueues (http://localhost:38767/__cypress/runner/cypress_runner.js:114812:14)",
                "diff": null
              },
              "uuid": "d2be57d3-8e70-42ac-9413-df12e9917446",
              "parentUUID": "3b8b91db-4b88-4dd9-84d2-70f4ad7b16e1",
              "isHook": false,
              "skipped": false
            }
          ],
          "suites": [],
          "passes": [],
          "failures": [
            "60c4e0d9-ed2c-4ae1-b8c6-48d73bb87641",
            "d2be57d3-8e70-42ac-9413-df12e9917446"
          ],
          "pending": [],
          "skipped": [],
          "duration": 1312,
          "root": false,
          "rootEmpty": false,
          "_timeout": 2000
        },
        {
          "uuid": "620b332e-d4d7-42c1-8a00-001cb61654de",
          "title": "O estado do progresso deve ser mantido caso a pessoa atualize a pagina ou volte para a mesma receita",
          "fullFile": "",
          "file": "",
          "beforeHooks": [],
          "afterHooks": [],
          "tests": [
            {
              "title": "salva o progresso de uma receita de comida em andamento",
              "fullTitle": "O estado do progresso deve ser mantido caso a pessoa atualize a pagina ou volte para a mesma receita salva o progresso de uma receita de comida em andamento",
              "timedOut": null,
              "duration": 714,
              "state": "failed",
              "speed": null,
              "pass": false,
              "fail": true,
              "pending": false,
              "context": null,
              "code": "cy.visit('http://localhost:3000/comidas/52771/in-progress', {\n  onBeforeLoad: function onBeforeLoad(win) {\n    win.fetch = fetchMock;\n  }\n});\ncy.get('[data-testid=\"0-ingredient-step\"]').find('input[type=\"checkbox\"]').check();\ncy.reload();\ncy.get('[data-testid=\"0-ingredient-step\"]').find('input[type=\"checkbox\"]').should('have.attr', 'checked');",
              "err": {
                "message": "CypressError: cy.visit() failed trying to load:\n\nhttp://localhost:3000/comidas/52771/in-progress\n\nWe attempted to make an http request to this URL but the request failed without a response.\n\nWe received this error at the network level:\n\n  > Error: connect ECONNREFUSED 127.0.0.1:3000\n\nCommon situations why this would fail:\n  - you don't have internet access\n  - you forgot to run / boot your web server\n  - your web server isn't accessible\n  - you have weird network configuration settings on your computer\n\nThe stack trace for this error is:\n\nError: connect ECONNREFUSED 127.0.0.1:3000\n    at TCPConnectWrap.afterConnect [as oncomplete] (net.js:1056:14)\n",
                "estack": "CypressError: cy.visit() failed trying to load:\n\nhttp://localhost:3000/comidas/52771/in-progress\n\nWe attempted to make an http request to this URL but the request failed without a response.\n\nWe received this error at the network level:\n\n  > Error: connect ECONNREFUSED 127.0.0.1:3000\n\nCommon situations why this would fail:\n  - you don't have internet access\n  - you forgot to run / boot your web server\n  - your web server isn't accessible\n  - you have weird network configuration settings on your computer\n\nThe stack trace for this error is:\n\nError: connect ECONNREFUSED 127.0.0.1:3000\n    at TCPConnectWrap.afterConnect [as oncomplete] (net.js:1056:14)\n\n    at Object.cypressErr (http://localhost:38767/__cypress/runner/cypress_runner.js:86207:11)\n    at Object.throwErr (http://localhost:38767/__cypress/runner/cypress_runner.js:86162:18)\n    at Object.throwErrByPath (http://localhost:38767/__cypress/runner/cypress_runner.js:86194:17)\n    at http://localhost:38767/__cypress/runner/cypress_runner.js:71500:31\n    at visitFailedByErr (http://localhost:38767/__cypress/runner/cypress_runner.js:71006:12)\n    at http://localhost:38767/__cypress/runner/cypress_runner.js:71499:22\n    at tryCatcher (http://localhost:38767/__cypress/runner/cypress_runner.js:120203:23)\n    at Promise._settlePromiseFromHandler (http://localhost:38767/__cypress/runner/cypress_runner.js:118139:31)\n    at Promise._settlePromise (http://localhost:38767/__cypress/runner/cypress_runner.js:118196:18)\n    at Promise._settlePromise0 (http://localhost:38767/__cypress/runner/cypress_runner.js:118241:10)\n    at Promise._settlePromises (http://localhost:38767/__cypress/runner/cypress_runner.js:118316:18)\n    at Async../node_modules/bluebird/js/release/async.js.Async._drainQueue (http://localhost:38767/__cypress/runner/cypress_runner.js:114928:16)\n    at Async../node_modules/bluebird/js/release/async.js.Async._drainQueues (http://localhost:38767/__cypress/runner/cypress_runner.js:114938:10)\n    at Async.drainQueues (http://localhost:38767/__cypress/runner/cypress_runner.js:114812:14)",
                "diff": null
              },
              "uuid": "55c769de-d492-4e9e-b33d-60dca1aed3c9",
              "parentUUID": "620b332e-d4d7-42c1-8a00-001cb61654de",
              "isHook": false,
              "skipped": false
            },
            {
              "title": "salva o progresso de uma receita de bebida em andamento",
              "fullTitle": "O estado do progresso deve ser mantido caso a pessoa atualize a pagina ou volte para a mesma receita salva o progresso de uma receita de bebida em andamento",
              "timedOut": null,
              "duration": 757,
              "state": "failed",
              "speed": null,
              "pass": false,
              "fail": true,
              "pending": false,
              "context": null,
              "code": "cy.visit('http://localhost:3000/bebidas/178319/in-progress', {\n  onBeforeLoad: function onBeforeLoad(win) {\n    win.fetch = fetchMock;\n  }\n});\ncy.get('[data-testid=\"0-ingredient-step\"]').find('input[type=\"checkbox\"]').check();\ncy.reload();\ncy.get('[data-testid=\"0-ingredient-step\"]').find('input[type=\"checkbox\"]').should('have.attr', 'checked');",
              "err": {
                "message": "CypressError: cy.visit() failed trying to load:\n\nhttp://localhost:3000/bebidas/178319/in-progress\n\nWe attempted to make an http request to this URL but the request failed without a response.\n\nWe received this error at the network level:\n\n  > Error: connect ECONNREFUSED 127.0.0.1:3000\n\nCommon situations why this would fail:\n  - you don't have internet access\n  - you forgot to run / boot your web server\n  - your web server isn't accessible\n  - you have weird network configuration settings on your computer\n\nThe stack trace for this error is:\n\nError: connect ECONNREFUSED 127.0.0.1:3000\n    at TCPConnectWrap.afterConnect [as oncomplete] (net.js:1056:14)\n",
                "estack": "CypressError: cy.visit() failed trying to load:\n\nhttp://localhost:3000/bebidas/178319/in-progress\n\nWe attempted to make an http request to this URL but the request failed without a response.\n\nWe received this error at the network level:\n\n  > Error: connect ECONNREFUSED 127.0.0.1:3000\n\nCommon situations why this would fail:\n  - you don't have internet access\n  - you forgot to run / boot your web server\n  - your web server isn't accessible\n  - you have weird network configuration settings on your computer\n\nThe stack trace for this error is:\n\nError: connect ECONNREFUSED 127.0.0.1:3000\n    at TCPConnectWrap.afterConnect [as oncomplete] (net.js:1056:14)\n\n    at Object.cypressErr (http://localhost:38767/__cypress/runner/cypress_runner.js:86207:11)\n    at Object.throwErr (http://localhost:38767/__cypress/runner/cypress_runner.js:86162:18)\n    at Object.throwErrByPath (http://localhost:38767/__cypress/runner/cypress_runner.js:86194:17)\n    at http://localhost:38767/__cypress/runner/cypress_runner.js:71500:31\n    at visitFailedByErr (http://localhost:38767/__cypress/runner/cypress_runner.js:71006:12)\n    at http://localhost:38767/__cypress/runner/cypress_runner.js:71499:22\n    at tryCatcher (http://localhost:38767/__cypress/runner/cypress_runner.js:120203:23)\n    at Promise._settlePromiseFromHandler (http://localhost:38767/__cypress/runner/cypress_runner.js:118139:31)\n    at Promise._settlePromise (http://localhost:38767/__cypress/runner/cypress_runner.js:118196:18)\n    at Promise._settlePromise0 (http://localhost:38767/__cypress/runner/cypress_runner.js:118241:10)\n    at Promise._settlePromises (http://localhost:38767/__cypress/runner/cypress_runner.js:118316:18)\n    at Async../node_modules/bluebird/js/release/async.js.Async._drainQueue (http://localhost:38767/__cypress/runner/cypress_runner.js:114928:16)\n    at Async../node_modules/bluebird/js/release/async.js.Async._drainQueues (http://localhost:38767/__cypress/runner/cypress_runner.js:114938:10)\n    at Async.drainQueues (http://localhost:38767/__cypress/runner/cypress_runner.js:114812:14)",
                "diff": null
              },
              "uuid": "ae2fa769-ff46-4849-b3e8-31ca045395e3",
              "parentUUID": "620b332e-d4d7-42c1-8a00-001cb61654de",
              "isHook": false,
              "skipped": false
            }
          ],
          "suites": [],
          "passes": [],
          "failures": [
            "55c769de-d492-4e9e-b33d-60dca1aed3c9",
            "ae2fa769-ff46-4849-b3e8-31ca045395e3"
          ],
          "pending": [],
          "skipped": [],
          "duration": 1471,
          "root": false,
          "rootEmpty": false,
          "_timeout": 2000
        },
        {
          "uuid": "68fc1fec-b0d7-4807-9556-60e732f1c760",
          "title": "A mesma lógica de favoritar e compartilhar da tela de detalhes de uma receita se aplica aqui",
          "fullFile": "",
          "file": "",
          "beforeHooks": [],
          "afterHooks": [],
          "tests": [
            {
              "title": "verifica se os botões estão disponíveis na tela de detalhes de uma comida",
              "fullTitle": "A mesma lógica de favoritar e compartilhar da tela de detalhes de uma receita se aplica aqui verifica se os botões estão disponíveis na tela de detalhes de uma comida",
              "timedOut": null,
              "duration": 714,
              "state": "failed",
              "speed": null,
              "pass": false,
              "fail": true,
              "pending": false,
              "context": null,
              "code": "cy.visit('http://localhost:3000/comidas/52771/in-progress', {\n  onBeforeLoad: function onBeforeLoad(win) {\n    win.fetch = fetchMock;\n  }\n});\ncy.get('[data-testid=\"share-btn\"]').should('exist');\ncy.get('[data-testid=\"favorite-btn\"]').should('exist');",
              "err": {
                "message": "CypressError: cy.visit() failed trying to load:\n\nhttp://localhost:3000/comidas/52771/in-progress\n\nWe attempted to make an http request to this URL but the request failed without a response.\n\nWe received this error at the network level:\n\n  > Error: connect ECONNREFUSED 127.0.0.1:3000\n\nCommon situations why this would fail:\n  - you don't have internet access\n  - you forgot to run / boot your web server\n  - your web server isn't accessible\n  - you have weird network configuration settings on your computer\n\nThe stack trace for this error is:\n\nError: connect ECONNREFUSED 127.0.0.1:3000\n    at TCPConnectWrap.afterConnect [as oncomplete] (net.js:1056:14)\n",
                "estack": "CypressError: cy.visit() failed trying to load:\n\nhttp://localhost:3000/comidas/52771/in-progress\n\nWe attempted to make an http request to this URL but the request failed without a response.\n\nWe received this error at the network level:\n\n  > Error: connect ECONNREFUSED 127.0.0.1:3000\n\nCommon situations why this would fail:\n  - you don't have internet access\n  - you forgot to run / boot your web server\n  - your web server isn't accessible\n  - you have weird network configuration settings on your computer\n\nThe stack trace for this error is:\n\nError: connect ECONNREFUSED 127.0.0.1:3000\n    at TCPConnectWrap.afterConnect [as oncomplete] (net.js:1056:14)\n\n    at Object.cypressErr (http://localhost:38767/__cypress/runner/cypress_runner.js:86207:11)\n    at Object.throwErr (http://localhost:38767/__cypress/runner/cypress_runner.js:86162:18)\n    at Object.throwErrByPath (http://localhost:38767/__cypress/runner/cypress_runner.js:86194:17)\n    at http://localhost:38767/__cypress/runner/cypress_runner.js:71500:31\n    at visitFailedByErr (http://localhost:38767/__cypress/runner/cypress_runner.js:71006:12)\n    at http://localhost:38767/__cypress/runner/cypress_runner.js:71499:22\n    at tryCatcher (http://localhost:38767/__cypress/runner/cypress_runner.js:120203:23)\n    at Promise._settlePromiseFromHandler (http://localhost:38767/__cypress/runner/cypress_runner.js:118139:31)\n    at Promise._settlePromise (http://localhost:38767/__cypress/runner/cypress_runner.js:118196:18)\n    at Promise._settlePromise0 (http://localhost:38767/__cypress/runner/cypress_runner.js:118241:10)\n    at Promise._settlePromises (http://localhost:38767/__cypress/runner/cypress_runner.js:118316:18)\n    at Async../node_modules/bluebird/js/release/async.js.Async._drainQueue (http://localhost:38767/__cypress/runner/cypress_runner.js:114928:16)\n    at Async../node_modules/bluebird/js/release/async.js.Async._drainQueues (http://localhost:38767/__cypress/runner/cypress_runner.js:114938:10)\n    at Async.drainQueues (http://localhost:38767/__cypress/runner/cypress_runner.js:114812:14)",
                "diff": null
              },
              "uuid": "ee3e717e-a885-41d9-a5be-99e1d4039df6",
              "parentUUID": "68fc1fec-b0d7-4807-9556-60e732f1c760",
              "isHook": false,
              "skipped": false
            },
            {
              "title": "verifica se os botões estão disponíveis na tela de detalhes de uma bebida",
              "fullTitle": "A mesma lógica de favoritar e compartilhar da tela de detalhes de uma receita se aplica aqui verifica se os botões estão disponíveis na tela de detalhes de uma bebida",
              "timedOut": null,
              "duration": 682,
              "state": "failed",
              "speed": null,
              "pass": false,
              "fail": true,
              "pending": false,
              "context": null,
              "code": "cy.visit('http://localhost:3000/bebidas/178319/in-progress', {\n  onBeforeLoad: function onBeforeLoad(win) {\n    win.fetch = fetchMock;\n  }\n});\ncy.get('[data-testid=\"share-btn\"]').should('exist');\ncy.get('[data-testid=\"favorite-btn\"]').should('exist');",
              "err": {
                "message": "CypressError: cy.visit() failed trying to load:\n\nhttp://localhost:3000/bebidas/178319/in-progress\n\nWe attempted to make an http request to this URL but the request failed without a response.\n\nWe received this error at the network level:\n\n  > Error: connect ECONNREFUSED 127.0.0.1:3000\n\nCommon situations why this would fail:\n  - you don't have internet access\n  - you forgot to run / boot your web server\n  - your web server isn't accessible\n  - you have weird network configuration settings on your computer\n\nThe stack trace for this error is:\n\nError: connect ECONNREFUSED 127.0.0.1:3000\n    at TCPConnectWrap.afterConnect [as oncomplete] (net.js:1056:14)\n",
                "estack": "CypressError: cy.visit() failed trying to load:\n\nhttp://localhost:3000/bebidas/178319/in-progress\n\nWe attempted to make an http request to this URL but the request failed without a response.\n\nWe received this error at the network level:\n\n  > Error: connect ECONNREFUSED 127.0.0.1:3000\n\nCommon situations why this would fail:\n  - you don't have internet access\n  - you forgot to run / boot your web server\n  - your web server isn't accessible\n  - you have weird network configuration settings on your computer\n\nThe stack trace for this error is:\n\nError: connect ECONNREFUSED 127.0.0.1:3000\n    at TCPConnectWrap.afterConnect [as oncomplete] (net.js:1056:14)\n\n    at Object.cypressErr (http://localhost:38767/__cypress/runner/cypress_runner.js:86207:11)\n    at Object.throwErr (http://localhost:38767/__cypress/runner/cypress_runner.js:86162:18)\n    at Object.throwErrByPath (http://localhost:38767/__cypress/runner/cypress_runner.js:86194:17)\n    at http://localhost:38767/__cypress/runner/cypress_runner.js:71500:31\n    at visitFailedByErr (http://localhost:38767/__cypress/runner/cypress_runner.js:71006:12)\n    at http://localhost:38767/__cypress/runner/cypress_runner.js:71499:22\n    at tryCatcher (http://localhost:38767/__cypress/runner/cypress_runner.js:120203:23)\n    at Promise._settlePromiseFromHandler (http://localhost:38767/__cypress/runner/cypress_runner.js:118139:31)\n    at Promise._settlePromise (http://localhost:38767/__cypress/runner/cypress_runner.js:118196:18)\n    at Promise._settlePromise0 (http://localhost:38767/__cypress/runner/cypress_runner.js:118241:10)\n    at Promise._settlePromises (http://localhost:38767/__cypress/runner/cypress_runner.js:118316:18)\n    at Async../node_modules/bluebird/js/release/async.js.Async._drainQueue (http://localhost:38767/__cypress/runner/cypress_runner.js:114928:16)\n    at Async../node_modules/bluebird/js/release/async.js.Async._drainQueues (http://localhost:38767/__cypress/runner/cypress_runner.js:114938:10)\n    at Async.drainQueues (http://localhost:38767/__cypress/runner/cypress_runner.js:114812:14)",
                "diff": null
              },
              "uuid": "2e56d6b9-e9f0-48ce-839d-bf8efc6dacb8",
              "parentUUID": "68fc1fec-b0d7-4807-9556-60e732f1c760",
              "isHook": false,
              "skipped": false
            },
            {
              "title": "verifica a mensagem \"Link copiado!\" e se o link da receita da comida foi copiado para o clipboard",
              "fullTitle": "A mesma lógica de favoritar e compartilhar da tela de detalhes de uma receita se aplica aqui verifica a mensagem \"Link copiado!\" e se o link da receita da comida foi copiado para o clipboard",
              "timedOut": null,
              "duration": 735,
              "state": "failed",
              "speed": null,
              "pass": false,
              "fail": true,
              "pending": false,
              "context": null,
              "code": "cy.visit('http://localhost:3000/comidas/52771/in-progress', {\n  onBeforeLoad: function onBeforeLoad(win) {\n    win.fetch = fetchMock;\n  }\n});\ncy.get('[data-testid=\"share-btn\"]').click();\ncy.contains('Link copiado!');\ncy.window().then(function (win) {\n  cy.wrap(win.navigator.clipboard.readText()).should('eq', 'http://localhost:3000/comidas/52771');\n});",
              "err": {
                "message": "CypressError: cy.visit() failed trying to load:\n\nhttp://localhost:3000/comidas/52771/in-progress\n\nWe attempted to make an http request to this URL but the request failed without a response.\n\nWe received this error at the network level:\n\n  > Error: connect ECONNREFUSED 127.0.0.1:3000\n\nCommon situations why this would fail:\n  - you don't have internet access\n  - you forgot to run / boot your web server\n  - your web server isn't accessible\n  - you have weird network configuration settings on your computer\n\nThe stack trace for this error is:\n\nError: connect ECONNREFUSED 127.0.0.1:3000\n    at TCPConnectWrap.afterConnect [as oncomplete] (net.js:1056:14)\n",
                "estack": "CypressError: cy.visit() failed trying to load:\n\nhttp://localhost:3000/comidas/52771/in-progress\n\nWe attempted to make an http request to this URL but the request failed without a response.\n\nWe received this error at the network level:\n\n  > Error: connect ECONNREFUSED 127.0.0.1:3000\n\nCommon situations why this would fail:\n  - you don't have internet access\n  - you forgot to run / boot your web server\n  - your web server isn't accessible\n  - you have weird network configuration settings on your computer\n\nThe stack trace for this error is:\n\nError: connect ECONNREFUSED 127.0.0.1:3000\n    at TCPConnectWrap.afterConnect [as oncomplete] (net.js:1056:14)\n\n    at Object.cypressErr (http://localhost:38767/__cypress/runner/cypress_runner.js:86207:11)\n    at Object.throwErr (http://localhost:38767/__cypress/runner/cypress_runner.js:86162:18)\n    at Object.throwErrByPath (http://localhost:38767/__cypress/runner/cypress_runner.js:86194:17)\n    at http://localhost:38767/__cypress/runner/cypress_runner.js:71500:31\n    at visitFailedByErr (http://localhost:38767/__cypress/runner/cypress_runner.js:71006:12)\n    at http://localhost:38767/__cypress/runner/cypress_runner.js:71499:22\n    at tryCatcher (http://localhost:38767/__cypress/runner/cypress_runner.js:120203:23)\n    at Promise._settlePromiseFromHandler (http://localhost:38767/__cypress/runner/cypress_runner.js:118139:31)\n    at Promise._settlePromise (http://localhost:38767/__cypress/runner/cypress_runner.js:118196:18)\n    at Promise._settlePromise0 (http://localhost:38767/__cypress/runner/cypress_runner.js:118241:10)\n    at Promise._settlePromises (http://localhost:38767/__cypress/runner/cypress_runner.js:118316:18)\n    at Async../node_modules/bluebird/js/release/async.js.Async._drainQueue (http://localhost:38767/__cypress/runner/cypress_runner.js:114928:16)\n    at Async../node_modules/bluebird/js/release/async.js.Async._drainQueues (http://localhost:38767/__cypress/runner/cypress_runner.js:114938:10)\n    at Async.drainQueues (http://localhost:38767/__cypress/runner/cypress_runner.js:114812:14)",
                "diff": null
              },
              "uuid": "93cbf5c6-930a-4df7-916d-5f28324c8300",
              "parentUUID": "68fc1fec-b0d7-4807-9556-60e732f1c760",
              "isHook": false,
              "skipped": false
            },
            {
              "title": "verifica a mensagem \"Link copiado!\" e se o link da receita da bebida foi copiado para o clipboard",
              "fullTitle": "A mesma lógica de favoritar e compartilhar da tela de detalhes de uma receita se aplica aqui verifica a mensagem \"Link copiado!\" e se o link da receita da bebida foi copiado para o clipboard",
              "timedOut": null,
              "duration": 688,
              "state": "failed",
              "speed": null,
              "pass": false,
              "fail": true,
              "pending": false,
              "context": null,
              "code": "cy.visit('http://localhost:3000/bebidas/178319/in-progress', {\n  onBeforeLoad: function onBeforeLoad(win) {\n    win.fetch = fetchMock;\n  }\n});\ncy.get('[data-testid=\"share-btn\"]').click();\ncy.contains('Link copiado!');\ncy.window().then(function (win) {\n  cy.wrap(win.navigator.clipboard.readText()).should('eq', 'http://localhost:3000/bebidas/178319');\n});",
              "err": {
                "message": "CypressError: cy.visit() failed trying to load:\n\nhttp://localhost:3000/bebidas/178319/in-progress\n\nWe attempted to make an http request to this URL but the request failed without a response.\n\nWe received this error at the network level:\n\n  > Error: connect ECONNREFUSED 127.0.0.1:3000\n\nCommon situations why this would fail:\n  - you don't have internet access\n  - you forgot to run / boot your web server\n  - your web server isn't accessible\n  - you have weird network configuration settings on your computer\n\nThe stack trace for this error is:\n\nError: connect ECONNREFUSED 127.0.0.1:3000\n    at TCPConnectWrap.afterConnect [as oncomplete] (net.js:1056:14)\n",
                "estack": "CypressError: cy.visit() failed trying to load:\n\nhttp://localhost:3000/bebidas/178319/in-progress\n\nWe attempted to make an http request to this URL but the request failed without a response.\n\nWe received this error at the network level:\n\n  > Error: connect ECONNREFUSED 127.0.0.1:3000\n\nCommon situations why this would fail:\n  - you don't have internet access\n  - you forgot to run / boot your web server\n  - your web server isn't accessible\n  - you have weird network configuration settings on your computer\n\nThe stack trace for this error is:\n\nError: connect ECONNREFUSED 127.0.0.1:3000\n    at TCPConnectWrap.afterConnect [as oncomplete] (net.js:1056:14)\n\n    at Object.cypressErr (http://localhost:38767/__cypress/runner/cypress_runner.js:86207:11)\n    at Object.throwErr (http://localhost:38767/__cypress/runner/cypress_runner.js:86162:18)\n    at Object.throwErrByPath (http://localhost:38767/__cypress/runner/cypress_runner.js:86194:17)\n    at http://localhost:38767/__cypress/runner/cypress_runner.js:71500:31\n    at visitFailedByErr (http://localhost:38767/__cypress/runner/cypress_runner.js:71006:12)\n    at http://localhost:38767/__cypress/runner/cypress_runner.js:71499:22\n    at tryCatcher (http://localhost:38767/__cypress/runner/cypress_runner.js:120203:23)\n    at Promise._settlePromiseFromHandler (http://localhost:38767/__cypress/runner/cypress_runner.js:118139:31)\n    at Promise._settlePromise (http://localhost:38767/__cypress/runner/cypress_runner.js:118196:18)\n    at Promise._settlePromise0 (http://localhost:38767/__cypress/runner/cypress_runner.js:118241:10)\n    at Promise._settlePromises (http://localhost:38767/__cypress/runner/cypress_runner.js:118316:18)\n    at Async../node_modules/bluebird/js/release/async.js.Async._drainQueue (http://localhost:38767/__cypress/runner/cypress_runner.js:114928:16)\n    at Async../node_modules/bluebird/js/release/async.js.Async._drainQueues (http://localhost:38767/__cypress/runner/cypress_runner.js:114938:10)\n    at Async.drainQueues (http://localhost:38767/__cypress/runner/cypress_runner.js:114812:14)",
                "diff": null
              },
              "uuid": "415d9191-1101-4a7e-ac16-f3d9ff2099a3",
              "parentUUID": "68fc1fec-b0d7-4807-9556-60e732f1c760",
              "isHook": false,
              "skipped": false
            },
            {
              "title": "verifica comida favoritada",
              "fullTitle": "A mesma lógica de favoritar e compartilhar da tela de detalhes de uma receita se aplica aqui verifica comida favoritada",
              "timedOut": null,
              "duration": 681,
              "state": "failed",
              "speed": null,
              "pass": false,
              "fail": true,
              "pending": false,
              "context": null,
              "code": "cy.visit('http://localhost:3000/comidas/52771/in-progress', {\n  onBeforeLoad: function onBeforeLoad(win) {\n    var favoriteRecipes = [{\n      \"id\": \"52771\",\n      \"type\": \"comida\",\n      \"area\": \"Italian\",\n      \"category\": \"Vegetarian\",\n      \"alcoholicOrNot\": \"\",\n      \"name\": \"Spicy Arrabiata Penne\",\n      \"image\": \"https://www.themealdb.com/images/media/meals/ustsqw1468250014.jpg\"\n    }];\n    localStorage.setItem('favoriteRecipes', JSON.stringify(favoriteRecipes));\n    win.fetch = fetchMock;\n  }\n});\ncy.get('[data-testid=\"favorite-btn\"]').should('have.attr', 'src').should('include', 'blackHeartIcon');",
              "err": {
                "message": "CypressError: cy.visit() failed trying to load:\n\nhttp://localhost:3000/comidas/52771/in-progress\n\nWe attempted to make an http request to this URL but the request failed without a response.\n\nWe received this error at the network level:\n\n  > Error: connect ECONNREFUSED 127.0.0.1:3000\n\nCommon situations why this would fail:\n  - you don't have internet access\n  - you forgot to run / boot your web server\n  - your web server isn't accessible\n  - you have weird network configuration settings on your computer\n\nThe stack trace for this error is:\n\nError: connect ECONNREFUSED 127.0.0.1:3000\n    at TCPConnectWrap.afterConnect [as oncomplete] (net.js:1056:14)\n",
                "estack": "CypressError: cy.visit() failed trying to load:\n\nhttp://localhost:3000/comidas/52771/in-progress\n\nWe attempted to make an http request to this URL but the request failed without a response.\n\nWe received this error at the network level:\n\n  > Error: connect ECONNREFUSED 127.0.0.1:3000\n\nCommon situations why this would fail:\n  - you don't have internet access\n  - you forgot to run / boot your web server\n  - your web server isn't accessible\n  - you have weird network configuration settings on your computer\n\nThe stack trace for this error is:\n\nError: connect ECONNREFUSED 127.0.0.1:3000\n    at TCPConnectWrap.afterConnect [as oncomplete] (net.js:1056:14)\n\n    at Object.cypressErr (http://localhost:38767/__cypress/runner/cypress_runner.js:86207:11)\n    at Object.throwErr (http://localhost:38767/__cypress/runner/cypress_runner.js:86162:18)\n    at Object.throwErrByPath (http://localhost:38767/__cypress/runner/cypress_runner.js:86194:17)\n    at http://localhost:38767/__cypress/runner/cypress_runner.js:71500:31\n    at visitFailedByErr (http://localhost:38767/__cypress/runner/cypress_runner.js:71006:12)\n    at http://localhost:38767/__cypress/runner/cypress_runner.js:71499:22\n    at tryCatcher (http://localhost:38767/__cypress/runner/cypress_runner.js:120203:23)\n    at Promise._settlePromiseFromHandler (http://localhost:38767/__cypress/runner/cypress_runner.js:118139:31)\n    at Promise._settlePromise (http://localhost:38767/__cypress/runner/cypress_runner.js:118196:18)\n    at Promise._settlePromise0 (http://localhost:38767/__cypress/runner/cypress_runner.js:118241:10)\n    at Promise._settlePromises (http://localhost:38767/__cypress/runner/cypress_runner.js:118316:18)\n    at Async../node_modules/bluebird/js/release/async.js.Async._drainQueue (http://localhost:38767/__cypress/runner/cypress_runner.js:114928:16)\n    at Async../node_modules/bluebird/js/release/async.js.Async._drainQueues (http://localhost:38767/__cypress/runner/cypress_runner.js:114938:10)\n    at Async.drainQueues (http://localhost:38767/__cypress/runner/cypress_runner.js:114812:14)",
                "diff": null
              },
              "uuid": "cf258b74-a03c-4a04-acb4-a8d8714922e9",
              "parentUUID": "68fc1fec-b0d7-4807-9556-60e732f1c760",
              "isHook": false,
              "skipped": false
            },
            {
              "title": "verifica comida não favoritada",
              "fullTitle": "A mesma lógica de favoritar e compartilhar da tela de detalhes de uma receita se aplica aqui verifica comida não favoritada",
              "timedOut": null,
              "duration": 685,
              "state": "failed",
              "speed": null,
              "pass": false,
              "fail": true,
              "pending": false,
              "context": null,
              "code": "cy.visit('http://localhost:3000/comidas/52771/in-progress', {\n  onBeforeLoad: function onBeforeLoad(win) {\n    win.fetch = fetchMock;\n  }\n});\ncy.get('[data-testid=\"favorite-btn\"]').should('have.attr', 'src').should('include', 'whiteHeartIcon');",
              "err": {
                "message": "CypressError: cy.visit() failed trying to load:\n\nhttp://localhost:3000/comidas/52771/in-progress\n\nWe attempted to make an http request to this URL but the request failed without a response.\n\nWe received this error at the network level:\n\n  > Error: connect ECONNREFUSED 127.0.0.1:3000\n\nCommon situations why this would fail:\n  - you don't have internet access\n  - you forgot to run / boot your web server\n  - your web server isn't accessible\n  - you have weird network configuration settings on your computer\n\nThe stack trace for this error is:\n\nError: connect ECONNREFUSED 127.0.0.1:3000\n    at TCPConnectWrap.afterConnect [as oncomplete] (net.js:1056:14)\n",
                "estack": "CypressError: cy.visit() failed trying to load:\n\nhttp://localhost:3000/comidas/52771/in-progress\n\nWe attempted to make an http request to this URL but the request failed without a response.\n\nWe received this error at the network level:\n\n  > Error: connect ECONNREFUSED 127.0.0.1:3000\n\nCommon situations why this would fail:\n  - you don't have internet access\n  - you forgot to run / boot your web server\n  - your web server isn't accessible\n  - you have weird network configuration settings on your computer\n\nThe stack trace for this error is:\n\nError: connect ECONNREFUSED 127.0.0.1:3000\n    at TCPConnectWrap.afterConnect [as oncomplete] (net.js:1056:14)\n\n    at Object.cypressErr (http://localhost:38767/__cypress/runner/cypress_runner.js:86207:11)\n    at Object.throwErr (http://localhost:38767/__cypress/runner/cypress_runner.js:86162:18)\n    at Object.throwErrByPath (http://localhost:38767/__cypress/runner/cypress_runner.js:86194:17)\n    at http://localhost:38767/__cypress/runner/cypress_runner.js:71500:31\n    at visitFailedByErr (http://localhost:38767/__cypress/runner/cypress_runner.js:71006:12)\n    at http://localhost:38767/__cypress/runner/cypress_runner.js:71499:22\n    at tryCatcher (http://localhost:38767/__cypress/runner/cypress_runner.js:120203:23)\n    at Promise._settlePromiseFromHandler (http://localhost:38767/__cypress/runner/cypress_runner.js:118139:31)\n    at Promise._settlePromise (http://localhost:38767/__cypress/runner/cypress_runner.js:118196:18)\n    at Promise._settlePromise0 (http://localhost:38767/__cypress/runner/cypress_runner.js:118241:10)\n    at Promise._settlePromises (http://localhost:38767/__cypress/runner/cypress_runner.js:118316:18)\n    at Async../node_modules/bluebird/js/release/async.js.Async._drainQueue (http://localhost:38767/__cypress/runner/cypress_runner.js:114928:16)\n    at Async../node_modules/bluebird/js/release/async.js.Async._drainQueues (http://localhost:38767/__cypress/runner/cypress_runner.js:114938:10)\n    at Async.drainQueues (http://localhost:38767/__cypress/runner/cypress_runner.js:114812:14)",
                "diff": null
              },
              "uuid": "1f3e49c2-6b02-4772-8c0b-b436b8f3af4e",
              "parentUUID": "68fc1fec-b0d7-4807-9556-60e732f1c760",
              "isHook": false,
              "skipped": false
            },
            {
              "title": "verifica bebida favoritada",
              "fullTitle": "A mesma lógica de favoritar e compartilhar da tela de detalhes de uma receita se aplica aqui verifica bebida favoritada",
              "timedOut": null,
              "duration": 685,
              "state": "failed",
              "speed": null,
              "pass": false,
              "fail": true,
              "pending": false,
              "context": null,
              "code": "cy.visit('http://localhost:3000/bebidas/178319/in-progress', {\n  onBeforeLoad: function onBeforeLoad(win) {\n    var favoriteRecipes = [{\n      \"id\": \"178319\",\n      \"type\": \"bebida\",\n      \"area\": \"\",\n      \"category\": \"Cocktail\",\n      \"alcoholicOrNot\": \"Alcoholic\",\n      \"name\": \"Aquamarine\",\n      \"image\": \"https://www.thecocktaildb.com/images/media/drink/zvsre31572902738.jpg\"\n    }];\n    localStorage.setItem('favoriteRecipes', JSON.stringify(favoriteRecipes));\n    win.fetch = fetchMock;\n  }\n});\ncy.get('[data-testid=\"favorite-btn\"]').should('have.attr', 'src').should('include', 'blackHeartIcon');",
              "err": {
                "message": "CypressError: cy.visit() failed trying to load:\n\nhttp://localhost:3000/bebidas/178319/in-progress\n\nWe attempted to make an http request to this URL but the request failed without a response.\n\nWe received this error at the network level:\n\n  > Error: connect ECONNREFUSED 127.0.0.1:3000\n\nCommon situations why this would fail:\n  - you don't have internet access\n  - you forgot to run / boot your web server\n  - your web server isn't accessible\n  - you have weird network configuration settings on your computer\n\nThe stack trace for this error is:\n\nError: connect ECONNREFUSED 127.0.0.1:3000\n    at TCPConnectWrap.afterConnect [as oncomplete] (net.js:1056:14)\n",
                "estack": "CypressError: cy.visit() failed trying to load:\n\nhttp://localhost:3000/bebidas/178319/in-progress\n\nWe attempted to make an http request to this URL but the request failed without a response.\n\nWe received this error at the network level:\n\n  > Error: connect ECONNREFUSED 127.0.0.1:3000\n\nCommon situations why this would fail:\n  - you don't have internet access\n  - you forgot to run / boot your web server\n  - your web server isn't accessible\n  - you have weird network configuration settings on your computer\n\nThe stack trace for this error is:\n\nError: connect ECONNREFUSED 127.0.0.1:3000\n    at TCPConnectWrap.afterConnect [as oncomplete] (net.js:1056:14)\n\n    at Object.cypressErr (http://localhost:38767/__cypress/runner/cypress_runner.js:86207:11)\n    at Object.throwErr (http://localhost:38767/__cypress/runner/cypress_runner.js:86162:18)\n    at Object.throwErrByPath (http://localhost:38767/__cypress/runner/cypress_runner.js:86194:17)\n    at http://localhost:38767/__cypress/runner/cypress_runner.js:71500:31\n    at visitFailedByErr (http://localhost:38767/__cypress/runner/cypress_runner.js:71006:12)\n    at http://localhost:38767/__cypress/runner/cypress_runner.js:71499:22\n    at tryCatcher (http://localhost:38767/__cypress/runner/cypress_runner.js:120203:23)\n    at Promise._settlePromiseFromHandler (http://localhost:38767/__cypress/runner/cypress_runner.js:118139:31)\n    at Promise._settlePromise (http://localhost:38767/__cypress/runner/cypress_runner.js:118196:18)\n    at Promise._settlePromise0 (http://localhost:38767/__cypress/runner/cypress_runner.js:118241:10)\n    at Promise._settlePromises (http://localhost:38767/__cypress/runner/cypress_runner.js:118316:18)\n    at Async../node_modules/bluebird/js/release/async.js.Async._drainQueue (http://localhost:38767/__cypress/runner/cypress_runner.js:114928:16)\n    at Async../node_modules/bluebird/js/release/async.js.Async._drainQueues (http://localhost:38767/__cypress/runner/cypress_runner.js:114938:10)\n    at Async.drainQueues (http://localhost:38767/__cypress/runner/cypress_runner.js:114812:14)",
                "diff": null
              },
              "uuid": "15a2948e-2ad0-46d1-9d6e-815c8e8534d8",
              "parentUUID": "68fc1fec-b0d7-4807-9556-60e732f1c760",
              "isHook": false,
              "skipped": false
            },
            {
              "title": "verifica bebida não favoritada",
              "fullTitle": "A mesma lógica de favoritar e compartilhar da tela de detalhes de uma receita se aplica aqui verifica bebida não favoritada",
              "timedOut": null,
              "duration": 691,
              "state": "failed",
              "speed": null,
              "pass": false,
              "fail": true,
              "pending": false,
              "context": null,
              "code": "cy.visit('http://localhost:3000/bebidas/178319/in-progress', {\n  onBeforeLoad: function onBeforeLoad(win) {\n    win.fetch = fetchMock;\n  }\n});\ncy.get('[data-testid=\"favorite-btn\"]').should('have.attr', 'src').should('include', 'whiteHeartIcon');",
              "err": {
                "message": "CypressError: cy.visit() failed trying to load:\n\nhttp://localhost:3000/bebidas/178319/in-progress\n\nWe attempted to make an http request to this URL but the request failed without a response.\n\nWe received this error at the network level:\n\n  > Error: connect ECONNREFUSED 127.0.0.1:3000\n\nCommon situations why this would fail:\n  - you don't have internet access\n  - you forgot to run / boot your web server\n  - your web server isn't accessible\n  - you have weird network configuration settings on your computer\n\nThe stack trace for this error is:\n\nError: connect ECONNREFUSED 127.0.0.1:3000\n    at TCPConnectWrap.afterConnect [as oncomplete] (net.js:1056:14)\n",
                "estack": "CypressError: cy.visit() failed trying to load:\n\nhttp://localhost:3000/bebidas/178319/in-progress\n\nWe attempted to make an http request to this URL but the request failed without a response.\n\nWe received this error at the network level:\n\n  > Error: connect ECONNREFUSED 127.0.0.1:3000\n\nCommon situations why this would fail:\n  - you don't have internet access\n  - you forgot to run / boot your web server\n  - your web server isn't accessible\n  - you have weird network configuration settings on your computer\n\nThe stack trace for this error is:\n\nError: connect ECONNREFUSED 127.0.0.1:3000\n    at TCPConnectWrap.afterConnect [as oncomplete] (net.js:1056:14)\n\n    at Object.cypressErr (http://localhost:38767/__cypress/runner/cypress_runner.js:86207:11)\n    at Object.throwErr (http://localhost:38767/__cypress/runner/cypress_runner.js:86162:18)\n    at Object.throwErrByPath (http://localhost:38767/__cypress/runner/cypress_runner.js:86194:17)\n    at http://localhost:38767/__cypress/runner/cypress_runner.js:71500:31\n    at visitFailedByErr (http://localhost:38767/__cypress/runner/cypress_runner.js:71006:12)\n    at http://localhost:38767/__cypress/runner/cypress_runner.js:71499:22\n    at tryCatcher (http://localhost:38767/__cypress/runner/cypress_runner.js:120203:23)\n    at Promise._settlePromiseFromHandler (http://localhost:38767/__cypress/runner/cypress_runner.js:118139:31)\n    at Promise._settlePromise (http://localhost:38767/__cypress/runner/cypress_runner.js:118196:18)\n    at Promise._settlePromise0 (http://localhost:38767/__cypress/runner/cypress_runner.js:118241:10)\n    at Promise._settlePromises (http://localhost:38767/__cypress/runner/cypress_runner.js:118316:18)\n    at Async../node_modules/bluebird/js/release/async.js.Async._drainQueue (http://localhost:38767/__cypress/runner/cypress_runner.js:114928:16)\n    at Async../node_modules/bluebird/js/release/async.js.Async._drainQueues (http://localhost:38767/__cypress/runner/cypress_runner.js:114938:10)\n    at Async.drainQueues (http://localhost:38767/__cypress/runner/cypress_runner.js:114812:14)",
                "diff": null
              },
              "uuid": "51929857-3f2e-4042-88aa-998575b300f5",
              "parentUUID": "68fc1fec-b0d7-4807-9556-60e732f1c760",
              "isHook": false,
              "skipped": false
            },
            {
              "title": "favorita comida",
              "fullTitle": "A mesma lógica de favoritar e compartilhar da tela de detalhes de uma receita se aplica aqui favorita comida",
              "timedOut": null,
              "duration": 707,
              "state": "failed",
              "speed": null,
              "pass": false,
              "fail": true,
              "pending": false,
              "context": null,
              "code": "cy.visit('http://localhost:3000/comidas/52771/in-progress', {\n  onBeforeLoad: function onBeforeLoad(win) {\n    win.fetch = fetchMock;\n  }\n});\ncy.get('[data-testid=\"favorite-btn\"]').should('have.attr', 'src').should('include', 'whiteHeartIcon');\ncy.get('[data-testid=\"favorite-btn\"]').click();\ncy.get('[data-testid=\"favorite-btn\"]').should('have.attr', 'src').should('include', 'blackHeartIcon');",
              "err": {
                "message": "CypressError: cy.visit() failed trying to load:\n\nhttp://localhost:3000/comidas/52771/in-progress\n\nWe attempted to make an http request to this URL but the request failed without a response.\n\nWe received this error at the network level:\n\n  > Error: connect ECONNREFUSED 127.0.0.1:3000\n\nCommon situations why this would fail:\n  - you don't have internet access\n  - you forgot to run / boot your web server\n  - your web server isn't accessible\n  - you have weird network configuration settings on your computer\n\nThe stack trace for this error is:\n\nError: connect ECONNREFUSED 127.0.0.1:3000\n    at TCPConnectWrap.afterConnect [as oncomplete] (net.js:1056:14)\n",
                "estack": "CypressError: cy.visit() failed trying to load:\n\nhttp://localhost:3000/comidas/52771/in-progress\n\nWe attempted to make an http request to this URL but the request failed without a response.\n\nWe received this error at the network level:\n\n  > Error: connect ECONNREFUSED 127.0.0.1:3000\n\nCommon situations why this would fail:\n  - you don't have internet access\n  - you forgot to run / boot your web server\n  - your web server isn't accessible\n  - you have weird network configuration settings on your computer\n\nThe stack trace for this error is:\n\nError: connect ECONNREFUSED 127.0.0.1:3000\n    at TCPConnectWrap.afterConnect [as oncomplete] (net.js:1056:14)\n\n    at Object.cypressErr (http://localhost:38767/__cypress/runner/cypress_runner.js:86207:11)\n    at Object.throwErr (http://localhost:38767/__cypress/runner/cypress_runner.js:86162:18)\n    at Object.throwErrByPath (http://localhost:38767/__cypress/runner/cypress_runner.js:86194:17)\n    at http://localhost:38767/__cypress/runner/cypress_runner.js:71500:31\n    at visitFailedByErr (http://localhost:38767/__cypress/runner/cypress_runner.js:71006:12)\n    at http://localhost:38767/__cypress/runner/cypress_runner.js:71499:22\n    at tryCatcher (http://localhost:38767/__cypress/runner/cypress_runner.js:120203:23)\n    at Promise._settlePromiseFromHandler (http://localhost:38767/__cypress/runner/cypress_runner.js:118139:31)\n    at Promise._settlePromise (http://localhost:38767/__cypress/runner/cypress_runner.js:118196:18)\n    at Promise._settlePromise0 (http://localhost:38767/__cypress/runner/cypress_runner.js:118241:10)\n    at Promise._settlePromises (http://localhost:38767/__cypress/runner/cypress_runner.js:118316:18)\n    at Async../node_modules/bluebird/js/release/async.js.Async._drainQueue (http://localhost:38767/__cypress/runner/cypress_runner.js:114928:16)\n    at Async../node_modules/bluebird/js/release/async.js.Async._drainQueues (http://localhost:38767/__cypress/runner/cypress_runner.js:114938:10)\n    at Async.drainQueues (http://localhost:38767/__cypress/runner/cypress_runner.js:114812:14)",
                "diff": null
              },
              "uuid": "a8a4492b-306c-40ee-ae6f-4f340fca7ac0",
              "parentUUID": "68fc1fec-b0d7-4807-9556-60e732f1c760",
              "isHook": false,
              "skipped": false
            },
            {
              "title": "desfavorita comida",
              "fullTitle": "A mesma lógica de favoritar e compartilhar da tela de detalhes de uma receita se aplica aqui desfavorita comida",
              "timedOut": null,
              "duration": 701,
              "state": "failed",
              "speed": null,
              "pass": false,
              "fail": true,
              "pending": false,
              "context": null,
              "code": "cy.visit('http://localhost:3000/comidas/52771/in-progress', {\n  onBeforeLoad: function onBeforeLoad(win) {\n    var favoriteRecipes = [{\n      \"id\": \"52771\",\n      \"type\": \"comida\",\n      \"area\": \"Italian\",\n      \"category\": \"Vegetarian\",\n      \"alcoholicOrNot\": \"\",\n      \"name\": \"Spicy Arrabiata Penne\",\n      \"image\": \"https://www.themealdb.com/images/media/meals/ustsqw1468250014.jpg\"\n    }];\n    localStorage.setItem('favoriteRecipes', JSON.stringify(favoriteRecipes));\n    win.fetch = fetchMock;\n  }\n});\ncy.get('[data-testid=\"favorite-btn\"]').should('have.attr', 'src').should('include', 'blackHeartIcon');\ncy.get('[data-testid=\"favorite-btn\"]').click();\ncy.get('[data-testid=\"favorite-btn\"]').should('have.attr', 'src').should('include', 'whiteHeartIcon');",
              "err": {
                "message": "CypressError: cy.visit() failed trying to load:\n\nhttp://localhost:3000/comidas/52771/in-progress\n\nWe attempted to make an http request to this URL but the request failed without a response.\n\nWe received this error at the network level:\n\n  > Error: connect ECONNREFUSED 127.0.0.1:3000\n\nCommon situations why this would fail:\n  - you don't have internet access\n  - you forgot to run / boot your web server\n  - your web server isn't accessible\n  - you have weird network configuration settings on your computer\n\nThe stack trace for this error is:\n\nError: connect ECONNREFUSED 127.0.0.1:3000\n    at TCPConnectWrap.afterConnect [as oncomplete] (net.js:1056:14)\n",
                "estack": "CypressError: cy.visit() failed trying to load:\n\nhttp://localhost:3000/comidas/52771/in-progress\n\nWe attempted to make an http request to this URL but the request failed without a response.\n\nWe received this error at the network level:\n\n  > Error: connect ECONNREFUSED 127.0.0.1:3000\n\nCommon situations why this would fail:\n  - you don't have internet access\n  - you forgot to run / boot your web server\n  - your web server isn't accessible\n  - you have weird network configuration settings on your computer\n\nThe stack trace for this error is:\n\nError: connect ECONNREFUSED 127.0.0.1:3000\n    at TCPConnectWrap.afterConnect [as oncomplete] (net.js:1056:14)\n\n    at Object.cypressErr (http://localhost:38767/__cypress/runner/cypress_runner.js:86207:11)\n    at Object.throwErr (http://localhost:38767/__cypress/runner/cypress_runner.js:86162:18)\n    at Object.throwErrByPath (http://localhost:38767/__cypress/runner/cypress_runner.js:86194:17)\n    at http://localhost:38767/__cypress/runner/cypress_runner.js:71500:31\n    at visitFailedByErr (http://localhost:38767/__cypress/runner/cypress_runner.js:71006:12)\n    at http://localhost:38767/__cypress/runner/cypress_runner.js:71499:22\n    at tryCatcher (http://localhost:38767/__cypress/runner/cypress_runner.js:120203:23)\n    at Promise._settlePromiseFromHandler (http://localhost:38767/__cypress/runner/cypress_runner.js:118139:31)\n    at Promise._settlePromise (http://localhost:38767/__cypress/runner/cypress_runner.js:118196:18)\n    at Promise._settlePromise0 (http://localhost:38767/__cypress/runner/cypress_runner.js:118241:10)\n    at Promise._settlePromises (http://localhost:38767/__cypress/runner/cypress_runner.js:118316:18)\n    at Async../node_modules/bluebird/js/release/async.js.Async._drainQueue (http://localhost:38767/__cypress/runner/cypress_runner.js:114928:16)\n    at Async../node_modules/bluebird/js/release/async.js.Async._drainQueues (http://localhost:38767/__cypress/runner/cypress_runner.js:114938:10)\n    at Async.drainQueues (http://localhost:38767/__cypress/runner/cypress_runner.js:114812:14)",
                "diff": null
              },
              "uuid": "ba20bd6d-1cbb-4229-8375-536a514076d0",
              "parentUUID": "68fc1fec-b0d7-4807-9556-60e732f1c760",
              "isHook": false,
              "skipped": false
            },
            {
              "title": "favorita bebida",
              "fullTitle": "A mesma lógica de favoritar e compartilhar da tela de detalhes de uma receita se aplica aqui favorita bebida",
              "timedOut": null,
              "duration": 702,
              "state": "failed",
              "speed": null,
              "pass": false,
              "fail": true,
              "pending": false,
              "context": null,
              "code": "cy.visit('http://localhost:3000/bebidas/178319/in-progress', {\n  onBeforeLoad: function onBeforeLoad(win) {\n    win.fetch = fetchMock;\n  }\n});\ncy.get('[data-testid=\"favorite-btn\"]').should('have.attr', 'src').should('include', 'whiteHeartIcon');\ncy.get('[data-testid=\"favorite-btn\"]').click();\ncy.get('[data-testid=\"favorite-btn\"]').should('have.attr', 'src').should('include', 'blackHeartIcon');",
              "err": {
                "message": "CypressError: cy.visit() failed trying to load:\n\nhttp://localhost:3000/bebidas/178319/in-progress\n\nWe attempted to make an http request to this URL but the request failed without a response.\n\nWe received this error at the network level:\n\n  > Error: connect ECONNREFUSED 127.0.0.1:3000\n\nCommon situations why this would fail:\n  - you don't have internet access\n  - you forgot to run / boot your web server\n  - your web server isn't accessible\n  - you have weird network configuration settings on your computer\n\nThe stack trace for this error is:\n\nError: connect ECONNREFUSED 127.0.0.1:3000\n    at TCPConnectWrap.afterConnect [as oncomplete] (net.js:1056:14)\n",
[...]
                "diff": null
              },
              "uuid": "ac3d118f-f611-46f0-9cc1-accaebf73b25",
              "parentUUID": "b74e0ec6-664f-4717-95aa-b667859b11af",
              "isHook": false,
              "skipped": false
            },
            {
              "title": "verifica se botão para finalizar está habilitado em receitas de comidas",
              "fullTitle": "O botão de finalizar receita só pode estar habilitado quando todos os ingredientes estiverem _\"checkados\"_ (marcados) verifica se botão para finalizar está habilitado em receitas de comidas",
              "timedOut": null,
              "duration": 715,
              "state": "failed",
              "speed": null,
              "pass": false,
              "fail": true,
              "pending": false,
              "context": null,
              "code": "cy.visit('http://localhost:3000/comidas/52771/in-progress', {\n  onBeforeLoad: function onBeforeLoad(win) {\n    win.fetch = fetchMock;\n  }\n});\ncy.get('[data-testid*=\"ingredient-step\"]').find('input[type=\"checkbox\"]').check();\ncy.get('[data-testid=\"finish-recipe-btn\"]').should('be.enabled');",
              "err": {
                "message": "CypressError: cy.visit() failed trying to load:\n\nhttp://localhost:3000/comidas/52771/in-progress\n\nWe attempted to make an http request to this URL but the request failed without a response.\n\nWe received this error at the network level:\n\n  > Error: connect ECONNREFUSED 127.0.0.1:3000\n\nCommon situations why this would fail:\n  - you don't have internet access\n  - you forgot to run / boot your web server\n  - your web server isn't accessible\n  - you have weird network configuration settings on your computer\n\nThe stack trace for this error is:\n\nError: connect ECONNREFUSED 127.0.0.1:3000\n    at TCPConnectWrap.afterConnect [as oncomplete] (net.js:1056:14)\n",
                "estack": "CypressError: cy.visit() failed trying to load:\n\nhttp://localhost:3000/comidas/52771/in-progress\n\nWe attempted to make an http request to this URL but the request failed without a response.\n\nWe received this error at the network level:\n\n  > Error: connect ECONNREFUSED 127.0.0.1:3000\n\nCommon situations why this would fail:\n  - you don't have internet access\n  - you forgot to run / boot your web server\n  - your web server isn't accessible\n  - you have weird network configuration settings on your computer\n\nThe stack trace for this error is:\n\nError: connect ECONNREFUSED 127.0.0.1:3000\n    at TCPConnectWrap.afterConnect [as oncomplete] (net.js:1056:14)\n\n    at Object.cypressErr (http://localhost:38767/__cypress/runner/cypress_runner.js:86207:11)\n    at Object.throwErr (http://localhost:38767/__cypress/runner/cypress_runner.js:86162:18)\n    at Object.throwErrByPath (http://localhost:38767/__cypress/runner/cypress_runner.js:86194:17)\n    at http://localhost:38767/__cypress/runner/cypress_runner.js:71500:31\n    at visitFailedByErr (http://localhost:38767/__cypress/runner/cypress_runner.js:71006:12)\n    at http://localhost:38767/__cypress/runner/cypress_runner.js:71499:22\n    at tryCatcher (http://localhost:38767/__cypress/runner/cypress_runner.js:120203:23)\n    at Promise._settlePromiseFromHandler (http://localhost:38767/__cypress/runner/cypress_runner.js:118139:31)\n    at Promise._settlePromise (http://localhost:38767/__cypress/runner/cypress_runner.js:118196:18)\n    at Promise._settlePromise0 (http://localhost:38767/__cypress/runner/cypress_runner.js:118241:10)\n    at Promise._settlePromises (http://localhost:38767/__cypress/runner/cypress_runner.js:118316:18)\n    at Async../node_modules/bluebird/js/release/async.js.Async._drainQueue (http://localhost:38767/__cypress/runner/cypress_runner.js:114928:16)\n    at Async../node_modules/bluebird/js/release/async.js.Async._drainQueues (http://localhost:38767/__cypress/runner/cypress_runner.js:114938:10)\n    at Async.drainQueues (http://localhost:38767/__cypress/runner/cypress_runner.js:114812:14)",
                "diff": null
              },
              "uuid": "4004d69e-c14b-4ed6-b36e-77a7d26f8d31",
              "parentUUID": "b74e0ec6-664f-4717-95aa-b667859b11af",
              "isHook": false,
              "skipped": false
            },
            {
              "title": "verifica se botão para finalizar está habilitado em receitas de bebidas",
              "fullTitle": "O botão de finalizar receita só pode estar habilitado quando todos os ingredientes estiverem _\"checkados\"_ (marcados) verifica se botão para finalizar está habilitado em receitas de bebidas",
              "timedOut": null,
              "duration": 712,
              "state": "failed",
              "speed": null,
              "pass": false,
              "fail": true,
              "pending": false,
              "context": null,
              "code": "cy.visit('http://localhost:3000/bebidas/178319/in-progress', {\n  onBeforeLoad: function onBeforeLoad(win) {\n    win.fetch = fetchMock;\n  }\n});\ncy.get('[data-testid*=\"ingredient-step\"]').find('input[type=\"checkbox\"]').check();\ncy.get('[data-testid=\"finish-recipe-btn\"]').should('be.enabled');",
              "err": {
                "message": "CypressError: cy.visit() failed trying to load:\n\nhttp://localhost:3000/bebidas/178319/in-progress\n\nWe attempted to make an http request to this URL but the request failed without a response.\n\nWe received this error at the network level:\n\n  > Error: connect ECONNREFUSED 127.0.0.1:3000\n\nCommon situations why this would fail:\n  - you don't have internet access\n  - you forgot to run / boot your web server\n  - your web server isn't accessible\n  - you have weird network configuration settings on your computer\n\nThe stack trace for this error is:\n\nError: connect ECONNREFUSED 127.0.0.1:3000\n    at TCPConnectWrap.afterConnect [as oncomplete] (net.js:1056:14)\n",
                "estack": "CypressError: cy.visit() failed trying to load:\n\nhttp://localhost:3000/bebidas/178319/in-progress\n\nWe attempted to make an http request to this URL but the request failed without a response.\n\nWe received this error at the network level:\n\n  > Error: connect ECONNREFUSED 127.0.0.1:3000\n\nCommon situations why this would fail:\n  - you don't have internet access\n  - you forgot to run / boot your web server\n  - your web server isn't accessible\n  - you have weird network configuration settings on your computer\n\nThe stack trace for this error is:\n\nError: connect ECONNREFUSED 127.0.0.1:3000\n    at TCPConnectWrap.afterConnect [as oncomplete] (net.js:1056:14)\n\n    at Object.cypressErr (http://localhost:38767/__cypress/runner/cypress_runner.js:86207:11)\n    at Object.throwErr (http://localhost:38767/__cypress/runner/cypress_runner.js:86162:18)\n    at Object.throwErrByPath (http://localhost:38767/__cypress/runner/cypress_runner.js:86194:17)\n    at http://localhost:38767/__cypress/runner/cypress_runner.js:71500:31\n    at visitFailedByErr (http://localhost:38767/__cypress/runner/cypress_runner.js:71006:12)\n    at http://localhost:38767/__cypress/runner/cypress_runner.js:71499:22\n    at tryCatcher (http://localhost:38767/__cypress/runner/cypress_runner.js:120203:23)\n    at Promise._settlePromiseFromHandler (http://localhost:38767/__cypress/runner/cypress_runner.js:118139:31)\n    at Promise._settlePromise (http://localhost:38767/__cypress/runner/cypress_runner.js:118196:18)\n    at Promise._settlePromise0 (http://localhost:38767/__cypress/runner/cypress_runner.js:118241:10)\n    at Promise._settlePromises (http://localhost:38767/__cypress/runner/cypress_runner.js:118316:18)\n    at Async../node_modules/bluebird/js/release/async.js.Async._drainQueue (http://localhost:38767/__cypress/runner/cypress_runner.js:114928:16)\n    at Async../node_modules/bluebird/js/release/async.js.Async._drainQueues (http://localhost:38767/__cypress/runner/cypress_runner.js:114938:10)\n    at Async.drainQueues (http://localhost:38767/__cypress/runner/cypress_runner.js:114812:14)",
                "diff": null
              },
              "uuid": "4befcf30-7a52-4e3b-9550-079f5b5e9c3d",
              "parentUUID": "b74e0ec6-664f-4717-95aa-b667859b11af",
              "isHook": false,
              "skipped": false
            }
          ],
          "suites": [],
          "passes": [],
          "failures": [
            "d80c0f98-1164-4155-b740-398eb3143e79",
            "ac3d118f-f611-46f0-9cc1-accaebf73b25",
            "4004d69e-c14b-4ed6-b36e-77a7d26f8d31",
            "4befcf30-7a52-4e3b-9550-079f5b5e9c3d"
          ],
          "pending": [],
          "skipped": [],
          "duration": 2820,
          "root": false,
          "rootEmpty": false,
          "_timeout": 2000
        },
        {
          "uuid": "6a94c79b-f4af-4856-8633-2d18a696d534",
          "title": "Após clicar no botão \"Finalizar receita\", a rota deve mudar para a página de receitas feitas, cuja rota deve ser `/receitas-feitas`",
          "fullFile": "",
          "file": "",
          "beforeHooks": [],
          "afterHooks": [],
          "tests": [
            {
              "title": "redireciona após concluir uma receita de comida",
              "fullTitle": "Após clicar no botão \"Finalizar receita\", a rota deve mudar para a página de receitas feitas, cuja rota deve ser `/receitas-feitas` redireciona após concluir uma receita de comida",
              "timedOut": null,
              "duration": 712,
              "state": "failed",
              "speed": null,
              "pass": false,
              "fail": true,
              "pending": false,
              "context": null,
              "code": "cy.visit('http://localhost:3000/comidas/52771/in-progress', {\n  onBeforeLoad: function onBeforeLoad(win) {\n    win.fetch = fetchMock;\n  }\n});\ncy.get('[data-testid*=\"ingredient-step\"]').find('input[type=\"checkbox\"]').check();\ncy.get('[data-testid=\"finish-recipe-btn\"]').click();\ncy.location().should(function (loc) {\n  return expect(loc.pathname).to.eq('/receitas-feitas');\n});",
              "err": {
                "message": "CypressError: cy.visit() failed trying to load:\n\nhttp://localhost:3000/comidas/52771/in-progress\n\nWe attempted to make an http request to this URL but the request failed without a response.\n\nWe received this error at the network level:\n\n  > Error: connect ECONNREFUSED 127.0.0.1:3000\n\nCommon situations why this would fail:\n  - you don't have internet access\n  - you forgot to run / boot your web server\n  - your web server isn't accessible\n  - you have weird network configuration settings on your computer\n\nThe stack trace for this error is:\n\nError: connect ECONNREFUSED 127.0.0.1:3000\n    at TCPConnectWrap.afterConnect [as oncomplete] (net.js:1056:14)\n",
                "estack": "CypressError: cy.visit() failed trying to load:\n\nhttp://localhost:3000/comidas/52771/in-progress\n\nWe attempted to make an http request to this URL but the request failed without a response.\n\nWe received this error at the network level:\n\n  > Error: connect ECONNREFUSED 127.0.0.1:3000\n\nCommon situations why this would fail:\n  - you don't have internet access\n  - you forgot to run / boot your web server\n  - your web server isn't accessible\n  - you have weird network configuration settings on your computer\n\nThe stack trace for this error is:\n\nError: connect ECONNREFUSED 127.0.0.1:3000\n    at TCPConnectWrap.afterConnect [as oncomplete] (net.js:1056:14)\n\n    at Object.cypressErr (http://localhost:38767/__cypress/runner/cypress_runner.js:86207:11)\n    at Object.throwErr (http://localhost:38767/__cypress/runner/cypress_runner.js:86162:18)\n    at Object.throwErrByPath (http://localhost:38767/__cypress/runner/cypress_runner.js:86194:17)\n    at http://localhost:38767/__cypress/runner/cypress_runner.js:71500:31\n    at visitFailedByErr (http://localhost:38767/__cypress/runner/cypress_runner.js:71006:12)\n    at http://localhost:38767/__cypress/runner/cypress_runner.js:71499:22\n    at tryCatcher (http://localhost:38767/__cypress/runner/cypress_runner.js:120203:23)\n    at Promise._settlePromiseFromHandler (http://localhost:38767/__cypress/runner/cypress_runner.js:118139:31)\n    at Promise._settlePromise (http://localhost:38767/__cypress/runner/cypress_runner.js:118196:18)\n    at Promise._settlePromise0 (http://localhost:38767/__cypress/runner/cypress_runner.js:118241:10)\n    at Promise._settlePromises (http://localhost:38767/__cypress/runner/cypress_runner.js:118316:18)\n    at Async../node_modules/bluebird/js/release/async.js.Async._drainQueue (http://localhost:38767/__cypress/runner/cypress_runner.js:114928:16)\n    at Async../node_modules/bluebird/js/release/async.js.Async._drainQueues (http://localhost:38767/__cypress/runner/cypress_runner.js:114938:10)\n    at Async.drainQueues (http://localhost:38767/__cypress/runner/cypress_runner.js:114812:14)",
                "diff": null
              },
              "uuid": "8328c3c2-34d8-4e5e-8262-b92f1e554b22",
              "parentUUID": "6a94c79b-f4af-4856-8633-2d18a696d534",
              "isHook": false,
              "skipped": false
            },
            {
              "title": "redireciona após concluir uma receita de bebida",
              "fullTitle": "Após clicar no botão \"Finalizar receita\", a rota deve mudar para a página de receitas feitas, cuja rota deve ser `/receitas-feitas` redireciona após concluir uma receita de bebida",
              "timedOut": null,
              "duration": 708,
              "state": "failed",
              "speed": null,
              "pass": false,
              "fail": true,
              "pending": false,
              "context": null,
              "code": "cy.visit('http://localhost:3000/bebidas/178319/in-progress', {\n  onBeforeLoad: function onBeforeLoad(win) {\n    win.fetch = fetchMock;\n  }\n});\ncy.get('[data-testid*=\"ingredient-step\"]').find('input[type=\"checkbox\"]').check();\ncy.get('[data-testid=\"finish-recipe-btn\"]').click();\ncy.location().should(function (loc) {\n  return expect(loc.pathname).to.eq('/receitas-feitas');\n});",
              "err": {
                "message": "CypressError: cy.visit() failed trying to load:\n\nhttp://localhost:3000/bebidas/178319/in-progress\n\nWe attempted to make an http request to this URL but the request failed without a response.\n\nWe received this error at the network level:\n\n  > Error: connect ECONNREFUSED 127.0.0.1:3000\n\nCommon situations why this would fail:\n  - you don't have internet access\n  - you forgot to run / boot your web server\n  - your web server isn't accessible\n  - you have weird network configuration settings on your computer\n\nThe stack trace for this error is:\n\nError: connect ECONNREFUSED 127.0.0.1:3000\n    at TCPConnectWrap.afterConnect [as oncomplete] (net.js:1056:14)\n",
                "estack": "CypressError: cy.visit() failed trying to load:\n\nhttp://localhost:3000/bebidas/178319/in-progress\n\nWe attempted to make an http request to this URL but the request failed without a response.\n\nWe received this error at the network level:\n\n  > Error: connect ECONNREFUSED 127.0.0.1:3000\n\nCommon situations why this would fail:\n  - you don't have internet access\n  - you forgot to run / boot your web server\n  - your web server isn't accessible\n  - you have weird network configuration settings on your computer\n\nThe stack trace for this error is:\n\nError: connect ECONNREFUSED 127.0.0.1:3000\n    at TCPConnectWrap.afterConnect [as oncomplete] (net.js:1056:14)\n\n    at Object.cypressErr (http://localhost:38767/__cypress/runner/cypress_runner.js:86207:11)\n    at Object.throwErr (http://localhost:38767/__cypress/runner/cypress_runner.js:86162:18)\n    at Object.throwErrByPath (http://localhost:38767/__cypress/runner/cypress_runner.js:86194:17)\n    at http://localhost:38767/__cypress/runner/cypress_runner.js:71500:31\n    at visitFailedByErr (http://localhost:38767/__cypress/runner/cypress_runner.js:71006:12)\n    at http://localhost:38767/__cypress/runner/cypress_runner.js:71499:22\n    at tryCatcher (http://localhost:38767/__cypress/runner/cypress_runner.js:120203:23)\n    at Promise._settlePromiseFromHandler (http://localhost:38767/__cypress/runner/cypress_runner.js:118139:31)\n    at Promise._settlePromise (http://localhost:38767/__cypress/runner/cypress_runner.js:118196:18)\n    at Promise._settlePromise0 (http://localhost:38767/__cypress/runner/cypress_runner.js:118241:10)\n    at Promise._settlePromises (http://localhost:38767/__cypress/runner/cypress_runner.js:118316:18)\n    at Async../node_modules/bluebird/js/release/async.js.Async._drainQueue (http://localhost:38767/__cypress/runner/cypress_runner.js:114928:16)\n    at Async../node_modules/bluebird/js/release/async.js.Async._drainQueues (http://localhost:38767/__cypress/runner/cypress_runner.js:114938:10)\n    at Async.drainQueues (http://localhost:38767/__cypress/runner/cypress_runner.js:114812:14)",
                "diff": null
              },
              "uuid": "6330ec1b-9589-421b-a9b7-b7b3c3a39c11",
              "parentUUID": "6a94c79b-f4af-4856-8633-2d18a696d534",
              "isHook": false,
              "skipped": false
            }
          ],
          "suites": [],
          "passes": [],
          "failures": [
            "8328c3c2-34d8-4e5e-8262-b92f1e554b22",
            "6330ec1b-9589-421b-a9b7-b7b3c3a39c11"
          ],
          "pending": [],
          "skipped": [],
          "duration": 1420,
          "root": false,
          "rootEmpty": false,
          "_timeout": 2000
        }
      ],
      "passes": [],
      "failures": [],
      "pending": [],
      "skipped": [],
      "duration": 0,
      "root": true,
      "rootEmpty": true,
      "_timeout": 2000
    }
  ],
  "meta": {
    "mocha": {
      "version": "8.0.1"
    },
    "mochawesome": {
      "options": {
        "quiet": false,
        "reportFilename": "mochawesome",
        "saveHtml": false,
        "saveJson": true,
        "consoleReporter": "spec",
        "useInlineDiffs": false,
        "code": true
      },
      "version": "6.1.1"
    },
    "marge": {
      "options": {
        "id": "default",
        "reportDir": "cypress/reports",
        "overwrite": false,
        "html": false,
        "json": true
      },
      "version": "5.1.0"
    }
  }
}